#
# A fatal error has been detected by the Java Runtime Environment:
#
#  EXCEPTION_ACCESS_VIOLATION (0xc0000005) at pc=0x000000006cbb0dc1, pid=8088, tid=3300
#
# JRE version: 7.0_25-b17
# Java VM: Java HotSpot(TM) 64-Bit Server VM (23.25-b01 mixed mode windows-amd64 compressed oops)
# Problematic frame:
# C  0x000000006cbb0dc1
#
# Failed to write core dump. Minidumps are not enabled by default on client versions of Windows
#
# If you would like to submit a bug report, please visit:
#   http://bugreport.sun.com/bugreport/crash.jsp
# The crash happened outside the Java Virtual Machine in native code.
# See problematic frame for where to report the bug.
#

---------------  T H R E A D  ---------------

Current thread (0x0000000054d39000):  JavaThread "AWT-EventQueue-0" [_thread_in_native, id=3300, stack(0x000000009c000000,0x00000000a0000000)]

siginfo: ExceptionCode=0xc0000005, reading address 0x0000000000000330

Registers:
RAX=0x00000000000000cc, RBX=0x00000000ffcdcccc, RCX=0x00000000000000cc, RDX=0x0000000000000000
RSP=0x000000009fffc830, RBP=0x000000004902ce80, RSI=0x000000000000000e, RDI=0x0000000000000010
R8 =0x000000009fffc830, R9 =0x0000000000000000, R10=0x0000000056da0000, R11=0x00000000e9029cb0
R12=0x000000000000000f, R13=0x000000009fffcd80, R14=0x000000009fffcce0, R15=0x0000000000000000
RIP=0x000000006cbb0dc1, EFLAGS=0x0000000000010207

Top of Stack: (sp=0x000000009fffc830)
0x000000009fffc830:   ff000000ff000000 ff000000ff000000
0x000000009fffc840:   ff000000ff000000 ff000000ff000000
0x000000009fffc850:   ff000000ff000000 ff000000ff000000
0x000000009fffc860:   ff000000ff000000 ff000000ff000000
0x000000009fffc870:   ffffffffffffffff ffffffffffffffff
0x000000009fffc880:   ffffffffffffffff ffffffffffffffff
0x000000009fffc890:   ffffffffffffffff ffffffffffffffff
0x000000009fffc8a0:   ffffffffffffffff ffffffffffffffff
0x000000009fffc8b0:   ffffffffffffffff ffffffffffffffff
0x000000009fffc8c0:   ffffffffffffffff ffffffffffffffff
0x000000009fffc8d0:   ffffffffffffffff ffffffffffffffff
0x000000009fffc8e0:   ffffffffffffffff ffffffffffffffff
0x000000009fffc8f0:   ffffffffffffffff ffffffffffffffff
0x000000009fffc900:   ffffffffffffffff ffffffffffffffff
0x000000009fffc910:   ffffffffffffffff ffffffffffffffff
0x000000009fffc920:   ffffffffffffffff ffffffffffffffff 

Instructions: (pc=0x000000006cbb0dc1)
0x000000006cbb0da1:   d2 96 00 00 00 6b c0 1d 6b c9 4d 03 d1 8d 84 02
0x000000006cbb0db1:   80 00 00 00 99 0f b6 d2 03 c2 c1 f8 08 0f b6 c8
0x000000006cbb0dc1:   41 0f b6 04 8f 41 89 00 eb 07 41 c7 00 ff ff ff
0x000000006cbb0dd1:   ff 41 ff c1 49 83 c0 04 44 3b cf 72 a7 41 8b 4d 


Register to memory mapping:

RAX=0x00000000000000cc is an unknown value
RBX=0x00000000ffcdcccc is an unallocated location in the heap
RCX=0x00000000000000cc is an unknown value
RDX=0x0000000000000000 is an unknown value
RSP=0x000000009fffc830 is pointing into the stack for thread: 0x0000000054d39000
RBP=0x000000004902ce80 is pointing into the stack for thread: 0x0000000025e00000
RSI=0x000000000000000e is an unknown value
RDI=0x0000000000000010 is an unknown value
R8 =0x000000009fffc830 is pointing into the stack for thread: 0x0000000054d39000
R9 =0x0000000000000000 is an unknown value
R10=0x0000000056da0000 is an unknown value
R11=0x00000000e9029cb0 is an oop
[B 
 - klass: {type array byte}
 - length: 225
R12=0x000000000000000f is an unknown value
R13=0x000000009fffcd80 is pointing into the stack for thread: 0x0000000054d39000
R14=0x000000009fffcce0 is pointing into the stack for thread: 0x0000000054d39000
R15=0x0000000000000000 is an unknown value


Stack: [0x000000009c000000,0x00000000a0000000],  sp=0x000000009fffc830,  free space=65522k
Native frames: (J=compiled Java code, j=interpreted, Vv=VM code, C=native code)
C  0x000000006cbb0dc1

[error occurred during error reporting (printing native stack), id 0xc0000005]

Java frames: (J=compiled Java code, j=interpreted, Vv=VM code)
J  sun.java2d.loops.Blit.Blit(Lsun/java2d/SurfaceData;Lsun/java2d/SurfaceData;Ljava/awt/Composite;Lsun/java2d/pipe/Region;IIIIII)V
J  sun.java2d.pipe.DrawImage.copyImage(Lsun/java2d/SunGraphics2D;Ljava/awt/Image;IILjava/awt/Color;Ljava/awt/image/ImageObserver;)Z
J  sun.java2d.SunGraphics2D.drawImage(Ljava/awt/Image;IILjava/awt/Color;Ljava/awt/image/ImageObserver;)Z
J  sun.java2d.pipe.DrawImage.copyImage(Lsun/java2d/SunGraphics2D;Ljava/awt/Image;IILjava/awt/Color;Ljava/awt/image/ImageObserver;)Z
J  sun.java2d.SunGraphics2D.drawImage(Ljava/awt/Image;IILjava/awt/Color;Ljava/awt/image/ImageObserver;)Z
j  sun.java2d.SunGraphics2D.drawImage(Ljava/awt/Image;IILjava/awt/image/ImageObserver;)Z+7
j  javax.swing.ImageIcon.paintIcon(Ljava/awt/Component;Ljava/awt/Graphics;II)V+16
j  com.mathworks.toolbox.distcomp.ui.desk.ParallelStatusIndicator$PoolIconDecorator.paintIcon(Ljava/awt/Component;Ljava/awt/Graphics;II)V+109
j  javax.swing.plaf.basic.BasicButtonUI.paintIcon(Ljava/awt/Graphics;Ljavax/swing/JComponent;Ljava/awt/Rectangle;)V+275
j  javax.swing.plaf.basic.BasicButtonUI.paint(Ljava/awt/Graphics;Ljavax/swing/JComponent;)V+74
j  com.sun.java.swing.plaf.windows.WindowsButtonUI.paint(Ljava/awt/Graphics;Ljavax/swing/JComponent;)V+14
j  javax.swing.plaf.ComponentUI.update(Ljava/awt/Graphics;Ljavax/swing/JComponent;)V+32
j  javax.swing.JComponent.paintComponent(Ljava/awt/Graphics;)V+26
J  javax.swing.JComponent.paint(Ljava/awt/Graphics;)V
J  javax.swing.JComponent.paintChildren(Ljava/awt/Graphics;)V
J  javax.swing.JComponent.paint(Ljava/awt/Graphics;)V
J  javax.swing.JComponent.paintChildren(Ljava/awt/Graphics;)V
J  javax.swing.JComponent.paint(Ljava/awt/Graphics;)V
J  javax.swing.JComponent.paintChildren(Ljava/awt/Graphics;)V
J  javax.swing.JComponent.paint(Ljava/awt/Graphics;)V
J  javax.swing.JComponent.paintChildren(Ljava/awt/Graphics;)V
J  javax.swing.JComponent.paint(Ljava/awt/Graphics;)V
J  javax.swing.JComponent.paintChildren(Ljava/awt/Graphics;)V
J  javax.swing.JComponent.paint(Ljava/awt/Graphics;)V
j  java.awt.GraphicsCallback$PaintCallback.run(Ljava/awt/Component;Ljava/awt/Graphics;)V+2
j  sun.awt.SunGraphicsCallback.runOneComponent(Ljava/awt/Component;Ljava/awt/Rectangle;Ljava/awt/Graphics;Ljava/awt/Shape;I)V+155
j  sun.awt.SunGraphicsCallback.runComponents([Ljava/awt/Component;Ljava/awt/Graphics;I)V+194
j  java.awt.Container.paint(Ljava/awt/Graphics;)V+58
j  sun.awt.RepaintArea.paintComponent(Ljava/awt/Component;Ljava/awt/Graphics;)V+6
j  sun.awt.RepaintArea.paint(Ljava/lang/Object;Z)V+326
j  sun.awt.windows.WComponentPeer.handleEvent(Ljava/awt/AWTEvent;)V+155
j  java.awt.Component.dispatchEventImpl(Ljava/awt/AWTEvent;)V+869
j  java.awt.Container.dispatchEventImpl(Ljava/awt/AWTEvent;)V+42
j  java.awt.Component.dispatchEvent(Ljava/awt/AWTEvent;)V+2
j  java.awt.EventQueue.dispatchEventImpl(Ljava/awt/AWTEvent;Ljava/lang/Object;)V+41
j  java.awt.EventQueue.access$200(Ljava/awt/EventQueue;Ljava/awt/AWTEvent;Ljava/lang/Object;)V+3
J  java.awt.EventQueue$3.run()Ljava/lang/Object;
v  ~StubRoutines::call_stub
J  java.security.AccessController.doPrivileged(Ljava/security/PrivilegedAction;Ljava/security/AccessControlContext;)Ljava/lang/Object;
J  java.security.ProtectionDomain$1.doIntersectionPrivilege(Ljava/security/PrivilegedAction;Ljava/security/AccessControlContext;Ljava/security/AccessControlContext;)Ljava/lang/Object;
j  java.security.ProtectionDomain$1.doIntersectionPrivilege(Ljava/security/PrivilegedAction;Ljava/security/AccessControlContext;)Ljava/lang/Object;+6
j  java.awt.EventQueue$4.run()Ljava/lang/Void;+11
j  java.awt.EventQueue$4.run()Ljava/lang/Object;+1
v  ~StubRoutines::call_stub
J  java.security.AccessController.doPrivileged(Ljava/security/PrivilegedAction;Ljava/security/AccessControlContext;)Ljava/lang/Object;
J  java.awt.EventDispatchThread.pumpOneEventForFilters(I)V
J  java.awt.EventDispatchThread.pumpEventsForFilter(ILjava/awt/Conditional;Ljava/awt/EventFilter;)V
j  java.awt.EventDispatchThread.pumpEventsForHierarchy(ILjava/awt/Conditional;Ljava/awt/Component;)V+11
j  java.awt.EventDispatchThread.pumpEvents(ILjava/awt/Conditional;)V+4
j  java.awt.EventDispatchThread.pumpEvents(Ljava/awt/Conditional;)V+3
j  java.awt.EventDispatchThread.run()V+9
v  ~StubRoutines::call_stub

---------------  P R O C E S S  ---------------

Java Threads: ( => current thread )
  0x000000005b6a8800 JavaThread "Code Analyzer updating thread" [_thread_blocked, id=7888, stack(0x000000014c030000,0x0000000150030000)]
  0x000000005b6a8000 JavaThread "Code Analyzer updating thread" [_thread_blocked, id=4812, stack(0x0000000148030000,0x000000014c030000)]
  0x000000005a941000 JavaThread "Code Analyzer updating thread" [_thread_blocked, id=12692, stack(0x0000000144030000,0x0000000148030000)]
  0x000000005a940800 JavaThread "Code Analyzer updating thread" [_thread_blocked, id=5104, stack(0x0000000140030000,0x0000000144030000)]
  0x000000005a93f800 JavaThread "Code Analyzer updating thread" [_thread_blocked, id=6988, stack(0x000000013c000000,0x0000000140000000)]
  0x000000005a93f000 JavaThread "Code Analyzer updating thread" [_thread_blocked, id=9372, stack(0x0000000138000000,0x000000013c000000)]
  0x000000005a93e000 JavaThread "Code Analyzer updating thread" [_thread_blocked, id=10024, stack(0x0000000134000000,0x0000000138000000)]
  0x000000005a93d800 JavaThread "Code Analyzer updating thread" [_thread_blocked, id=11080, stack(0x0000000130000000,0x0000000134000000)]
  0x000000005a93c800 JavaThread "Code Analyzer updating thread" [_thread_blocked, id=12008, stack(0x000000012c000000,0x0000000130000000)]
  0x000000005a93c000 JavaThread "Code Analyzer updating thread" [_thread_blocked, id=11332, stack(0x0000000128000000,0x000000012c000000)]
  0x000000005a93b000 JavaThread "Code Analyzer updating thread" [_thread_blocked, id=1304, stack(0x0000000124000000,0x0000000128000000)]
  0x000000005a93a000 JavaThread "Code Analyzer updating thread" [_thread_blocked, id=11988, stack(0x0000000120000000,0x0000000124000000)]
  0x0000000054d47800 JavaThread "Code Analyzer updating thread" [_thread_blocked, id=4608, stack(0x000000011c000000,0x0000000120000000)]
  0x0000000054d46800 JavaThread "Code Analyzer updating thread" [_thread_blocked, id=12284, stack(0x0000000118000000,0x000000011c000000)]
  0x0000000054d46000 JavaThread "Code Analyzer updating thread" [_thread_blocked, id=10476, stack(0x0000000114000000,0x0000000118000000)]
  0x0000000054d45000 JavaThread "Code Analyzer updating thread" [_thread_blocked, id=8360, stack(0x0000000110000000,0x0000000114000000)]
  0x0000000054d3d000 JavaThread "Code Analyzer updating thread" [_thread_blocked, id=11404, stack(0x000000010c000000,0x0000000110000000)]
  0x0000000054d3e800 JavaThread "Code Analyzer updating thread" [_thread_blocked, id=10280, stack(0x0000000108000000,0x000000010c000000)]
  0x0000000054d41800 JavaThread "Code Analyzer updating thread" [_thread_blocked, id=9692, stack(0x0000000104000000,0x0000000108000000)]
  0x0000000054d43000 JavaThread "Active Reference Queue Daemon" daemon [_thread_blocked, id=8144, stack(0x0000000100000000,0x0000000104000000)]
  0x0000000054d40800 JavaThread "Timer-1" daemon [_thread_blocked, id=11068, stack(0x00000000dc000000,0x00000000e0000000)]
  0x0000000054d42000 JavaThread "ClipboardMonitor Timer" daemon [_thread_blocked, id=1900, stack(0x00000000d8000000,0x00000000dc000000)]
  0x0000000054d3f000 JavaThread "Explorer NavigationContext request queue" daemon [_thread_blocked, id=13476, stack(0x00000000d0000000,0x00000000d4000000)]
  0x0000000054d3b800 JavaThread "AddressBar directory emptiness poller" daemon [_thread_blocked, id=3556, stack(0x00000000c8000000,0x00000000cc000000)]
  0x0000000054d3c000 JavaThread "Explorer Refresh Service 1798495726" daemon [_thread_blocked, id=12760, stack(0x00000000c4000000,0x00000000c8000000)]
  0x0000000054d3a800 JavaThread "Thread-4" daemon [_thread_blocked, id=4292, stack(0x00000000c0000000,0x00000000c4000000)]
  0x0000000054d43800 JavaThread "TimerQueue" daemon [_thread_blocked, id=1044, stack(0x00000000b0000000,0x00000000b4000000)]
  0x0000000054d3a000 JavaThread "Thread-3" daemon [_thread_blocked, id=13796, stack(0x00000000a0000000,0x00000000a4000000)]
=>0x0000000054d39000 JavaThread "AWT-EventQueue-0" [_thread_in_native, id=3300, stack(0x000000009c000000,0x00000000a0000000)]
  0x0000000054d38800 JavaThread "AWT-Shutdown" [_thread_blocked, id=7336, stack(0x000000008c000000,0x0000000090000000)]
  0x0000000054a54800 JavaThread "FelixPackageAdmin" daemon [_thread_blocked, id=13900, stack(0x00000000ac000000,0x00000000b0000000)]
  0x000000005490f800 JavaThread "FelixStartLevel" daemon [_thread_blocked, id=12596, stack(0x00000000a8000000,0x00000000ac000000)]
  0x0000000054a5a800 JavaThread "FelixDispatchQueue" daemon [_thread_blocked, id=11172, stack(0x00000000a4000000,0x00000000a8000000)]
  0x00000000545bb000 JavaThread "com.google.common.base.internal.Finalizer" daemon [_thread_blocked, id=8416, stack(0x0000000098000000,0x000000009c000000)]
  0x00000000543fd800 JavaThread "AWT-Windows" daemon [_thread_in_native, id=12056, stack(0x0000000090000000,0x0000000094000000)]
  0x000000005457c000 JavaThread "Java2D Disposer" daemon [_thread_blocked, id=4652, stack(0x0000000088000000,0x000000008c000000)]
  0x00000000543e6800 JavaThread "Timer-0" [_thread_blocked, id=9000, stack(0x0000000084000000,0x0000000088000000)]
  0x00000000543c1000 JavaThread "EventMgr Dispatcher" daemon [_thread_in_native, id=11752, stack(0x0000000080000000,0x0000000084000000)]
  0x0000000025e90800 JavaThread "Service Thread" daemon [_thread_blocked, id=10628, stack(0x0000000070000000,0x0000000074000000)]
  0x0000000025e8f800 JavaThread "C2 CompilerThread1" daemon [_thread_blocked, id=12804, stack(0x0000000062920000,0x0000000066920000)]
  0x0000000025e8e000 JavaThread "C2 CompilerThread0" daemon [_thread_blocked, id=9016, stack(0x000000005c680000,0x0000000060680000)]
  0x0000000025e8a000 JavaThread "Attach Listener" daemon [_thread_blocked, id=11872, stack(0x0000000050010000,0x0000000054010000)]
  0x0000000025e06000 JavaThread "Finalizer" daemon [_thread_blocked, id=7216, stack(0x000000004bf50000,0x000000004ff50000)]
  0x0000000025e00000 JavaThread "Reference Handler" daemon [_thread_blocked, id=9336, stack(0x0000000047f50000,0x000000004bf50000)]
  0x000000000f1df000 JavaThread "main" [_thread_in_native, id=7284, stack(0x0000000000030000,0x0000000004030000)]

Other Threads:
  0x0000000025dfd800 VMThread [stack: 0x0000000043f50000,0x0000000047f50000] [id=5080]
  0x0000000025f94000 WatcherThread [stack: 0x0000000079eb0000,0x000000007deb0000] [id=7208]

VM state:not at safepoint (normal execution)

VM Mutex/Monitor currently owned by a thread: None

Heap
 PSYoungGen      total 15936K, used 9269K [0x00000000fa000000, 0x00000000fb000000, 0x0000000100000000)
  eden space 15488K, 57% used [0x00000000fa000000,0x00000000fa8c56b8,0x00000000faf20000)
  from space 448K, 64% used [0x00000000faf90000,0x00000000fafd8000,0x00000000fb000000)
  to   space 448K, 0% used [0x00000000faf20000,0x00000000faf20000,0x00000000faf90000)
 ParOldGen       total 115072K, used 89001K [0x00000000e8000000, 0x00000000ef060000, 0x00000000fa000000)
  object space 115072K, 77% used [0x00000000e8000000,0x00000000ed6ea548,0x00000000ef060000)
 PSPermGen       total 112640K, used 58369K [0x00000000e0000000, 0x00000000e6e00000, 0x00000000e8000000)
  object space 112640K, 51% used [0x00000000e0000000,0x00000000e39006f0,0x00000000e6e00000)

Card table byte_map: [0x00000000293f0000,0x0000000029500000] byte_map_base: 0x0000000028cf0000

Polling page: 0x0000000008f70000

Code Cache  [0x00000000263f0000, 0x0000000026980000, 0x00000000293f0000)
 total_blobs=2317 nmethods=1659 adapters=607 free_code_cache=43595Kb largest_free_block=44542848

Compilation events (10 events):
Event: 13391.591 Thread 0x0000000025e8f800 nmethod 1785 0x000000002692dd90 code [0x000000002692dee0, 0x000000002692e278]
Event: 13391.591 Thread 0x0000000025e8f800 1787             sun.font.GlyphList::dispose (45 bytes)
Event: 13391.592 Thread 0x0000000025e8f800 nmethod 1787 0x0000000026961390 code [0x00000000269614c0, 0x0000000026961558]
Event: 13391.605 Thread 0x0000000025e8e000 nmethod 1786 0x0000000026968410 code [0x0000000026968680, 0x00000000269693f8]
Event: 13400.359 Thread 0x0000000025e8f800 1788             com.mathworks.widgets.text.matlab.MatlabState::getMatlabStateInstance (253 bytes)
Event: 13400.375 Thread 0x0000000025e8f800 nmethod 1788 0x0000000026966ad0 code [0x0000000026966c80, 0x0000000026967868]
Event: 13400.563 Thread 0x0000000025e8e000 1790             javax.swing.JComponent::paintBorder (28 bytes)
Event: 13400.564 Thread 0x0000000025e8e000 nmethod 1790 0x0000000026961110 code [0x0000000026961260, 0x00000000269612f8]
Event: 13402.211 Thread 0x0000000025e8f800 1791             java.awt.geom.AffineTransform::transform (634 bytes)
Event: 13402.236 Thread 0x0000000025e8f800 nmethod 1791 0x0000000026884d10 code [0x0000000026884e80, 0x00000000268860e8]

GC Heap History (10 events):
Event: 13324.534 GC heap before
{Heap before GC invocations=277 (full 3):
 PSYoungGen      total 15872K, used 15648K [0x00000000fa000000, 0x00000000fb000000, 0x0000000100000000)
  eden space 15360K, 100% used [0x00000000fa000000,0x00000000faf00000,0x00000000faf00000)
  from space 512K, 56% used [0x00000000faf00000,0x00000000faf48000,0x00000000faf80000)
  to   space 512K, 0% used [0x00000000faf80000,0x00000000faf80000,0x00000000fb000000)
 ParOldGen       total 115072K, used 77699K [0x00000000e8000000, 0x00000000ef060000, 0x00000000fa000000)
  object space 115072K, 67% used [0x00000000e8000000,0x00000000ecbe0f08,0x00000000ef060000)
 PSPermGen       total 112640K, used 58367K [0x00000000e0000000, 0x00000000e6e00000, 0x00000000e8000000)
  object space 112640K, 51% used [0x00000000e0000000,0x00000000e38ffd58,0x00000000e6e00000)
Event: 13324.537 GC heap after
Heap after GC invocations=277 (full 3):
 PSYoungGen      total 15936K, used 224K [0x00000000fa000000, 0x00000000fb000000, 0x0000000100000000)
  eden space 15424K, 0% used [0x00000000fa000000,0x00000000fa000000,0x00000000faf10000)
  from space 512K, 43% used [0x00000000faf80000,0x00000000fafb8000,0x00000000fb000000)
  to   space 448K, 0% used [0x00000000faf10000,0x00000000faf10000,0x00000000faf80000)
 ParOldGen       total 115072K, used 77699K [0x00000000e8000000, 0x00000000ef060000, 0x00000000fa000000)
  object space 115072K, 67% used [0x00000000e8000000,0x00000000ecbe0f08,0x00000000ef060000)
 PSPermGen       total 112640K, used 58367K [0x00000000e0000000, 0x00000000e6e00000, 0x00000000e8000000)
  object space 112640K, 51% used [0x00000000e0000000,0x00000000e38ffd58,0x00000000e6e00000)
}
Event: 13348.535 GC heap before
{Heap before GC invocations=278 (full 3):
 PSYoungGen      total 15936K, used 15648K [0x00000000fa000000, 0x00000000fb000000, 0x0000000100000000)
  eden space 15424K, 100% used [0x00000000fa000000,0x00000000faf10000,0x00000000faf10000)
  from space 512K, 43% used [0x00000000faf80000,0x00000000fafb8000,0x00000000fb000000)
  to   space 448K, 0% used [0x00000000faf10000,0x00000000faf10000,0x00000000faf80000)
 ParOldGen       total 115072K, used 77699K [0x00000000e8000000, 0x00000000ef060000, 0x00000000fa000000)
  object space 115072K, 67% used [0x00000000e8000000,0x00000000ecbe0f08,0x00000000ef060000)
 PSPermGen       total 112640K, used 58367K [0x00000000e0000000, 0x00000000e6e00000, 0x00000000e8000000)
  object space 112640K, 51% used [0x00000000e0000000,0x00000000e38ffd58,0x00000000e6e00000)
Event: 13348.538 GC heap after
Heap after GC invocations=278 (full 3):
 PSYoungGen      total 15872K, used 288K [0x00000000fa000000, 0x00000000fb000000, 0x0000000100000000)
  eden space 15424K, 0% used [0x00000000fa000000,0x00000000fa000000,0x00000000faf10000)
  from space 448K, 64% used [0x00000000faf10000,0x00000000faf58000,0x00000000faf80000)
  to   space 448K, 0% used [0x00000000faf90000,0x00000000faf90000,0x00000000fb000000)
 ParOldGen       total 115072K, used 77699K [0x00000000e8000000, 0x00000000ef060000, 0x00000000fa000000)
  object space 115072K, 67% used [0x00000000e8000000,0x00000000ecbe0f08,0x00000000ef060000)
 PSPermGen       total 112640K, used 58367K [0x00000000e0000000, 0x00000000e6e00000, 0x00000000e8000000)
  object space 112640K, 51% used [0x00000000e0000000,0x00000000e38ffd58,0x00000000e6e00000)
}
Event: 13375.534 GC heap before
{Heap before GC invocations=279 (full 3):
 PSYoungGen      total 15872K, used 15712K [0x00000000fa000000, 0x00000000fb000000, 0x0000000100000000)
  eden space 15424K, 100% used [0x00000000fa000000,0x00000000faf10000,0x00000000faf10000)
  from space 448K, 64% used [0x00000000faf10000,0x00000000faf58000,0x00000000faf80000)
  to   space 448K, 0% used [0x00000000faf90000,0x00000000faf90000,0x00000000fb000000)
 ParOldGen       total 115072K, used 77699K [0x00000000e8000000, 0x00000000ef060000, 0x00000000fa000000)
  object space 115072K, 67% used [0x00000000e8000000,0x00000000ecbe0f08,0x00000000ef060000)
 PSPermGen       total 112640K, used 58367K [0x00000000e0000000, 0x00000000e6e00000, 0x00000000e8000000)
  object space 112640K, 51% used [0x00000000e0000000,0x00000000e38ffd58,0x00000000e6e00000)
Event: 13375.536 GC heap after
Heap after GC invocations=279 (full 3):
 PSYoungGen      total 15936K, used 256K [0x00000000fa000000, 0x00000000fb000000, 0x0000000100000000)
  eden space 15488K, 0% used [0x00000000fa000000,0x00000000fa000000,0x00000000faf20000)
  from space 448K, 57% used [0x00000000faf90000,0x00000000fafd0000,0x00000000fb000000)
  to   space 448K, 0% used [0x00000000faf20000,0x00000000faf20000,0x00000000faf90000)
 ParOldGen       total 115072K, used 77699K [0x00000000e8000000, 0x00000000ef060000, 0x00000000fa000000)
  object space 115072K, 67% used [0x00000000e8000000,0x00000000ecbe0f08,0x00000000ef060000)
 PSPermGen       total 112640K, used 58367K [0x00000000e0000000, 0x00000000e6e00000, 0x00000000e8000000)
  object space 112640K, 51% used [0x00000000e0000000,0x00000000e38ffd58,0x00000000e6e00000)
}
Event: 13387.131 GC heap before
{Heap before GC invocations=280 (full 3):
 PSYoungGen      total 15936K, used 15744K [0x00000000fa000000, 0x00000000fb000000, 0x0000000100000000)
  eden space 15488K, 100% used [0x00000000fa000000,0x00000000faf20000,0x00000000faf20000)
  from space 448K, 57% used [0x00000000faf90000,0x00000000fafd0000,0x00000000fb000000)
  to   space 448K, 0% used [0x00000000faf20000,0x00000000faf20000,0x00000000faf90000)
 ParOldGen       total 115072K, used 77699K [0x00000000e8000000, 0x00000000ef060000, 0x00000000fa000000)
  object space 115072K, 67% used [0x00000000e8000000,0x00000000ecbe0f08,0x00000000ef060000)
 PSPermGen       total 112640K, used 58367K [0x00000000e0000000, 0x00000000e6e00000, 0x00000000e8000000)
  object space 112640K, 51% used [0x00000000e0000000,0x00000000e38ffd58,0x00000000e6e00000)
Event: 13387.135 GC heap after
Heap after GC invocations=280 (full 3):
 PSYoungGen      total 15936K, used 288K [0x00000000fa000000, 0x00000000fb000000, 0x0000000100000000)
  eden space 15488K, 0% used [0x00000000fa000000,0x00000000fa000000,0x00000000faf20000)
  from space 448K, 64% used [0x00000000faf20000,0x00000000faf68000,0x00000000faf90000)
  to   space 448K, 0% used [0x00000000faf90000,0x00000000faf90000,0x00000000fb000000)
 ParOldGen       total 115072K, used 89001K [0x00000000e8000000, 0x00000000ef060000, 0x00000000fa000000)
  object space 115072K, 77% used [0x00000000e8000000,0x00000000ed6ea548,0x00000000ef060000)
 PSPermGen       total 112640K, used 58367K [0x00000000e0000000, 0x00000000e6e00000, 0x00000000e8000000)
  object space 112640K, 51% used [0x00000000e0000000,0x00000000e38ffd58,0x00000000e6e00000)
}
Event: 13396.533 GC heap before
{Heap before GC invocations=281 (full 3):
 PSYoungGen      total 15936K, used 15776K [0x00000000fa000000, 0x00000000fb000000, 0x0000000100000000)
  eden space 15488K, 100% used [0x00000000fa000000,0x00000000faf20000,0x00000000faf20000)
  from space 448K, 64% used [0x00000000faf20000,0x00000000faf68000,0x00000000faf90000)
  to   space 448K, 0% used [0x00000000faf90000,0x00000000faf90000,0x00000000fb000000)
 ParOldGen       total 115072K, used 89001K [0x00000000e8000000, 0x00000000ef060000, 0x00000000fa000000)
  object space 115072K, 77% used [0x00000000e8000000,0x00000000ed6ea548,0x00000000ef060000)
 PSPermGen       total 112640K, used 58368K [0x00000000e0000000, 0x00000000e6e00000, 0x00000000e8000000)
  object space 112640K, 51% used [0x00000000e0000000,0x00000000e3900248,0x00000000e6e00000)
Event: 13396.535 GC heap after
Heap after GC invocations=281 (full 3):
 PSYoungGen      total 15936K, used 288K [0x00000000fa000000, 0x00000000fb000000, 0x0000000100000000)
  eden space 15488K, 0% used [0x00000000fa000000,0x00000000fa000000,0x00000000faf20000)
  from space 448K, 64% used [0x00000000faf90000,0x00000000fafd8000,0x00000000fb000000)
  to   space 448K, 0% used [0x00000000faf20000,0x00000000faf20000,0x00000000faf90000)
 ParOldGen       total 115072K, used 89001K [0x00000000e8000000, 0x00000000ef060000, 0x00000000fa000000)
  object space 115072K, 77% used [0x00000000e8000000,0x00000000ed6ea548,0x00000000ef060000)
 PSPermGen       total 112640K, used 58368K [0x00000000e0000000, 0x00000000e6e00000, 0x00000000e8000000)
  object space 112640K, 51% used [0x00000000e0000000,0x00000000e3900248,0x00000000e6e00000)
}

Deoptimization events (10 events):
Event: 294.206 Thread 0x0000000054d39000 Uncommon trap 151 fr.pc 0x0000000026884e54
Event: 294.206 Thread 0x0000000054d39000 Uncommon trap -34 fr.pc 0x000000002673dcd4
Event: 294.206 Thread 0x0000000054d39000 Uncommon trap -34 fr.pc 0x000000002673dcd4
Event: 294.206 Thread 0x0000000054d39000 Uncommon trap -34 fr.pc 0x000000002673dcd4
Event: 294.206 Thread 0x0000000054d39000 Uncommon trap -34 fr.pc 0x000000002673dcd4
Event: 304.270 Thread 0x0000000054d39000 Uncommon trap -83 fr.pc 0x00000000268a0528
Event: 1559.002 Thread 0x0000000025e00000 Uncommon trap -34 fr.pc 0x000000002654e098
Event: 1784.624 Thread 0x0000000054d39000 Uncommon trap -12 fr.pc 0x0000000026836968
Event: 2385.149 Thread 0x0000000054d39000 Uncommon trap -12 fr.pc 0x0000000026901108
Event: 12181.401 Thread 0x0000000054d39000 Uncommon trap -12 fr.pc 0x00000000269587f8

Internal exceptions (10 events):
Event: 283.295 Thread 0x000000000f1df000 Threw 0x00000000fc686848 at C:\jdk7u2_64p\jdk7u25\hotspot\src\share\vm\prims\jvm.cpp:1235
Event: 287.223 Thread 0x000000000f1df000 Threw 0x00000000fd591ba0 at C:\jdk7u2_64p\jdk7u25\hotspot\src\share\vm\prims\jvm.cpp:1235
Event: 287.241 Thread 0x0000000054d39000 Threw 0x00000000fdf44158 at C:\jdk7u2_64p\jdk7u25\hotspot\src\share\vm\prims\jvm.cpp:1235
Event: 287.242 Thread 0x0000000054d39000 Threw 0x00000000fdf67538 at C:\jdk7u2_64p\jdk7u25\hotspot\src\share\vm\prims\jvm.cpp:1235
Event: 287.243 Thread 0x0000000054d39000 Implicit null exception at 0x000000002684c28d to 0x000000002684e2d1
Event: 287.243 Thread 0x0000000054d39000 Implicit null exception at 0x000000002667d747 to 0x000000002667d9e5
Event: 287.243 Thread 0x0000000054d39000 Implicit null exception at 0x000000002669811d to 0x0000000026698175
Event: 1784.624 Thread 0x0000000054d39000 Implicit null exception at 0x0000000026836242 to 0x0000000026836925
Event: 2385.149 Thread 0x0000000054d39000 Implicit null exception at 0x00000000269009c0 to 0x00000000269010f9
Event: 12181.401 Thread 0x0000000054d39000 Implicit null exception at 0x0000000026958688 to 0x00000000269587e9

Events (10 events):
Event: 13396.533 Executing VM operation: ParallelGCFailedAllocation
Event: 13396.535 Executing VM operation: ParallelGCFailedAllocation done
Event: 13400.376 Thread 0x000000005b6ae000 Thread added: 0x000000005b6ae000
Event: 13400.385 Executing VM operation: RevokeBias
Event: 13400.385 Executing VM operation: RevokeBias done
Event: 13400.385 Thread 0x000000005b6ae000 Thread exited: 0x000000005b6ae000
Event: 13402.192 Thread 0x000000005b6ae000 Thread added: 0x000000005b6ae000
Event: 13402.316 Executing VM operation: RevokeBias
Event: 13402.317 Executing VM operation: RevokeBias done
Event: 13402.317 Thread 0x000000005b6ae000 Thread exited: 0x000000005b6ae000


Dynamic libraries:
0x0000000140000000 - 0x0000000140029000 	C:\Program Files\MATLAB\R2013b\bin\win64\MATLAB.exe
0x0000000077590000 - 0x0000000077739000 	C:\Windows\SYSTEM32\ntdll.dll
0x0000000077230000 - 0x000000007734f000 	C:\Windows\system32\kernel32.dll
0x000007fefd540000 - 0x000007fefd5ab000 	C:\Windows\system32\KERNELBASE.dll
0x000000006f060000 - 0x000000006f3dc000 	C:\Program Files\MATLAB\R2013b\bin\win64\libmwservices.dll
0x000000006fe80000 - 0x000000006ff56000 	C:\Program Files\MATLAB\R2013b\bin\win64\libmwi18n.dll
0x000000006fe70000 - 0x000000006fe7d000 	C:\Program Files\MATLAB\R2013b\bin\win64\libmwresource_core.dll
0x0000000062370000 - 0x0000000062408000 	C:\Program Files\MATLAB\R2013b\bin\win64\MSVCP100.dll
0x0000000079090000 - 0x0000000079162000 	C:\Program Files\MATLAB\R2013b\bin\win64\MSVCR100.dll
0x0000000062910000 - 0x000000006291e000 	C:\Program Files\MATLAB\R2013b\bin\win64\boost_date_time-vc100-mt-1_49.dll
0x000000005a750000 - 0x000000005a77c000 	C:\Program Files\MATLAB\R2013b\bin\win64\boost_filesystem-vc100-mt-1_49.dll
0x0000000062900000 - 0x0000000062909000 	C:\Program Files\MATLAB\R2013b\bin\win64\boost_system-vc100-mt-1_49.dll
0x000007fefdfa0000 - 0x000007fefe07b000 	C:\Windows\system32\ADVAPI32.dll
0x000007feff140000 - 0x000007feff1df000 	C:\Windows\system32\msvcrt.dll
0x000007fefdcd0000 - 0x000007fefdcef000 	C:\Windows\SYSTEM32\sechost.dll
0x000007feff530000 - 0x000007feff65d000 	C:\Windows\system32\RPCRT4.dll
0x0000000077ca0000 - 0x0000000077cc5000 	C:\Program Files\MATLAB\R2013b\bin\win64\LIBEXPAT.dll
0x0000000004230000 - 0x00000000043ba000 	C:\Program Files\MATLAB\R2013b\bin\win64\icuin49.dll
0x000000006f7d0000 - 0x000000006f90e000 	C:\Program Files\MATLAB\R2013b\bin\win64\icuuc49.dll
0x000000000f460000 - 0x0000000010582000 	C:\Program Files\MATLAB\R2013b\bin\win64\icudt49.dll
0x000000005c670000 - 0x000000005c680000 	C:\Program Files\MATLAB\R2013b\bin\win64\icuio49.dll
0x00000000043c0000 - 0x000000000447b000 	C:\Program Files\MATLAB\R2013b\bin\win64\libut.dll
0x000000006f960000 - 0x000000006fb07000 	C:\Program Files\MATLAB\R2013b\bin\win64\libmwfl.dll
0x0000000004480000 - 0x000000000488f000 	C:\Program Files\MATLAB\R2013b\bin\win64\libmwMATLAB_res.dll
0x0000000004890000 - 0x000000000496f000 	C:\Program Files\MATLAB\R2013b\bin\win64\boost_regex-vc100-mt-1_49.dll
0x0000000077350000 - 0x000000007744a000 	C:\Windows\system32\USER32.dll
0x000007fefe080000 - 0x000007fefe0e7000 	C:\Windows\system32\GDI32.dll
0x000007feff130000 - 0x000007feff13e000 	C:\Windows\system32\LPK.dll
0x000007fefdb50000 - 0x000007fefdc19000 	C:\Windows\system32\USP10.dll
0x000000005a730000 - 0x000000005a741000 	C:\Program Files\MATLAB\R2013b\bin\win64\boost_signals-vc100-mt-1_49.dll
0x0000000077c80000 - 0x0000000077c91000 	C:\Program Files\MATLAB\R2013b\bin\win64\boost_thread-vc100-mt-1_49.dll
0x000000006ef70000 - 0x000000006effc000 	C:\Program Files\MATLAB\R2013b\bin\win64\boost_log-vc100-mt-1_49.dll
0x0000000077760000 - 0x0000000077767000 	C:\Windows\system32\PSAPI.DLL
0x000007feff460000 - 0x000007feff4ad000 	C:\Windows\system32\WS2_32.dll
0x000007feff660000 - 0x000007feff668000 	C:\Windows\system32\NSI.dll
0x000007fef4c30000 - 0x000007fef4c63000 	C:\Program Files\MATLAB\R2013b\bin\win64\tbb.dll
0x000007fefdcb0000 - 0x000007fefdcc9000 	C:\Windows\system32\imagehlp.dll
0x000007fefd340000 - 0x000007fefd36c000 	C:\Windows\system32\POWRPROF.dll
0x000007feff1e0000 - 0x000007feff3b7000 	C:\Windows\system32\SETUPAPI.dll
0x000007fefd400000 - 0x000007fefd436000 	C:\Windows\system32\CFGMGR32.dll
0x000007fefd9e0000 - 0x000007fefdab7000 	C:\Windows\system32\OLEAUT32.dll
0x000007fefdd90000 - 0x000007fefdf93000 	C:\Windows\system32\ole32.dll
0x000007fefd3e0000 - 0x000007fefd3fa000 	C:\Windows\system32\DEVOBJ.dll
0x0000000004970000 - 0x0000000004a6b000 	C:\Program Files\MATLAB\R2013b\bin\win64\libmx.dll
0x000007fef8c20000 - 0x000007fef8c48000 	C:\Program Files\MATLAB\R2013b\bin\win64\tbbmalloc.dll
0x00000000779a0000 - 0x00000000779b7000 	C:\Program Files\MATLAB\R2013b\bin\win64\zlib1.dll
0x000000006ef00000 - 0x000000006ef4e000 	C:\Program Files\MATLAB\R2013b\bin\win64\libmwregexp.dll
0x000000006eeb0000 - 0x000000006eef7000 	C:\Program Files\MATLAB\R2013b\bin\win64\mpath.dll
0x0000000004a70000 - 0x0000000005098000 	C:\Program Files\MATLAB\R2013b\bin\win64\mlutil.dll
0x000000006e870000 - 0x000000006e8e7000 	C:\Program Files\MATLAB\R2013b\bin\win64\xmlcore.dll
0x000000006db20000 - 0x000000006dd61000 	C:\Program Files\MATLAB\R2013b\bin\win64\xerces-c_2_7.dll
0x000000006e5f0000 - 0x000000006e613000 	C:\Program Files\MATLAB\R2013b\bin\win64\libmwMATLAB_settings_res.dll
0x000000005c660000 - 0x000000005c670000 	C:\Program Files\MATLAB\R2013b\bin\win64\boost_iostreams-vc100-mt-1_49.dll
0x000000006e120000 - 0x000000006e166000 	C:\Program Files\MATLAB\R2013b\bin\win64\boost_serialization-vc100-mt-1_49.dll
0x000007fefe3a0000 - 0x000007feff128000 	C:\Windows\system32\SHELL32.dll
0x000007feff4b0000 - 0x000007feff521000 	C:\Windows\system32\SHLWAPI.dll
0x000000006e580000 - 0x000000006e586000 	C:\Program Files\MATLAB\R2013b\bin\win64\libmwnativedisplay.dll
0x00000000685f0000 - 0x000000006863d000 	C:\Program Files\MATLAB\R2013b\bin\win64\opccore.dll
0x00000000684f0000 - 0x00000000685c6000 	C:\Program Files\MATLAB\R2013b\bin\win64\opcmodel.dll
0x00000000684c0000 - 0x00000000684ed000 	C:\Program Files\MATLAB\R2013b\bin\win64\opczippackage.dll
0x000000005a6f0000 - 0x000000005a6fe000 	C:\Program Files\MATLAB\R2013b\bin\win64\libminizip.dll
0x0000000068340000 - 0x00000000683a6000 	C:\Program Files\MATLAB\R2013b\bin\win64\opcmwservices.dll
0x000007fefb940000 - 0x000007fefb9e0000 	C:\Windows\WinSxS\amd64_microsoft.windows.common-controls_6595b64144ccf1df_5.82.7601.18201_none_a4d3b9377117c3df\COMCTL32.dll
0x000007feff3c0000 - 0x000007feff457000 	C:\Windows\system32\COMDLG32.dll
0x000007fefc2d0000 - 0x000007fefc2e6000 	C:\Windows\system32\NETAPI32.dll
0x000007fefc200000 - 0x000007fefc20c000 	C:\Windows\system32\netutils.dll
0x000007fefcc50000 - 0x000007fefcc73000 	C:\Windows\system32\srvcli.dll
0x000007fefc1d0000 - 0x000007fefc1e5000 	C:\Windows\system32\wkscli.dll
0x000000006e4d0000 - 0x000000006e57d000 	C:\Program Files\MATLAB\R2013b\bin\win64\mcr.dll
0x00000000050a0000 - 0x0000000005460000 	C:\Program Files\MATLAB\R2013b\bin\win64\iqm.dll
0x0000000180000000 - 0x00000001800c2000 	C:\Program Files\MATLAB\R2013b\bin\win64\m_dispatcher.dll
0x0000000005460000 - 0x0000000005c5b000 	C:\Program Files\MATLAB\R2013b\bin\win64\m_interpreter.dll
0x000000006d760000 - 0x000000006d784000 	C:\Program Files\MATLAB\R2013b\bin\win64\libmex.dll
0x000000006d6e0000 - 0x000000006d75b000 	C:\Program Files\MATLAB\R2013b\bin\win64\profiler.dll
0x000000006d450000 - 0x000000006d5c8000 	C:\Program Files\MATLAB\R2013b\bin\win64\libmwmathutil.dll
0x000000006d420000 - 0x000000006d447000 	C:\Program Files\MATLAB\R2013b\bin\win64\libmwmathrng.dll
0x000000006d410000 - 0x000000006d420000 	C:\Program Files\MATLAB\R2013b\bin\win64\libmwmfl_rng.dll
0x0000000005c60000 - 0x0000000005d78000 	C:\Program Files\MATLAB\R2013b\bin\win64\libmwmathcore.dll
0x000000006d2b0000 - 0x000000006d313000 	C:\Program Files\MATLAB\R2013b\bin\win64\libmwspmatrix.dll
0x0000000005d80000 - 0x0000000005fe2000 	C:\Program Files\MATLAB\R2013b\bin\win64\mcos.dll
0x000000006cfc0000 - 0x000000006d01c000 	C:\Program Files\MATLAB\R2013b\bin\win64\libmwcholmod.dll
0x000000006cfb0000 - 0x000000006cfbc000 	C:\Program Files\MATLAB\R2013b\bin\win64\libmwamd.dll
0x000000006cfa0000 - 0x000000006cfab000 	C:\Program Files\MATLAB\R2013b\bin\win64\libmwcolamd.dll
0x000000006cf80000 - 0x000000006cf93000 	C:\Program Files\MATLAB\R2013b\bin\win64\libmwblas.dll
0x000000006cf60000 - 0x000000006cf75000 	C:\Program Files\MATLAB\R2013b\bin\win64\libmwbinder.dll
0x000000006cf50000 - 0x000000006cf5b000 	C:\Program Files\MATLAB\R2013b\bin\win64\libmwompwrapper.dll
0x000000006ced0000 - 0x000000006cf4f000 	C:\Program Files\MATLAB\R2013b\bin\win64\libmwlapack.dll
0x000000006ceb0000 - 0x000000006ced0000 	C:\Program Files\MATLAB\R2013b\bin\win64\m_pcodeio.dll
0x000000006ce50000 - 0x000000006ceac000 	C:\Program Files\MATLAB\R2013b\bin\win64\m_ir.dll
0x0000000005ff0000 - 0x00000000066a5000 	C:\Program Files\MATLAB\R2013b\bin\win64\m_parser.dll
0x000000006c780000 - 0x000000006c797000 	C:\Program Files\MATLAB\R2013b\bin\win64\ir_xfmr.dll
0x000000006c770000 - 0x000000006c780000 	C:\Program Files\MATLAB\R2013b\bin\win64\mtok.dll
0x000000006c740000 - 0x000000006c768000 	C:\Program Files\MATLAB\R2013b\bin\win64\m_pcodegen.dll
0x000007fef3cc0000 - 0x000007fef3de5000 	C:\Windows\system32\dbghelp.dll
0x000000006c710000 - 0x000000006c73f000 	C:\Program Files\MATLAB\R2013b\bin\win64\libmwbridge.dll
0x000000006c650000 - 0x000000006c706000 	C:\Program Files\MATLAB\R2013b\bin\win64\udd.dll
0x00000000066b0000 - 0x0000000006801000 	C:\Program Files\MATLAB\R2013b\bin\win64\libmwgui.dll
0x000000006c4d0000 - 0x000000006c4f8000 	C:\Program Files\MATLAB\R2013b\bin\win64\graphics_util.dll
0x000000006c0e0000 - 0x000000006c198000 	C:\Program Files\MATLAB\R2013b\bin\win64\libtex_base.dll
0x0000000006810000 - 0x0000000007176000 	C:\Program Files\MATLAB\R2013b\bin\win64\hg.dll
0x000000006ba60000 - 0x000000006babd000 	C:\Program Files\MATLAB\R2013b\bin\win64\libmat.dll
0x000000006b850000 - 0x000000006ba58000 	C:\Program Files\MATLAB\R2013b\bin\win64\hdf5dll.dll
0x000000006b780000 - 0x000000006b848000 	C:\Program Files\MATLAB\R2013b\bin\win64\jmi.dll
0x000000006b770000 - 0x000000006b77e000 	C:\Program Files\MATLAB\R2013b\bin\win64\nativejava_services.dll
0x0000000007180000 - 0x00000000071c2000 	C:\Program Files\MATLAB\R2013b\bin\win64\libmwhardcopy.dll
0x000000006b6d0000 - 0x000000006b72e000 	C:\Program Files\MATLAB\R2013b\bin\win64\libuij.dll
0x000000006b490000 - 0x000000006b695000 	C:\Program Files\MATLAB\R2013b\bin\win64\hgdatatypes.dll
0x00000000071d0000 - 0x00000000072e2000 	C:\Program Files\MATLAB\R2013b\bin\win64\hgutils.dll
0x000000006b2f0000 - 0x000000006b39e000 	C:\Program Files\MATLAB\R2013b\bin\win64\udd_mi.dll
0x000000006b2b0000 - 0x000000006b2e6000 	C:\Program Files\MATLAB\R2013b\bin\win64\libmwgbtutils.dll
0x000000006b290000 - 0x000000006b2a3000 	C:\Program Files\MATLAB\R2013b\bin\win64\libmwgbt.dll
0x000000006afc0000 - 0x000000006b28f000 	C:\Program Files\MATLAB\R2013b\bin\win64\uiw.dll
0x000000006afb0000 - 0x000000006afb9000 	C:\Program Files\MATLAB\R2013b\bin\win64\uinone.dll
0x000000006af80000 - 0x000000006afac000 	C:\Program Files\MATLAB\R2013b\bin\win64\libmwnativedialogs.dll
0x000000006af70000 - 0x000000006af7c000 	C:\Program Files\MATLAB\R2013b\bin\win64\libmwplatform_res.dll
0x000007fef63a0000 - 0x000007fef63b8000 	C:\Windows\system32\MPR.dll
0x0000000079550000 - 0x0000000079aad000 	C:\Program Files\MATLAB\R2013b\bin\win64\mfc100.dll
0x000007fefb930000 - 0x000007fefb937000 	C:\Windows\system32\MSIMG32.dll
0x000007fefa210000 - 0x000007fefa281000 	C:\Windows\system32\WINSPOOL.DRV
0x000000006af50000 - 0x000000006af6d000 	C:\Program Files\MATLAB\R2013b\bin\win64\mwoles05.DLL
0x000000006aee0000 - 0x000000006af4c000 	C:\Program Files\MATLAB\R2013b\bin\win64\comcli.dll
0x0000000079e80000 - 0x0000000079eab000 	C:\Program Files\MATLAB\R2013b\bin\win64\ATL100.DLL
0x000000006aed0000 - 0x000000006aedc000 	C:\Program Files\MATLAB\R2013b\bin\win64\mlautoregister.dll
0x00000000072f0000 - 0x000000000745f000 	C:\Program Files\MATLAB\R2013b\bin\win64\mvm.dll
0x000007fefdac0000 - 0x000007fefdaee000 	C:\Windows\system32\IMM32.DLL
0x000007fefd6f0000 - 0x000007fefd7f9000 	C:\Windows\system32\MSCTF.dll
0x000007fefd0e0000 - 0x000007fefd120000 	C:\Windows\system32\nvinitx.dll
0x000000000f000000 - 0x000000000f006000 	C:\Program Files\NVIDIA Corporation\CoProcManager\_etoured.dll

VM Arguments:
jvm_args: -XX:PermSize=32m -Xms64m -XX:NewRatio=3 -XX:MaxPermSize=128m -Xmx384m -XX:MaxDirectMemorySize=2147400000 -Dsun.java2d.noddraw=true -Dsun.awt.nopixfmt=true -Xshare:off -Xrs -XX:-UseSplitVerifier -Djava.library.path=C:\Program Files\MATLAB\R2013b\bin\win64;C:\Program Files\MATLAB\R2013b\sys\jxbrowser\win64\lib vfprintf abort -Duser.language=en -Duser.country=US -XX:ParallelGCThreads=6 
java_command: <unknown>
Launcher Type: generic

Environment Variables:
PATH=C:\Program Files (x86)\Intel\iCLS Client\;C:\Program Files\Intel\iCLS Client\;C:\Windows\system32;C:\Windows;C:\Windows\System32\Wbem;C:\Windows\System32\WindowsPowerShell\v1.0\;C:\Program Files\Intel\Intel(R) Management Engine Components\DAL;C:\Program Files\Intel\Intel(R) Management Engine Components\IPT;C:\Program Files (x86)\Intel\Intel(R) Management Engine Components\DAL;C:\Program Files (x86)\Intel\Intel(R) Management Engine Components\IPT;C:\Program Files\Intel\WiFi\bin\;C:\Program Files\Common Files\Intel\WirelessCommon\;C:\Program Files\Lenovo\Fingerprint Manager Pro\;C:\Program Files (x86)\Common Files\Lenovo;C:\SWTOOLS\ReadyApps;C:\Program Files (x86)\Intel\OpenCL SDK\3.0\bin\x86;C:\Program Files (x86)\Intel\OpenCL SDK\3.0\bin\x64;C:\Program Files\Microsoft SQL Server\110\Tools\Binn\;C:\Program Files\MATLAB\R2013b\runtime\win64;C:\Program Files\MATLAB\R2013b\bin;C:\Program Files\Microsoft Windows Performance Toolkit\;C:\Program Files\MiKTeX 2.9\miktex\bin\x64\;C:\Program Files (x86)\Lenovo\Access Connections\
USERNAME=he
OS=Windows_NT
PROCESSOR_IDENTIFIER=Intel64 Family 6 Model 60 Stepping 3, GenuineIntel



---------------  S Y S T E M  ---------------

OS: Windows 7 , 64 bit Build 7601 Service Pack 1

CPU:total 8 (4 cores per cpu, 2 threads per core) family 6 model 60 stepping 3, cmov, cx8, fxsr, mmx, sse, sse2, sse3, ssse3, sse4.1, sse4.2, popcnt, avx, avx2, ht, tsc, tscinvbit

Memory: 4k page, physical 8069644k(4522200k free), swap 16137424k(10365448k free)

vm_info: Java HotSpot(TM) 64-Bit Server VM (23.25-b01) for windows-amd64 JRE (1.7.0_25-b17), built on Jun 21 2013 12:58:32 by "java_re" with unknown MS VC++:1600

time: Sun Apr 13 23:14:09 2014
elapsed time: 13402 seconds

