#
# A fatal error has been detected by the Java Runtime Environment:
#
#  EXCEPTION_ACCESS_VIOLATION (0xc0000005) at pc=0x0000000051f00284, pid=7536, tid=3068
#
# JRE version: 7.0_25-b17
# Java VM: Java HotSpot(TM) 64-Bit Server VM (23.25-b01 mixed mode windows-amd64 compressed oops)
# Problematic frame:
# C  0x0000000051f00284
#
# Failed to write core dump. Minidumps are not enabled by default on client versions of Windows
#
# If you would like to submit a bug report, please visit:
#   http://bugreport.sun.com/bugreport/crash.jsp
# The crash happened outside the Java Virtual Machine in native code.
# See problematic frame for where to report the bug.
#

---------------  T H R E A D  ---------------

Current thread (0x000000004dedf800):  JavaThread "AWT-EventQueue-0" [_thread_in_native, id=3068, stack(0x00000000a8000000,0x00000000ac000000)]

siginfo: ExceptionCode=0xc0000005, reading address 0x000000000000006c

Registers:
RAX=0x000000000000001b, RBX=0x0000000052a90001, RCX=0x000000000000001b, RDX=0x0000000000000000
RSP=0x00000000abffd2b0, RBP=0x0000000000000002, RSI=0x0000000000000556, RDI=0x00000000000002c2
R8 =0x00000000ff00233d, R9 =0x00000000fb674efc, R10=0x0000000000000555, R11=0x0000000000000000
R12=0x0000000000000000, R13=0x00000000fffffff8, R14=0x00000000ffffffe2, R15=0x0000000000000000
RIP=0x0000000051f00284, EFLAGS=0x0000000000010207

Top of Stack: (sp=0x00000000abffd2b0)
0x00000000abffd2b0:   000000005201db58 0000000051ee20df
0x00000000abffd2c0:   000000004dedf9d8 00000000abffd3c0
0x00000000abffd2d0:   0000000067011b00 00000000654c26c0
0x00000000abffd2e0:   00000000abffd3c0 00000000abffd320
0x00000000abffd2f0:   000000005201db58 00000000abffd490
0x00000000abffd300:   0000000000000008 0000001e00000008
0x00000000abffd310:   000002e00000055e 0000000053709f29
0x00000000abffd320:   0000001e00000008 000002e00000055e
0x00000000abffd330:   0000000052a85fa8 0000000100000000
0x00000000abffd340:   0000000000000558 0000000000000000
0x00000000abffd350:   0000000000000000 0000000000000000
0x00000000abffd360:   0000000000000000 0000000000000000
0x00000000abffd370:   0000000000000000 00000000241528d9
0x00000000abffd380:   00000000e80dbc80 000000000000000a
0x00000000abffd390:   000000004dedf800 00000000abffd4c8
0x00000000abffd3a0:   00000000abffd500 0000000000000000 

Instructions: (pc=0x0000000051f00284)
0x0000000051f00264:   00 00 6b c0 1d 6b c9 4d 03 d1 8d 84 02 80 00 00
0x0000000051f00274:   00 99 0f b6 d2 03 c2 c1 f8 08 41 ff ca 0f b6 c8
0x0000000051f00284:   41 0f b6 04 8c 88 43 ff 75 b2 4d 03 cb 48 03 dd
0x0000000051f00294:   ff cf 75 98 48 8b 5c 24 10 48 8b 6c 24 18 48 8b 


Register to memory mapping:

RAX=0x000000000000001b is an unknown value
RBX=0x0000000052a90001 is an unknown value
RCX=0x000000000000001b is an unknown value
RDX=0x0000000000000000 is an unknown value
RSP=0x00000000abffd2b0 is pointing into the stack for thread: 0x000000004dedf800
RBP=0x0000000000000002 is an unknown value
RSI=0x0000000000000556 is an unknown value
RDI=0x00000000000002c2 is an unknown value
R8 =0x00000000ff00233d is an unallocated location in the heap
R9 =0x00000000fb674efc is an unknown value
R10=0x0000000000000555 is an unknown value
R11=0x0000000000000000 is an unknown value
R12=0x0000000000000000 is an unknown value
R13=0x00000000fffffff8 is an unallocated location in the heap
R14=0x00000000ffffffe2 is an unallocated location in the heap
R15=0x0000000000000000 is an unknown value


Stack: [0x00000000a8000000,0x00000000ac000000],  sp=0x00000000abffd2b0,  free space=65524k
Native frames: (J=compiled Java code, j=interpreted, Vv=VM code, C=native code)
C  0x0000000051f00284

Java frames: (J=compiled Java code, j=interpreted, Vv=VM code)
j  sun.java2d.loops.Blit.Blit(Lsun/java2d/SurfaceData;Lsun/java2d/SurfaceData;Ljava/awt/Composite;Lsun/java2d/pipe/Region;IIIIII)V+0
j  sun.java2d.pipe.DrawImage.blitSurfaceData(Lsun/java2d/SunGraphics2D;Lsun/java2d/pipe/Region;Lsun/java2d/SurfaceData;Lsun/java2d/SurfaceData;Lsun/java2d/loops/SurfaceType;Lsun/java2d/loops/SurfaceType;IIIIIILjava/awt/Color;)V+97
j  sun.java2d.pipe.DrawImage.renderImageCopy(Lsun/java2d/SunGraphics2D;Ljava/awt/Image;Ljava/awt/Color;IIIIII)Z+77
j  sun.java2d.pipe.DrawImage.copyImage(Lsun/java2d/SunGraphics2D;Ljava/awt/Image;IILjava/awt/Color;)Z+45
j  sun.java2d.pipe.DrawImage.copyImage(Lsun/java2d/SunGraphics2D;Ljava/awt/Image;IILjava/awt/Color;Ljava/awt/image/ImageObserver;)Z+15
j  sun.java2d.pipe.ValidatePipe.copyImage(Lsun/java2d/SunGraphics2D;Ljava/awt/Image;IILjava/awt/Color;Ljava/awt/image/ImageObserver;)Z+21
j  sun.java2d.SunGraphics2D.drawImage(Ljava/awt/Image;IILjava/awt/Color;Ljava/awt/image/ImageObserver;)Z+18
j  sun.java2d.SunGraphics2D.drawImage(Ljava/awt/Image;IILjava/awt/image/ImageObserver;)Z+7
j  javax.swing.RepaintManager$PaintManager.paintDoubleBuffered(Ljavax/swing/JComponent;Ljava/awt/Image;Ljava/awt/Graphics;IIII)V+127
j  javax.swing.RepaintManager$PaintManager.paint(Ljavax/swing/JComponent;Ljavax/swing/JComponent;Ljava/awt/Graphics;IIII)Z+116
j  javax.swing.RepaintManager.paint(Ljavax/swing/JComponent;Ljavax/swing/JComponent;Ljava/awt/Graphics;IIII)V+52
j  javax.swing.JComponent.paint(Ljava/awt/Graphics;)V+221
j  java.awt.GraphicsCallback$PaintCallback.run(Ljava/awt/Component;Ljava/awt/Graphics;)V+2
j  sun.awt.SunGraphicsCallback.runOneComponent(Ljava/awt/Component;Ljava/awt/Rectangle;Ljava/awt/Graphics;Ljava/awt/Shape;I)V+155
j  sun.awt.SunGraphicsCallback.runComponents([Ljava/awt/Component;Ljava/awt/Graphics;I)V+194
j  java.awt.Container.paint(Ljava/awt/Graphics;)V+58
j  java.awt.Window.paint(Ljava/awt/Graphics;)V+68
j  javax.swing.RepaintManager$3.run()Ljava/lang/Void;+136
j  javax.swing.RepaintManager$3.run()Ljava/lang/Object;+1
v  ~StubRoutines::call_stub
j  java.security.AccessController.doPrivileged(Ljava/security/PrivilegedAction;Ljava/security/AccessControlContext;)Ljava/lang/Object;+0
j  java.security.ProtectionDomain$1.doIntersectionPrivilege(Ljava/security/PrivilegedAction;Ljava/security/AccessControlContext;Ljava/security/AccessControlContext;)Ljava/lang/Object;+28
j  javax.swing.RepaintManager.paintDirtyRegions(Ljava/util/Map;)V+154
j  javax.swing.RepaintManager.paintDirtyRegions()V+46
j  javax.swing.RepaintManager.prePaintDirtyRegions()V+73
j  javax.swing.RepaintManager.access$1000(Ljavax/swing/RepaintManager;)V+1
j  javax.swing.RepaintManager$ProcessingRunnable.run()V+37
j  java.awt.event.InvocationEvent.dispatch()V+47
j  java.awt.EventQueue.dispatchEventImpl(Ljava/awt/AWTEvent;Ljava/lang/Object;)V+21
j  java.awt.EventQueue.access$200(Ljava/awt/EventQueue;Ljava/awt/AWTEvent;Ljava/lang/Object;)V+3
j  java.awt.EventQueue$3.run()Ljava/lang/Void;+12
j  java.awt.EventQueue$3.run()Ljava/lang/Object;+1
v  ~StubRoutines::call_stub
j  java.security.AccessController.doPrivileged(Ljava/security/PrivilegedAction;Ljava/security/AccessControlContext;)Ljava/lang/Object;+0
J  java.awt.EventDispatchThread.pumpOneEventForFilters(I)V
j  java.awt.EventDispatchThread.pumpEventsForFilter(ILjava/awt/Conditional;Ljava/awt/EventFilter;)V+35
j  java.awt.EventDispatchThread.pumpEventsForHierarchy(ILjava/awt/Conditional;Ljava/awt/Component;)V+11
j  java.awt.EventDispatchThread.pumpEvents(ILjava/awt/Conditional;)V+4
j  java.awt.EventDispatchThread.pumpEvents(Ljava/awt/Conditional;)V+3
j  java.awt.EventDispatchThread.run()V+9
v  ~StubRoutines::call_stub

---------------  P R O C E S S  ---------------

Java Threads: ( => current thread )
  0x0000000064c3c000 JavaThread "Unnamed RequestAggregator Timer" daemon [_thread_blocked, id=1388, stack(0x0000000084000000,0x0000000088000000)]
  0x0000000064c39800 JavaThread "Code Analyzer updating thread" [_thread_blocked, id=7244, stack(0x0000000164030000,0x0000000168030000)]
  0x000000004deec000 JavaThread "Code Analyzer updating thread" [_thread_blocked, id=7812, stack(0x00000000cc000000,0x00000000d0000000)]
  0x000000004dee2800 JavaThread "Code Analyzer updating thread" [_thread_blocked, id=7572, stack(0x00000000c0000000,0x00000000c4000000)]
  0x0000000064c39000 JavaThread "Code Analyzer updating thread" [_thread_blocked, id=7744, stack(0x0000000160030000,0x0000000164030000)]
  0x000000005eb00800 JavaThread "Code Analyzer updating thread" [_thread_blocked, id=8240, stack(0x000000015c030000,0x0000000160030000)]
  0x000000005eaff800 JavaThread "Code Analyzer updating thread" [_thread_blocked, id=7876, stack(0x0000000158030000,0x000000015c030000)]
  0x000000005eaff000 JavaThread "Code Analyzer updating thread" [_thread_blocked, id=6536, stack(0x0000000154030000,0x0000000158030000)]
  0x000000005eafe000 JavaThread "Code Analyzer updating thread" [_thread_blocked, id=1904, stack(0x0000000150030000,0x0000000154030000)]
  0x000000005eafd800 JavaThread "Code Analyzer updating thread" [_thread_blocked, id=956, stack(0x000000014c030000,0x0000000150030000)]
  0x000000005eafc800 JavaThread "Code Analyzer updating thread" [_thread_blocked, id=1676, stack(0x0000000148030000,0x000000014c030000)]
  0x000000005eafc000 JavaThread "Code Analyzer updating thread" [_thread_blocked, id=7492, stack(0x0000000144030000,0x0000000148030000)]
  0x000000005eafb000 JavaThread "Code Analyzer updating thread" [_thread_blocked, id=5340, stack(0x0000000140030000,0x0000000144030000)]
  0x000000005eafa800 JavaThread "Code Analyzer updating thread" [_thread_blocked, id=8076, stack(0x000000013c000000,0x0000000140000000)]
  0x000000005eaf9800 JavaThread "Code Analyzer updating thread" [_thread_blocked, id=6856, stack(0x0000000138000000,0x000000013c000000)]
  0x000000005f111000 JavaThread "Code Analyzer updating thread" [_thread_blocked, id=7308, stack(0x0000000134000000,0x0000000138000000)]
  0x000000005f110000 JavaThread "Code Analyzer updating thread" [_thread_blocked, id=4284, stack(0x0000000130000000,0x0000000134000000)]
  0x000000005f10f800 JavaThread "Code Analyzer updating thread" [_thread_blocked, id=7380, stack(0x000000012c000000,0x0000000130000000)]
  0x000000005f10e000 JavaThread "Code Analyzer updating thread" [_thread_blocked, id=7236, stack(0x0000000128000000,0x000000012c000000)]
  0x000000005f10d000 JavaThread "Code Analyzer updating thread" [_thread_blocked, id=9196, stack(0x0000000124000000,0x0000000128000000)]
  0x000000005f10c800 JavaThread "Code Analyzer updating thread" [_thread_blocked, id=7320, stack(0x0000000120000000,0x0000000124000000)]
  0x000000005f10b000 JavaThread "Code Analyzer updating thread" [_thread_blocked, id=2716, stack(0x000000011c000000,0x0000000120000000)]
  0x000000005f10a000 JavaThread "Code Analyzer updating thread" [_thread_blocked, id=3372, stack(0x0000000118000000,0x000000011c000000)]
  0x000000004deed800 JavaThread "Code Analyzer updating thread" [_thread_blocked, id=5556, stack(0x0000000114000000,0x0000000118000000)]
  0x000000004deed000 JavaThread "Code Analyzer updating thread" [_thread_blocked, id=4592, stack(0x0000000110000000,0x0000000114000000)]
  0x000000004deeb800 JavaThread "Code Analyzer updating thread" [_thread_blocked, id=2056, stack(0x000000010c000000,0x0000000110000000)]
  0x000000004dee4000 JavaThread "Code Analyzer updating thread" [_thread_blocked, id=7508, stack(0x0000000108000000,0x000000010c000000)]
  0x000000004dee5800 JavaThread "Active Reference Queue Daemon" daemon [_thread_blocked, id=8852, stack(0x0000000104000000,0x0000000108000000)]
  0x000000004dee8800 JavaThread "Timer-1" daemon [_thread_blocked, id=7008, stack(0x0000000100000000,0x0000000104000000)]
  0x000000004dee9000 JavaThread "ClipboardMonitor Timer" daemon [_thread_blocked, id=8916, stack(0x00000000dc000000,0x00000000e0000000)]
  0x000000004dee7000 JavaThread "Explorer NavigationContext request queue" daemon [_thread_blocked, id=2104, stack(0x00000000d4000000,0x00000000d8000000)]
  0x000000004dee4800 JavaThread "AddressBar directory emptiness poller" daemon [_thread_blocked, id=1780, stack(0x00000000d0000000,0x00000000d4000000)]
  0x000000004dee3000 JavaThread "Explorer Refresh Service 1654534596" daemon [_thread_blocked, id=7408, stack(0x00000000c4000000,0x00000000c8000000)]
  0x000000004dee0000 JavaThread "Thread-4" daemon [_thread_blocked, id=3948, stack(0x00000000bc000000,0x00000000c0000000)]
  0x000000004deea800 JavaThread "TimerQueue" daemon [_thread_blocked, id=4652, stack(0x00000000a0000000,0x00000000a4000000)]
=>0x000000004dedf800 JavaThread "AWT-EventQueue-0" [_thread_in_native, id=3068, stack(0x00000000a8000000,0x00000000ac000000)]
  0x000000004dee1000 JavaThread "AWT-Shutdown" [_thread_blocked, id=988, stack(0x0000000098000000,0x000000009c000000)]
  0x000000004dee1800 JavaThread "Thread-3" daemon [_thread_blocked, id=7924, stack(0x00000000b8000000,0x00000000bc000000)]
  0x000000004dede800 JavaThread "FelixPackageAdmin" daemon [_thread_blocked, id=4696, stack(0x00000000b4000000,0x00000000b8000000)]
  0x000000004df4d800 JavaThread "FelixStartLevel" daemon [_thread_blocked, id=6564, stack(0x00000000b0000000,0x00000000b4000000)]
  0x000000004d7ce800 JavaThread "FelixDispatchQueue" daemon [_thread_blocked, id=9028, stack(0x00000000ac000000,0x00000000b0000000)]
  0x000000004db8a800 JavaThread "com.google.common.base.internal.Finalizer" daemon [_thread_blocked, id=1724, stack(0x00000000a4000000,0x00000000a8000000)]
  0x000000004d7bc800 JavaThread "AWT-Windows" daemon [_thread_in_native, id=7424, stack(0x000000009c000000,0x00000000a0000000)]
  0x000000004db75000 JavaThread "Java2D Disposer" daemon [_thread_blocked, id=7504, stack(0x0000000094000000,0x0000000098000000)]
  0x0000000023ed5800 JavaThread "Timer-0" [_thread_blocked, id=7316, stack(0x0000000090000000,0x0000000094000000)]
  0x0000000023ee5800 JavaThread "EventMgr Dispatcher" daemon [_thread_in_native, id=644, stack(0x0000000080000000,0x0000000084000000)]
  0x0000000023c0e000 JavaThread "Service Thread" daemon [_thread_blocked, id=5604, stack(0x0000000076fe0000,0x000000007afe0000)]
  0x0000000023c0d000 JavaThread "C2 CompilerThread1" daemon [_thread_blocked, id=7872, stack(0x00000000709c0000,0x00000000749c0000)]
  0x0000000023c04800 JavaThread "C2 CompilerThread0" daemon [_thread_blocked, id=3144, stack(0x00000000607e0000,0x00000000647e0000)]
  0x0000000023c03800 JavaThread "Attach Listener" daemon [_thread_blocked, id=2332, stack(0x0000000057430000,0x000000005b430000)]
  0x0000000023b70800 JavaThread "Finalizer" daemon [_thread_blocked, id=6704, stack(0x0000000049790000,0x000000004d790000)]
  0x0000000023b6a800 JavaThread "Reference Handler" daemon [_thread_blocked, id=2720, stack(0x0000000045790000,0x0000000049790000)]
  0x0000000023997800 JavaThread "main" [_thread_in_native, id=3960, stack(0x0000000000030000,0x0000000004030000)]

Other Threads:
  0x0000000023b66000 VMThread [stack: 0x0000000041790000,0x0000000045790000] [id=7360]
  0x0000000023c56800 WatcherThread [stack: 0x000000007afe0000,0x000000007efe0000] [id=1444]

VM state:not at safepoint (normal execution)

VM Mutex/Monitor currently owned by a thread: None

Heap
 PSYoungGen      total 36096K, used 28788K [0x00000000fa000000, 0x00000000fee10000, 0x0000000100000000)
  eden space 35840K, 79% used [0x00000000fa000000,0x00000000fbbe5058,0x00000000fc300000)
  from space 256K, 87% used [0x00000000fed90000,0x00000000fedc8000,0x00000000fedd0000)
  to   space 256K, 0% used [0x00000000fedd0000,0x00000000fedd0000,0x00000000fee10000)
 ParOldGen       total 103872K, used 75724K [0x00000000e8000000, 0x00000000ee570000, 0x00000000fa000000)
  object space 103872K, 72% used [0x00000000e8000000,0x00000000ec9f32f0,0x00000000ee570000)
 PSPermGen       total 102976K, used 58195K [0x00000000e0000000, 0x00000000e6490000, 0x00000000e8000000)
  object space 102976K, 56% used [0x00000000e0000000,0x00000000e38d4cd8,0x00000000e6490000)

Card table byte_map: [0x000000000e9f0000,0x000000000eb00000] byte_map_base: 0x000000000e2f0000

Polling page: 0x0000000006760000

Code Cache  [0x0000000024140000, 0x0000000024660000, 0x0000000027140000)
 total_blobs=2259 nmethods=1602 adapters=605 free_code_cache=44117Kb largest_free_block=44992832

Compilation events (10 events):
Event: 26458.306 Thread 0x0000000023c0d000 1715             java.awt.Container::validateTree (153 bytes)
Event: 26458.609 Thread 0x0000000023c04800 1716             java.io.File::equals (30 bytes)
Event: 26458.610 Thread 0x0000000023c04800 nmethod 1716 0x00000000241e89d0 code [0x00000000241e8b20, 0x00000000241e8c48]
Event: 26458.639 Thread 0x0000000023c04800 1717             java.io.File::compareTo (9 bytes)
Event: 26458.640 Thread 0x0000000023c04800 nmethod 1717 0x000000002445f410 code [0x000000002445f560, 0x000000002445f628]
Event: 26459.153 Thread 0x0000000023c0d000 nmethod 1715 0x0000000024652a50 code [0x0000000024652e80, 0x0000000024654b50]
Event: 26612.200 Thread 0x0000000023c04800 1718   !         com.mathworks.util.RequestQueue::execute (74 bytes)
Event: 26612.281 Thread 0x0000000023c04800 nmethod 1718 0x000000002445fc10 code [0x000000002445fdc0, 0x00000000244606a8]
Event: 27467.185 Thread 0x0000000023c0d000 1719             com.mathworks.util.EmptyCheckReceiver::receive (12 bytes)
Event: 27467.186 Thread 0x0000000023c0d000 nmethod 1719 0x000000002445f190 code [0x000000002445f2c0, 0x000000002445f318]

GC Heap History (10 events):
Event: 33212.035 GC heap before
{Heap before GC invocations=372 (full 3):
 PSYoungGen      total 41088K, used 41056K [0x00000000fa000000, 0x00000000feec0000, 0x0000000100000000)
  eden space 40832K, 100% used [0x00000000fa000000,0x00000000fc7e0000,0x00000000fc7e0000)
  from space 256K, 87% used [0x00000000fee80000,0x00000000feeb8000,0x00000000feec0000)
  to   space 384K, 0% used [0x00000000fee00000,0x00000000fee00000,0x00000000fee60000)
 ParOldGen       total 103872K, used 75724K [0x00000000e8000000, 0x00000000ee570000, 0x00000000fa000000)
  object space 103872K, 72% used [0x00000000e8000000,0x00000000ec9f32f0,0x00000000ee570000)
 PSPermGen       total 102976K, used 58186K [0x00000000e0000000, 0x00000000e6490000, 0x00000000e8000000)
  object space 102976K, 56% used [0x00000000e0000000,0x00000000e38d28b8,0x00000000e6490000)
Event: 33212.040 GC heap after
Heap after GC invocations=372 (full 3):
 PSYoungGen      total 40000K, used 224K [0x00000000fa000000, 0x00000000fee90000, 0x0000000100000000)
  eden space 39744K, 0% used [0x00000000fa000000,0x00000000fa000000,0x00000000fc6d0000)
  from space 256K, 87% used [0x00000000fee00000,0x00000000fee38000,0x00000000fee40000)
  to   space 320K, 0% used [0x00000000fee40000,0x00000000fee40000,0x00000000fee90000)
 ParOldGen       total 103872K, used 75724K [0x00000000e8000000, 0x00000000ee570000, 0x00000000fa000000)
  object space 103872K, 72% used [0x00000000e8000000,0x00000000ec9f32f0,0x00000000ee570000)
 PSPermGen       total 102976K, used 58186K [0x00000000e0000000, 0x00000000e6490000, 0x00000000e8000000)
  object space 102976K, 56% used [0x00000000e0000000,0x00000000e38d28b8,0x00000000e6490000)
}
Event: 33269.035 GC heap before
{Heap before GC invocations=373 (full 3):
 PSYoungGen      total 40000K, used 39968K [0x00000000fa000000, 0x00000000fee90000, 0x0000000100000000)
  eden space 39744K, 100% used [0x00000000fa000000,0x00000000fc6d0000,0x00000000fc6d0000)
  from space 256K, 87% used [0x00000000fee00000,0x00000000fee38000,0x00000000fee40000)
  to   space 320K, 0% used [0x00000000fee40000,0x00000000fee40000,0x00000000fee90000)
 ParOldGen       total 103872K, used 75724K [0x00000000e8000000, 0x00000000ee570000, 0x00000000fa000000)
  object space 103872K, 72% used [0x00000000e8000000,0x00000000ec9f32f0,0x00000000ee570000)
 PSPermGen       total 102976K, used 58186K [0x00000000e0000000, 0x00000000e6490000, 0x00000000e8000000)
  object space 102976K, 56% used [0x00000000e0000000,0x00000000e38d28b8,0x00000000e6490000)
Event: 33269.049 GC heap after
Heap after GC invocations=373 (full 3):
 PSYoungGen      total 38976K, used 224K [0x00000000fa000000, 0x00000000fee80000, 0x0000000100000000)
  eden space 38720K, 0% used [0x00000000fa000000,0x00000000fa000000,0x00000000fc5d0000)
  from space 256K, 87% used [0x00000000fee40000,0x00000000fee78000,0x00000000fee80000)
  to   space 384K, 0% used [0x00000000fedc0000,0x00000000fedc0000,0x00000000fee20000)
 ParOldGen       total 103872K, used 75724K [0x00000000e8000000, 0x00000000ee570000, 0x00000000fa000000)
  object space 103872K, 72% used [0x00000000e8000000,0x00000000ec9f32f0,0x00000000ee570000)
 PSPermGen       total 102976K, used 58186K [0x00000000e0000000, 0x00000000e6490000, 0x00000000e8000000)
  object space 102976K, 56% used [0x00000000e0000000,0x00000000e38d28b8,0x00000000e6490000)
}
Event: 33326.035 GC heap before
{Heap before GC invocations=374 (full 3):
 PSYoungGen      total 38976K, used 38944K [0x00000000fa000000, 0x00000000fee80000, 0x0000000100000000)
  eden space 38720K, 100% used [0x00000000fa000000,0x00000000fc5d0000,0x00000000fc5d0000)
  from space 256K, 87% used [0x00000000fee40000,0x00000000fee78000,0x00000000fee80000)
  to   space 384K, 0% used [0x00000000fedc0000,0x00000000fedc0000,0x00000000fee20000)
 ParOldGen       total 103872K, used 75724K [0x00000000e8000000, 0x00000000ee570000, 0x00000000fa000000)
  object space 103872K, 72% used [0x00000000e8000000,0x00000000ec9f32f0,0x00000000ee570000)
 PSPermGen       total 102976K, used 58186K [0x00000000e0000000, 0x00000000e6490000, 0x00000000e8000000)
  object space 102976K, 56% used [0x00000000e0000000,0x00000000e38d28b8,0x00000000e6490000)
Event: 33326.047 GC heap after
Heap after GC invocations=374 (full 3):
 PSYoungGen      total 37952K, used 256K [0x00000000fa000000, 0x00000000fee50000, 0x0000000100000000)
  eden space 37696K, 0% used [0x00000000fa000000,0x00000000fa000000,0x00000000fc4d0000)
  from space 256K, 100% used [0x00000000fedc0000,0x00000000fee00000,0x00000000fee00000)
  to   space 320K, 0% used [0x00000000fee00000,0x00000000fee00000,0x00000000fee50000)
 ParOldGen       total 103872K, used 75724K [0x00000000e8000000, 0x00000000ee570000, 0x00000000fa000000)
  object space 103872K, 72% used [0x00000000e8000000,0x00000000ec9f32f0,0x00000000ee570000)
 PSPermGen       total 102976K, used 58186K [0x00000000e0000000, 0x00000000e6490000, 0x00000000e8000000)
  object space 102976K, 56% used [0x00000000e0000000,0x00000000e38d28b8,0x00000000e6490000)
}
Event: 33380.035 GC heap before
{Heap before GC invocations=375 (full 3):
 PSYoungGen      total 37952K, used 37952K [0x00000000fa000000, 0x00000000fee50000, 0x0000000100000000)
  eden space 37696K, 100% used [0x00000000fa000000,0x00000000fc4d0000,0x00000000fc4d0000)
  from space 256K, 100% used [0x00000000fedc0000,0x00000000fee00000,0x00000000fee00000)
  to   space 320K, 0% used [0x00000000fee00000,0x00000000fee00000,0x00000000fee50000)
 ParOldGen       total 103872K, used 75724K [0x00000000e8000000, 0x00000000ee570000, 0x00000000fa000000)
  object space 103872K, 72% used [0x00000000e8000000,0x00000000ec9f32f0,0x00000000ee570000)
 PSPermGen       total 102976K, used 58186K [0x00000000e0000000, 0x00000000e6490000, 0x00000000e8000000)
  object space 102976K, 56% used [0x00000000e0000000,0x00000000e38d28b8,0x00000000e6490000)
Event: 33380.040 GC heap after
Heap after GC invocations=375 (full 3):
 PSYoungGen      total 37056K, used 288K [0x00000000fa000000, 0x00000000fee50000, 0x0000000100000000)
  eden space 36736K, 0% used [0x00000000fa000000,0x00000000fa000000,0x00000000fc3e0000)
  from space 320K, 90% used [0x00000000fee00000,0x00000000fee48000,0x00000000fee50000)
  to   space 384K, 0% used [0x00000000fed90000,0x00000000fed90000,0x00000000fedf0000)
 ParOldGen       total 103872K, used 75724K [0x00000000e8000000, 0x00000000ee570000, 0x00000000fa000000)
  object space 103872K, 72% used [0x00000000e8000000,0x00000000ec9f32f0,0x00000000ee570000)
 PSPermGen       total 102976K, used 58186K [0x00000000e0000000, 0x00000000e6490000, 0x00000000e8000000)
  object space 102976K, 56% used [0x00000000e0000000,0x00000000e38d28b8,0x00000000e6490000)
}
Event: 33434.033 GC heap before
{Heap before GC invocations=376 (full 3):
 PSYoungGen      total 37056K, used 37024K [0x00000000fa000000, 0x00000000fee50000, 0x0000000100000000)
  eden space 36736K, 100% used [0x00000000fa000000,0x00000000fc3e0000,0x00000000fc3e0000)
  from space 320K, 90% used [0x00000000fee00000,0x00000000fee48000,0x00000000fee50000)
  to   space 384K, 0% used [0x00000000fed90000,0x00000000fed90000,0x00000000fedf0000)
 ParOldGen       total 103872K, used 75724K [0x00000000e8000000, 0x00000000ee570000, 0x00000000fa000000)
  object space 103872K, 72% used [0x00000000e8000000,0x00000000ec9f32f0,0x00000000ee570000)
 PSPermGen       total 102976K, used 58186K [0x00000000e0000000, 0x00000000e6490000, 0x00000000e8000000)
  object space 102976K, 56% used [0x00000000e0000000,0x00000000e38d28b8,0x00000000e6490000)
Event: 33434.037 GC heap after
Heap after GC invocations=376 (full 3):
 PSYoungGen      total 36096K, used 224K [0x00000000fa000000, 0x00000000fee10000, 0x0000000100000000)
  eden space 35840K, 0% used [0x00000000fa000000,0x00000000fa000000,0x00000000fc300000)
  from space 256K, 87% used [0x00000000fed90000,0x00000000fedc8000,0x00000000fedd0000)
  to   space 256K, 0% used [0x00000000fedd0000,0x00000000fedd0000,0x00000000fee10000)
 ParOldGen       total 103872K, used 75724K [0x00000000e8000000, 0x00000000ee570000, 0x00000000fa000000)
  object space 103872K, 72% used [0x00000000e8000000,0x00000000ec9f32f0,0x00000000ee570000)
 PSPermGen       total 102976K, used 58186K [0x00000000e0000000, 0x00000000e6490000, 0x00000000e8000000)
  object space 102976K, 56% used [0x00000000e0000000,0x00000000e38d28b8,0x00000000e6490000)
}

Deoptimization events (10 events):
Event: 26456.053 Thread 0x000000004dedf800 Uncommon trap -58 fr.pc 0x00000000245a105c
Event: 26456.053 Thread 0x000000004dedf800 Uncommon trap -58 fr.pc 0x00000000245a105c
Event: 26456.053 Thread 0x000000004dedf800 Uncommon trap -58 fr.pc 0x00000000245a105c
Event: 26456.053 Thread 0x000000004dedf800 Uncommon trap -58 fr.pc 0x00000000245a105c
Event: 26456.053 Thread 0x000000004dedf800 Uncommon trap -58 fr.pc 0x000000002464c754
Event: 26456.382 Thread 0x000000004dedf800 Uncommon trap -58 fr.pc 0x000000002459e270
Event: 26456.382 Thread 0x000000004dedf800 Uncommon trap -58 fr.pc 0x000000002464c754
Event: 33464.812 Thread 0x000000004dedf800 Uncommon trap -58 fr.pc 0x000000002458b70c
Event: 33464.814 Thread 0x000000004dedf800 Uncommon trap -58 fr.pc 0x000000002458b70c
Event: 33464.817 Thread 0x000000004dedf800 Uncommon trap -83 fr.pc 0x000000002458d7c4

Internal exceptions (10 events):
Event: 1106.552 Thread 0x000000004dedf800 Threw 0x00000000fa069968 at C:\jdk7u2_64p\jdk7u25\hotspot\src\share\vm\prims\jvm.cpp:1235
Event: 1106.554 Thread 0x000000004dedf800 Threw 0x00000000fa08a5d8 at C:\jdk7u2_64p\jdk7u25\hotspot\src\share\vm\prims\jvm.cpp:1235
Event: 1106.556 Thread 0x000000004dedf800 Threw 0x00000000fa0a8128 at C:\jdk7u2_64p\jdk7u25\hotspot\src\share\vm\prims\jvm.cpp:1235
Event: 1106.558 Thread 0x000000004dedf800 Threw 0x00000000fa0c66a0 at C:\jdk7u2_64p\jdk7u25\hotspot\src\share\vm\prims\jvm.cpp:1235
Event: 1106.560 Thread 0x000000004dedf800 Threw 0x00000000fa0ee458 at C:\jdk7u2_64p\jdk7u25\hotspot\src\share\vm\prims\jvm.cpp:1235
Event: 1106.562 Thread 0x000000004dedf800 Threw 0x00000000fa10dac8 at C:\jdk7u2_64p\jdk7u25\hotspot\src\share\vm\prims\jvm.cpp:1235
Event: 1107.713 Thread 0x000000004dedf800 Implicit null exception at 0x000000002460f864 to 0x0000000024611ab5
Event: 1121.794 Thread 0x000000004dedf800 Threw 0x00000000faec4150 at C:\jdk7u2_64p\jdk7u25\hotspot\src\share\vm\prims\jvm.cpp:1235
Event: 26441.700 Thread 0x000000004dedf800 Threw 0x00000000fa000388 at C:\jdk7u2_64p\jdk7u25\hotspot\src\share\vm\prims\jvm.cpp:1235
Event: 26449.451 Thread 0x000000004dedf800 Implicit null exception at 0x0000000024601c22 to 0x0000000024602681

Events (10 events):
Event: 33464.812 loading class 0x0000000023a5b9d0 done
Event: 33464.812 loading class 0x0000000023a5b990
Event: 33464.812 loading class 0x0000000023a5b990 done
Event: 33464.812 Thread 0x000000004dedf800 DEOPT PACKING pc=0x000000002458b70c sp=0x00000000abffe930
Event: 33464.812 Thread 0x000000004dedf800 DEOPT UNPACKING pc=0x0000000024179164 sp=0x00000000abffe8d8 mode 2
Event: 33464.814 Thread 0x000000004dedf800 DEOPT PACKING pc=0x000000002458b70c sp=0x00000000abffe980
Event: 33464.814 Thread 0x000000004dedf800 DEOPT UNPACKING pc=0x0000000024179164 sp=0x00000000abffe928 mode 2
Event: 33464.817 Thread 0x000000004dedf800 DEOPT PACKING pc=0x000000002458d7c4 sp=0x00000000abffd770
Event: 33464.817 Thread 0x000000004dedf800 DEOPT UNPACKING pc=0x0000000024179164 sp=0x00000000abffd6b0 mode 2
Event: 33464.901 Thread 0x0000000064c3c000 Thread added: 0x0000000064c3c000


Dynamic libraries:
0x0000000140000000 - 0x0000000140029000 	C:\Program Files\MATLAB\R2013b\bin\win64\MATLAB.exe
0x0000000076e10000 - 0x0000000076fb9000 	C:\Windows\SYSTEM32\ntdll.dll
0x0000000076cf0000 - 0x0000000076e0f000 	C:\Windows\system32\kernel32.dll
0x000007fefcd90000 - 0x000007fefcdfb000 	C:\Windows\system32\KERNELBASE.dll
0x000000006f060000 - 0x000000006f3dc000 	C:\Program Files\MATLAB\R2013b\bin\win64\libmwservices.dll
0x000000006fe80000 - 0x000000006ff56000 	C:\Program Files\MATLAB\R2013b\bin\win64\libmwi18n.dll
0x000000006fe70000 - 0x000000006fe7d000 	C:\Program Files\MATLAB\R2013b\bin\win64\libmwresource_core.dll
0x0000000070920000 - 0x00000000709b8000 	C:\Program Files\MATLAB\R2013b\bin\win64\MSVCP100.dll
0x0000000070840000 - 0x0000000070912000 	C:\Program Files\MATLAB\R2013b\bin\win64\MSVCR100.dll
0x0000000069440000 - 0x000000006944e000 	C:\Program Files\MATLAB\R2013b\bin\win64\boost_date_time-vc100-mt-1_49.dll
0x000000005c410000 - 0x000000005c43c000 	C:\Program Files\MATLAB\R2013b\bin\win64\boost_filesystem-vc100-mt-1_49.dll
0x0000000067b10000 - 0x0000000067b19000 	C:\Program Files\MATLAB\R2013b\bin\win64\boost_system-vc100-mt-1_49.dll
0x000007fefef90000 - 0x000007feff06b000 	C:\Windows\system32\ADVAPI32.dll
0x000007fefe210000 - 0x000007fefe2af000 	C:\Windows\system32\msvcrt.dll
0x000007fefe7e0000 - 0x000007fefe7ff000 	C:\Windows\SYSTEM32\sechost.dll
0x000007fefdf80000 - 0x000007fefe0ad000 	C:\Windows\system32\RPCRT4.dll
0x000000005c350000 - 0x000000005c375000 	C:\Program Files\MATLAB\R2013b\bin\win64\LIBEXPAT.dll
0x0000000057290000 - 0x000000005741a000 	C:\Program Files\MATLAB\R2013b\bin\win64\icuin49.dll
0x0000000057150000 - 0x000000005728e000 	C:\Program Files\MATLAB\R2013b\bin\win64\icuuc49.dll
0x00000000505a0000 - 0x00000000516c2000 	C:\Program Files\MATLAB\R2013b\bin\win64\icudt49.dll
0x0000000066320000 - 0x0000000066330000 	C:\Program Files\MATLAB\R2013b\bin\win64\icuio49.dll
0x0000000004230000 - 0x00000000042eb000 	C:\Program Files\MATLAB\R2013b\bin\win64\libut.dll
0x000000006f960000 - 0x000000006fb07000 	C:\Program Files\MATLAB\R2013b\bin\win64\libmwfl.dll
0x00000000042f0000 - 0x00000000046ff000 	C:\Program Files\MATLAB\R2013b\bin\win64\libmwMATLAB_res.dll
0x000000005ca40000 - 0x000000005cb1f000 	C:\Program Files\MATLAB\R2013b\bin\win64\boost_regex-vc100-mt-1_49.dll
0x0000000076ab0000 - 0x0000000076baa000 	C:\Windows\system32\USER32.dll
0x000007fefe1a0000 - 0x000007fefe207000 	C:\Windows\system32\GDI32.dll
0x000007fefe370000 - 0x000007fefe37e000 	C:\Windows\system32\LPK.dll
0x000007fefce80000 - 0x000007fefcf49000 	C:\Windows\system32\USP10.dll
0x0000000067410000 - 0x0000000067421000 	C:\Program Files\MATLAB\R2013b\bin\win64\boost_signals-vc100-mt-1_49.dll
0x0000000064bc0000 - 0x0000000064bd1000 	C:\Program Files\MATLAB\R2013b\bin\win64\boost_thread-vc100-mt-1_49.dll
0x000000005db80000 - 0x000000005dc0c000 	C:\Program Files\MATLAB\R2013b\bin\win64\boost_log-vc100-mt-1_49.dll
0x0000000076fd0000 - 0x0000000076fd7000 	C:\Windows\system32\PSAPI.DLL
0x000007feff070000 - 0x000007feff0bd000 	C:\Windows\system32\WS2_32.dll
0x000007fefe190000 - 0x000007fefe198000 	C:\Windows\system32\NSI.dll
0x000007fee18a0000 - 0x000007fee18d3000 	C:\Program Files\MATLAB\R2013b\bin\win64\tbb.dll
0x000007fefe350000 - 0x000007fefe369000 	C:\Windows\system32\imagehlp.dll
0x000007fefcb20000 - 0x000007fefcb4c000 	C:\Windows\system32\POWRPROF.dll
0x000007fefe800000 - 0x000007fefe9d7000 	C:\Windows\system32\SETUPAPI.dll
0x000007fefcb50000 - 0x000007fefcb86000 	C:\Windows\system32\CFGMGR32.dll
0x000007fefe0b0000 - 0x000007fefe187000 	C:\Windows\system32\OLEAUT32.dll
0x000007fefcf50000 - 0x000007fefd153000 	C:\Windows\system32\ole32.dll
0x000007fefcd70000 - 0x000007fefcd8a000 	C:\Windows\system32\DEVOBJ.dll
0x0000000004700000 - 0x00000000047fb000 	C:\Program Files\MATLAB\R2013b\bin\win64\libmx.dll
0x000007fee1f20000 - 0x000007fee1f48000 	C:\Program Files\MATLAB\R2013b\bin\win64\tbbmalloc.dll
0x0000000064b00000 - 0x0000000064b17000 	C:\Program Files\MATLAB\R2013b\bin\win64\zlib1.dll
0x000000006ef00000 - 0x000000006ef4e000 	C:\Program Files\MATLAB\R2013b\bin\win64\libmwregexp.dll
0x000000006eeb0000 - 0x000000006eef7000 	C:\Program Files\MATLAB\R2013b\bin\win64\mpath.dll
0x0000000004800000 - 0x0000000004e28000 	C:\Program Files\MATLAB\R2013b\bin\win64\mlutil.dll
0x000000006e870000 - 0x000000006e8e7000 	C:\Program Files\MATLAB\R2013b\bin\win64\xmlcore.dll
0x000000005c780000 - 0x000000005c9c1000 	C:\Program Files\MATLAB\R2013b\bin\win64\xerces-c_2_7.dll
0x000000006e5f0000 - 0x000000006e613000 	C:\Program Files\MATLAB\R2013b\bin\win64\libmwMATLAB_settings_res.dll
0x0000000069880000 - 0x0000000069890000 	C:\Program Files\MATLAB\R2013b\bin\win64\boost_iostreams-vc100-mt-1_49.dll
0x000000005cc00000 - 0x000000005cc46000 	C:\Program Files\MATLAB\R2013b\bin\win64\boost_serialization-vc100-mt-1_49.dll
0x000007fefd160000 - 0x000007fefdee8000 	C:\Windows\system32\SHELL32.dll
0x000007fefce00000 - 0x000007fefce71000 	C:\Windows\system32\SHLWAPI.dll
0x000000006e580000 - 0x000000006e586000 	C:\Program Files\MATLAB\R2013b\bin\win64\libmwnativedisplay.dll
0x00000000685f0000 - 0x000000006863d000 	C:\Program Files\MATLAB\R2013b\bin\win64\opccore.dll
0x00000000684f0000 - 0x00000000685c6000 	C:\Program Files\MATLAB\R2013b\bin\win64\opcmodel.dll
0x00000000684c0000 - 0x00000000684ed000 	C:\Program Files\MATLAB\R2013b\bin\win64\opczippackage.dll
0x0000000068130000 - 0x000000006813e000 	C:\Program Files\MATLAB\R2013b\bin\win64\libminizip.dll
0x0000000068340000 - 0x00000000683a6000 	C:\Program Files\MATLAB\R2013b\bin\win64\opcmwservices.dll
0x000007fefaf30000 - 0x000007fefafd0000 	C:\Windows\WinSxS\amd64_microsoft.windows.common-controls_6595b64144ccf1df_5.82.7601.18201_none_a4d3b9377117c3df\COMCTL32.dll
0x000007fefebf0000 - 0x000007fefec87000 	C:\Windows\system32\COMDLG32.dll
0x000007fefb830000 - 0x000007fefb846000 	C:\Windows\system32\NETAPI32.dll
0x000007fefb820000 - 0x000007fefb82c000 	C:\Windows\system32\netutils.dll
0x000007fefc400000 - 0x000007fefc423000 	C:\Windows\system32\srvcli.dll
0x000007fefb800000 - 0x000007fefb815000 	C:\Windows\system32\wkscli.dll
0x000000006e4d0000 - 0x000000006e57d000 	C:\Program Files\MATLAB\R2013b\bin\win64\mcr.dll
0x000000006e110000 - 0x000000006e4d0000 	C:\Program Files\MATLAB\R2013b\bin\win64\iqm.dll
0x0000000180000000 - 0x00000001800c2000 	C:\Program Files\MATLAB\R2013b\bin\win64\m_dispatcher.dll
0x0000000004e30000 - 0x000000000562b000 	C:\Program Files\MATLAB\R2013b\bin\win64\m_interpreter.dll
0x000000006d760000 - 0x000000006d784000 	C:\Program Files\MATLAB\R2013b\bin\win64\libmex.dll
0x000000006d6e0000 - 0x000000006d75b000 	C:\Program Files\MATLAB\R2013b\bin\win64\profiler.dll
0x000000006d450000 - 0x000000006d5c8000 	C:\Program Files\MATLAB\R2013b\bin\win64\libmwmathutil.dll
0x000000006d420000 - 0x000000006d447000 	C:\Program Files\MATLAB\R2013b\bin\win64\libmwmathrng.dll
0x000000006d410000 - 0x000000006d420000 	C:\Program Files\MATLAB\R2013b\bin\win64\libmwmfl_rng.dll
0x0000000005630000 - 0x0000000005748000 	C:\Program Files\MATLAB\R2013b\bin\win64\libmwmathcore.dll
0x000000006d2b0000 - 0x000000006d313000 	C:\Program Files\MATLAB\R2013b\bin\win64\libmwspmatrix.dll
0x0000000005750000 - 0x00000000059b2000 	C:\Program Files\MATLAB\R2013b\bin\win64\mcos.dll
0x000000006cfc0000 - 0x000000006d01c000 	C:\Program Files\MATLAB\R2013b\bin\win64\libmwcholmod.dll
0x000000006cfb0000 - 0x000000006cfbc000 	C:\Program Files\MATLAB\R2013b\bin\win64\libmwamd.dll
0x000000006cfa0000 - 0x000000006cfab000 	C:\Program Files\MATLAB\R2013b\bin\win64\libmwcolamd.dll
0x000000006cf80000 - 0x000000006cf93000 	C:\Program Files\MATLAB\R2013b\bin\win64\libmwblas.dll
0x000000006cf60000 - 0x000000006cf75000 	C:\Program Files\MATLAB\R2013b\bin\win64\libmwbinder.dll
0x000000006cf50000 - 0x000000006cf5b000 	C:\Program Files\MATLAB\R2013b\bin\win64\libmwompwrapper.dll
0x000000006ced0000 - 0x000000006cf4f000 	C:\Program Files\MATLAB\R2013b\bin\win64\libmwlapack.dll
0x000000006ceb0000 - 0x000000006ced0000 	C:\Program Files\MATLAB\R2013b\bin\win64\m_pcodeio.dll
0x000000006ce50000 - 0x000000006ceac000 	C:\Program Files\MATLAB\R2013b\bin\win64\m_ir.dll
0x00000000059c0000 - 0x0000000006075000 	C:\Program Files\MATLAB\R2013b\bin\win64\m_parser.dll
0x000000006c780000 - 0x000000006c797000 	C:\Program Files\MATLAB\R2013b\bin\win64\ir_xfmr.dll
0x000000006c770000 - 0x000000006c780000 	C:\Program Files\MATLAB\R2013b\bin\win64\mtok.dll
0x000000006c740000 - 0x000000006c768000 	C:\Program Files\MATLAB\R2013b\bin\win64\m_pcodegen.dll
0x000007fef27f0000 - 0x000007fef2915000 	C:\Windows\system32\dbghelp.dll
0x000000006c710000 - 0x000000006c73f000 	C:\Program Files\MATLAB\R2013b\bin\win64\libmwbridge.dll
0x000000006c650000 - 0x000000006c706000 	C:\Program Files\MATLAB\R2013b\bin\win64\udd.dll
0x0000000006080000 - 0x00000000061d1000 	C:\Program Files\MATLAB\R2013b\bin\win64\libmwgui.dll
0x000000006c4d0000 - 0x000000006c4f8000 	C:\Program Files\MATLAB\R2013b\bin\win64\graphics_util.dll
0x000000005c290000 - 0x000000005c348000 	C:\Program Files\MATLAB\R2013b\bin\win64\libtex_base.dll
0x000000006bac0000 - 0x000000006c426000 	C:\Program Files\MATLAB\R2013b\bin\win64\hg.dll
0x000000006ba60000 - 0x000000006babd000 	C:\Program Files\MATLAB\R2013b\bin\win64\libmat.dll
0x000000006b850000 - 0x000000006ba58000 	C:\Program Files\MATLAB\R2013b\bin\win64\hdf5dll.dll
0x000000006b780000 - 0x000000006b848000 	C:\Program Files\MATLAB\R2013b\bin\win64\jmi.dll
0x000000006b770000 - 0x000000006b77e000 	C:\Program Files\MATLAB\R2013b\bin\win64\nativejava_services.dll
0x00000000061e0000 - 0x0000000006222000 	C:\Program Files\MATLAB\R2013b\bin\win64\libmwhardcopy.dll
0x000000006b6d0000 - 0x000000006b72e000 	C:\Program Files\MATLAB\R2013b\bin\win64\libuij.dll
0x000000006b490000 - 0x000000006b695000 	C:\Program Files\MATLAB\R2013b\bin\win64\hgdatatypes.dll
0x0000000006230000 - 0x0000000006342000 	C:\Program Files\MATLAB\R2013b\bin\win64\hgutils.dll
0x000000006b2f0000 - 0x000000006b39e000 	C:\Program Files\MATLAB\R2013b\bin\win64\udd_mi.dll
0x000000006b2b0000 - 0x000000006b2e6000 	C:\Program Files\MATLAB\R2013b\bin\win64\libmwgbtutils.dll
0x000000006b290000 - 0x000000006b2a3000 	C:\Program Files\MATLAB\R2013b\bin\win64\libmwgbt.dll
0x000000006afc0000 - 0x000000006b28f000 	C:\Program Files\MATLAB\R2013b\bin\win64\uiw.dll
0x000000006afb0000 - 0x000000006afb9000 	C:\Program Files\MATLAB\R2013b\bin\win64\uinone.dll
0x000000006af80000 - 0x000000006afac000 	C:\Program Files\MATLAB\R2013b\bin\win64\libmwnativedialogs.dll
0x000000006af70000 - 0x000000006af7c000 	C:\Program Files\MATLAB\R2013b\bin\win64\libmwplatform_res.dll
0x000007fef79b0000 - 0x000007fef79c8000 	C:\Windows\system32\MPR.dll
0x0000000054250000 - 0x00000000547ad000 	C:\Program Files\MATLAB\R2013b\bin\win64\mfc100.dll
0x000007fefaf20000 - 0x000007fefaf27000 	C:\Windows\system32\MSIMG32.dll
0x000007fef9d70000 - 0x000007fef9de1000 	C:\Windows\system32\WINSPOOL.DRV
0x000000006af50000 - 0x000000006af6d000 	C:\Program Files\MATLAB\R2013b\bin\win64\mwoles05.DLL
0x000000006aee0000 - 0x000000006af4c000 	C:\Program Files\MATLAB\R2013b\bin\win64\comcli.dll
0x000000005c3e0000 - 0x000000005c40b000 	C:\Program Files\MATLAB\R2013b\bin\win64\ATL100.DLL
0x000000006aed0000 - 0x000000006aedc000 	C:\Program Files\MATLAB\R2013b\bin\win64\mlautoregister.dll
0x0000000006350000 - 0x00000000064bf000 	C:\Program Files\MATLAB\R2013b\bin\win64\mvm.dll
0x000007fefec90000 - 0x000007fefecbe000 	C:\Windows\system32\IMM32.DLL
0x000007fefeae0000 - 0x000007fefebe9000 	C:\Windows\system32\MSCTF.dll
0x000007fefc8d0000 - 0x000007fefc910000 	C:\Windows\system32\nvinitx.dll
0x000000000f000000 - 0x000000000f006000 	C:\Program Files\NVIDIA Corporation\CoProcManager\_etoured.dll

VM Arguments:
jvm_args: -XX:PermSize=32m -Xms64m -XX:NewRatio=3 -XX:MaxPermSize=128m -Xmx384m -XX:MaxDirectMemorySize=2147400000 -Dsun.java2d.noddraw=true -Dsun.awt.nopixfmt=true -Xshare:off -Xrs -XX:-UseSplitVerifier -Djava.library.path=C:\Program Files\MATLAB\R2013b\bin\win64;C:\Program Files\MATLAB\R2013b\sys\jxbrowser\win64\lib vfprintf abort -Duser.language=en -Duser.country=US -XX:ParallelGCThreads=6 
java_command: <unknown>
Launcher Type: generic

Environment Variables:
PATH=C:\Program Files (x86)\Intel\iCLS Client\;C:\Program Files\Intel\iCLS Client\;C:\Windows\system32;C:\Windows;C:\Windows\System32\Wbem;C:\Windows\System32\WindowsPowerShell\v1.0\;C:\Program Files\Intel\Intel(R) Management Engine Components\DAL;C:\Program Files\Intel\Intel(R) Management Engine Components\IPT;C:\Program Files (x86)\Intel\Intel(R) Management Engine Components\DAL;C:\Program Files (x86)\Intel\Intel(R) Management Engine Components\IPT;C:\Program Files\Intel\WiFi\bin\;C:\Program Files\Common Files\Intel\WirelessCommon\;C:\Program Files\Lenovo\Fingerprint Manager Pro\;C:\Program Files (x86)\Common Files\Lenovo;C:\SWTOOLS\ReadyApps;C:\Program Files (x86)\Intel\OpenCL SDK\3.0\bin\x86;C:\Program Files (x86)\Intel\OpenCL SDK\3.0\bin\x64;C:\Program Files\Microsoft SQL Server\110\Tools\Binn\;C:\Program Files\MATLAB\R2013b\runtime\win64;C:\Program Files\MATLAB\R2013b\bin;C:\Program Files\Microsoft Windows Performance Toolkit\;C:\Program Files\MiKTeX 2.9\miktex\bin\x64\;C:\Program Files (x86)\Lenovo\Access Connections\;C:\PROGRA~2\F-Secure\SSHTRI~1;C:\Program Files\Java\jre7\bin;
USERNAME=he
OS=Windows_NT
PROCESSOR_IDENTIFIER=Intel64 Family 6 Model 60 Stepping 3, GenuineIntel



---------------  S Y S T E M  ---------------

OS: Windows 7 , 64 bit Build 7601 Service Pack 1

CPU:total 8 (4 cores per cpu, 2 threads per core) family 6 model 60 stepping 3, cmov, cx8, fxsr, mmx, sse, sse2, sse3, ssse3, sse4.1, sse4.2, popcnt, avx, avx2, ht, tsc, tscinvbit

Memory: 4k page, physical 8069644k(4941676k free), swap 16137428k(10395392k free)

vm_info: Java HotSpot(TM) 64-Bit Server VM (23.25-b01) for windows-amd64 JRE (1.7.0_25-b17), built on Jun 21 2013 12:58:32 by "java_re" with unknown MS VC++:1600

time: Mon Jan 26 18:40:09 2015
elapsed time: 33465 seconds

