#
# A fatal error has been detected by the Java Runtime Environment:
#
#  EXCEPTION_ACCESS_VIOLATION (0xc0000005) at pc=0x000000005b3a0294, pid=1884, tid=7792
#
# JRE version: 7.0_11-b21
# Java VM: Java HotSpot(TM) 64-Bit Server VM (23.6-b04 mixed mode windows-amd64 compressed oops)
# Problematic frame:
# C  0x000000005b3a0294
#
# Failed to write core dump. Minidumps are not enabled by default on client versions of Windows
#
# If you would like to submit a bug report, please visit:
#   http://bugreport.sun.com/bugreport/crash.jsp
# The crash happened outside the Java Virtual Machine in native code.
# See problematic frame for where to report the bug.
#

---------------  T H R E A D  ---------------

Current thread (0x00000000568cc800):  JavaThread "AWT-EventQueue-0" [_thread_in_native, id=7792, stack(0x00000000a0000000,0x00000000a4000000)]

siginfo: ExceptionCode=0xc0000005, reading address 0x000000000000006c

Registers:
RAX=0x000000000000001b, RBX=0x000000001f360001, RCX=0x000000000000001b, RDX=0x0000000000000000
RSP=0x00000000a3ffdfe0, RBP=0x0000000000000000, RSI=0x0000000000000280, RDI=0x00000000000001ca
R8 =0x00000000ff00233d, R9 =0x00000000fa739c14, R10=0x000000000000027f, R11=0x0000000000000000
R12=0x0000000000000000, R13=0x00000000fffffff8, R14=0x00000000ffffffe2, R15=0x0000000000000000
RIP=0x000000005b3a0294, EFLAGS=0x0000000000010213

Top of Stack: (sp=0x00000000a3ffdfe0)
0x00000000a3ffdfe0:   000000005b4bbb58 000000005b3820df
0x00000000a3ffdff0:   00000000568cc9d8 00000000a3ffe0f0
0x00000000a3ffe000:   0000000020295e40 000000002069f500
0x00000000a3ffe010:   00000000a3ffe0f0 00000000a3ffe050
0x00000000a3ffe020:   000000005b4bbb58 00000000a3ffe1c0
0x00000000a3ffe030:   0000000000000008 0000001e00000008
0x00000000a3ffe040:   000001e800000288 0000000023951cea
0x00000000a3ffe050:   0000001e00000008 000001e800000288
0x00000000a3ffe060:   000000001f35b4f8 0000000100000000
0x00000000a3ffe070:   0000000000000280 0000000000000000
0x00000000a3ffe080:   0000000000000000 0000000000000000
0x00000000a3ffe090:   0000000000000000 0000000000000000
0x00000000a3ffe0a0:   0000000000000000 000000000000000a
0x00000000a3ffe0b0:   00000000568cc800 00000000a3ffe1e8
0x00000000a3ffe0c0:   00000000a3ffe220 0000000000000000
0x00000000a3ffe0d0:   00000000e80e0da8 000000005591acce 

Instructions: (pc=0x000000005b3a0294)
0x000000005b3a0274:   00 00 6b c0 1d 6b c9 4d 03 d1 8d 84 02 80 00 00
0x000000005b3a0284:   00 99 0f b6 d2 03 c2 c1 f8 08 41 ff ca 0f b6 c8
0x000000005b3a0294:   41 0f b6 04 8c 88 43 ff 75 b2 4d 03 cb 48 03 dd
0x000000005b3a02a4:   ff cf 75 98 48 8b 5c 24 10 48 8b 6c 24 18 48 8b 


Register to memory mapping:

RAX=0x000000000000001b is an unknown value
RBX=0x000000001f360001 is an unknown value
RCX=0x000000000000001b is an unknown value
RDX=0x0000000000000000 is an unknown value
RSP=0x00000000a3ffdfe0 is pointing into the stack for thread: 0x00000000568cc800
RBP=0x0000000000000000 is an unknown value
RSI=0x0000000000000280 is an unknown value
RDI=0x00000000000001ca is an unknown value
R8 =0x00000000ff00233d is an unallocated location in the heap
R9 =0x00000000fa739c14 is an unknown value
R10=0x000000000000027f is an unknown value
R11=0x0000000000000000 is an unknown value
R12=0x0000000000000000 is an unknown value
R13=0x00000000fffffff8 is an unallocated location in the heap
R14=0x00000000ffffffe2 is an unallocated location in the heap
R15=0x0000000000000000 is an unknown value


Stack: [0x00000000a0000000,0x00000000a4000000],  sp=0x00000000a3ffdfe0,  free space=65527k
Native frames: (J=compiled Java code, j=interpreted, Vv=VM code, C=native code)
C  0x000000005b3a0294

[error occurred during error reporting (printing native stack), id 0xc0000005]

Java frames: (J=compiled Java code, j=interpreted, Vv=VM code)
J  sun.java2d.loops.Blit.Blit(Lsun/java2d/SurfaceData;Lsun/java2d/SurfaceData;Ljava/awt/Composite;Lsun/java2d/pipe/Region;IIIIII)V
J  sun.java2d.pipe.DrawImage.copyImage(Lsun/java2d/SunGraphics2D;Ljava/awt/Image;IILjava/awt/Color;Ljava/awt/image/ImageObserver;)Z
J  javax.swing.RepaintManager$PaintManager.paintDoubleBuffered(Ljavax/swing/JComponent;Ljava/awt/Image;Ljava/awt/Graphics;IIII)V
J  javax.swing.RepaintManager$PaintManager.paint(Ljavax/swing/JComponent;Ljavax/swing/JComponent;Ljava/awt/Graphics;IIII)Z
J  javax.swing.JComponent.paint(Ljava/awt/Graphics;)V
j  java.awt.GraphicsCallback$PaintCallback.run(Ljava/awt/Component;Ljava/awt/Graphics;)V+2
j  sun.awt.SunGraphicsCallback.runOneComponent(Ljava/awt/Component;Ljava/awt/Rectangle;Ljava/awt/Graphics;Ljava/awt/Shape;I)V+155
j  sun.awt.SunGraphicsCallback.runComponents([Ljava/awt/Component;Ljava/awt/Graphics;I)V+194
j  java.awt.Container.paint(Ljava/awt/Graphics;)V+58
j  java.awt.Window.paint(Ljava/awt/Graphics;)V+68
J  javax.swing.RepaintManager.paintDirtyRegions(Ljava/util/Map;)V
j  javax.swing.RepaintManager.paintDirtyRegions()V+46
j  javax.swing.RepaintManager.prePaintDirtyRegions()V+73
j  javax.swing.RepaintManager.access$700(Ljavax/swing/RepaintManager;)V+1
j  javax.swing.RepaintManager$ProcessingRunnable.run()V+37
J  java.awt.event.InvocationEvent.dispatch()V
J  java.awt.EventQueue$3.run()Ljava/lang/Object;
v  ~StubRoutines::call_stub
J  java.security.AccessController.doPrivileged(Ljava/security/PrivilegedAction;Ljava/security/AccessControlContext;)Ljava/lang/Object;
J  java.awt.EventDispatchThread.pumpOneEventForFilters(I)V
J  java.awt.EventDispatchThread.pumpEventsForFilter(ILjava/awt/Conditional;Ljava/awt/EventFilter;)V
j  java.awt.EventDispatchThread.pumpEventsForHierarchy(ILjava/awt/Conditional;Ljava/awt/Component;)V+11
j  java.awt.EventDispatchThread.pumpEvents(ILjava/awt/Conditional;)V+4
j  java.awt.EventDispatchThread.pumpEvents(Ljava/awt/Conditional;)V+3
j  java.awt.EventDispatchThread.run()V+9
v  ~StubRoutines::call_stub

---------------  P R O C E S S  ---------------

Java Threads: ( => current thread )
  0x0000000066df5000 JavaThread "Swing-Shell" daemon [_thread_blocked, id=10004, stack(0x00000000bc000000,0x00000000c0000000)]
  0x0000000066df1000 JavaThread "Prefs Updater" daemon [_thread_blocked, id=9556, stack(0x0000000098000000,0x000000009c000000)]
  0x000000005fd56000 JavaThread "Code Analyzer updating thread" [_thread_blocked, id=6264, stack(0x00000001880d0000,0x000000018c0d0000)]
  0x000000005fd55800 JavaThread "Code Analyzer updating thread" [_thread_blocked, id=7968, stack(0x00000001840d0000,0x00000001880d0000)]
  0x000000005fd54800 JavaThread "Code Analyzer updating thread" [_thread_blocked, id=4320, stack(0x00000001800d0000,0x00000001840d0000)]
  0x000000005fd54000 JavaThread "Code Analyzer updating thread" [_thread_blocked, id=6864, stack(0x0000000178030000,0x000000017c030000)]
  0x000000005754f800 JavaThread "Code Analyzer updating thread" [_thread_blocked, id=10216, stack(0x0000000174030000,0x0000000178030000)]
  0x000000005754e800 JavaThread "Code Analyzer updating thread" [_thread_blocked, id=6660, stack(0x0000000170030000,0x0000000174030000)]
  0x000000005754e000 JavaThread "Code Analyzer updating thread" [_thread_blocked, id=1364, stack(0x000000016c030000,0x0000000170030000)]
  0x000000005754d000 JavaThread "Code Analyzer updating thread" [_thread_blocked, id=3196, stack(0x0000000168030000,0x000000016c030000)]
  0x000000005754c800 JavaThread "Code Analyzer updating thread" [_thread_blocked, id=2304, stack(0x0000000164030000,0x0000000168030000)]
  0x000000005754b800 JavaThread "Code Analyzer updating thread" [_thread_blocked, id=5352, stack(0x0000000160030000,0x0000000164030000)]
  0x000000005754b000 JavaThread "Code Analyzer updating thread" [_thread_blocked, id=8156, stack(0x000000015c030000,0x0000000160030000)]
  0x000000005754a000 JavaThread "Code Analyzer updating thread" [_thread_blocked, id=2544, stack(0x0000000158030000,0x000000015c030000)]
  0x0000000057549800 JavaThread "Code Analyzer updating thread" [_thread_blocked, id=11140, stack(0x0000000154030000,0x0000000158030000)]
  0x0000000057548800 JavaThread "Code Analyzer updating thread" [_thread_blocked, id=8416, stack(0x0000000150030000,0x0000000154030000)]
  0x0000000057548000 JavaThread "Code Analyzer updating thread" [_thread_blocked, id=3944, stack(0x000000014c030000,0x0000000150030000)]
  0x0000000057547000 JavaThread "Code Analyzer updating thread" [_thread_blocked, id=9360, stack(0x0000000148030000,0x000000014c030000)]
  0x0000000057541000 JavaThread "Code Analyzer updating thread" [_thread_blocked, id=10828, stack(0x0000000144030000,0x0000000148030000)]
  0x0000000057544000 JavaThread "Code Analyzer updating thread" [_thread_blocked, id=6280, stack(0x0000000140030000,0x0000000144030000)]
  0x0000000057545800 JavaThread "Code Analyzer updating thread" [_thread_blocked, id=7432, stack(0x000000013c000000,0x0000000140000000)]
  0x0000000057545000 JavaThread "Code Analyzer updating thread" [_thread_blocked, id=10824, stack(0x0000000138000000,0x000000013c000000)]
  0x0000000057543800 JavaThread "Code Analyzer updating thread" [_thread_blocked, id=2224, stack(0x0000000134000000,0x0000000138000000)]
  0x0000000057542800 JavaThread "Code Analyzer updating thread" [_thread_blocked, id=7296, stack(0x0000000130000000,0x0000000134000000)]
  0x0000000057540800 JavaThread "Code Analyzer updating thread" [_thread_blocked, id=2404, stack(0x000000012c000000,0x0000000130000000)]
  0x00000000568ce800 JavaThread "Code Analyzer updating thread" [_thread_blocked, id=3184, stack(0x0000000128000000,0x000000012c000000)]
  0x00000000568cf800 JavaThread "Code Analyzer updating thread" [_thread_blocked, id=9048, stack(0x0000000124000000,0x0000000128000000)]
  0x00000000568d2800 JavaThread "Code Analyzer updating thread" [_thread_blocked, id=9312, stack(0x0000000120000000,0x0000000124000000)]
  0x00000000568d3000 JavaThread "Code Analyzer updating thread" [_thread_blocked, id=8028, stack(0x000000011c000000,0x0000000120000000)]
  0x00000000568d7000 JavaThread "Code Analyzer updating thread" [_thread_blocked, id=9704, stack(0x0000000118000000,0x000000011c000000)]
  0x00000000568d7800 JavaThread "Code Analyzer updating thread" [_thread_blocked, id=2020, stack(0x0000000114000000,0x0000000118000000)]
  0x00000000568da800 JavaThread "Code Analyzer updating thread" [_thread_blocked, id=5296, stack(0x0000000110000000,0x0000000114000000)]
  0x00000000568da000 JavaThread "Code Analyzer updating thread" [_thread_blocked, id=4188, stack(0x000000010c000000,0x0000000110000000)]
  0x00000000568d9000 JavaThread "Active Reference Queue Daemon" daemon [_thread_blocked, id=1440, stack(0x0000000108000000,0x000000010c000000)]
  0x00000000568d8800 JavaThread "Timer-1" daemon [_thread_blocked, id=10440, stack(0x0000000104000000,0x0000000108000000)]
  0x00000000568d6000 JavaThread "ClipboardMonitor Timer" daemon [_thread_blocked, id=244, stack(0x0000000100000000,0x0000000104000000)]
  0x00000000568d4800 JavaThread "Explorer NavigationContext request queue" daemon [_thread_blocked, id=10696, stack(0x00000000d8000000,0x00000000dc000000)]
  0x00000000568d0000 JavaThread "AddressBar directory emptiness poller" daemon [_thread_blocked, id=8848, stack(0x00000000d0000000,0x00000000d4000000)]
  0x00000000568d1000 JavaThread "Explorer Refresh Service 1864555197" daemon [_thread_blocked, id=6844, stack(0x00000000cc000000,0x00000000d0000000)]
  0x00000000568ce000 JavaThread "Thread-4" daemon [_thread_blocked, id=9484, stack(0x00000000c0000000,0x00000000c4000000)]
  0x0000000057546800 JavaThread "TimerQueue" daemon [_thread_blocked, id=9152, stack(0x00000000b4000000,0x00000000b8000000)]
  0x00000000568cd000 JavaThread "Thread-3" daemon [_thread_blocked, id=11052, stack(0x00000000a4000000,0x00000000a8000000)]
=>0x00000000568cc800 JavaThread "AWT-EventQueue-0" [_thread_in_native, id=7792, stack(0x00000000a0000000,0x00000000a4000000)]
  0x00000000568cb800 JavaThread "AWT-Shutdown" [_thread_blocked, id=2616, stack(0x0000000090000000,0x0000000094000000)]
  0x0000000056598800 JavaThread "FelixPackageAdmin" daemon [_thread_blocked, id=8908, stack(0x00000000b0000000,0x00000000b4000000)]
  0x0000000056598000 JavaThread "FelixStartLevel" daemon [_thread_blocked, id=10456, stack(0x00000000ac000000,0x00000000b0000000)]
  0x000000005674e000 JavaThread "FelixDispatchQueue" daemon [_thread_blocked, id=5164, stack(0x00000000a8000000,0x00000000ac000000)]
  0x000000005641f000 JavaThread "com.google.common.base.internal.Finalizer" daemon [_thread_blocked, id=3344, stack(0x000000009c000000,0x00000000a0000000)]
  0x000000000ef8f000 JavaThread "AWT-Windows" daemon [_thread_in_native, id=10896, stack(0x0000000094000000,0x0000000098000000)]
  0x000000005637a000 JavaThread "Java2D Disposer" daemon [_thread_blocked, id=9052, stack(0x000000008c000000,0x0000000090000000)]
  0x0000000056149000 JavaThread "Timer-0" [_thread_blocked, id=8592, stack(0x0000000088000000,0x000000008c000000)]
  0x0000000056118800 JavaThread "EventMgr Dispatcher" daemon [_thread_in_native, id=6456, stack(0x0000000084000000,0x0000000088000000)]
  0x000000000ea4b000 JavaThread "Service Thread" daemon [_thread_blocked, id=9712, stack(0x0000000077430000,0x000000007b430000)]
  0x000000000ea46800 JavaThread "C2 CompilerThread1" daemon [_thread_blocked, id=4748, stack(0x00000000702a0000,0x00000000742a0000)]
  0x000000000ea3f800 JavaThread "C2 CompilerThread0" daemon [_thread_blocked, id=6108, stack(0x00000000514a0000,0x00000000554a0000)]
  0x000000000ea3f000 JavaThread "Attach Listener" daemon [_thread_blocked, id=3656, stack(0x000000004d4a0000,0x00000000514a0000)]
  0x000000000e9cc000 JavaThread "Finalizer" daemon [_thread_blocked, id=6804, stack(0x00000000494a0000,0x000000004d4a0000)]
  0x000000000e9c1800 JavaThread "Reference Handler" daemon [_thread_blocked, id=9220, stack(0x00000000454a0000,0x00000000494a0000)]
  0x000000000e7ce800 JavaThread "main" [_thread_in_native, id=9064, stack(0x0000000000030000,0x0000000004030000)]

Other Threads:
  0x000000000e9bf000 VMThread [stack: 0x00000000414a0000,0x00000000454a0000] [id=10116]
  0x000000000ea6c000 WatcherThread [stack: 0x0000000080000000,0x0000000084000000] [id=2740]

VM state:not at safepoint (normal execution)

VM Mutex/Monitor currently owned by a thread: None

Heap
 PSYoungGen      total 73856K, used 10027K [0x00000000fa000000, 0x00000000fe8b0000, 0x0000000100000000)
  eden space 73344K, 13% used [0x00000000fa000000,0x00000000fa962ed0,0x00000000fe7a0000)
  from space 512K, 81% used [0x00000000fe7a0000,0x00000000fe808000,0x00000000fe820000)
  to   space 512K, 0% used [0x00000000fe830000,0x00000000fe830000,0x00000000fe8b0000)
 ParOldGen       total 111296K, used 75008K [0x00000000e8000000, 0x00000000eecb0000, 0x00000000fa000000)
  object space 111296K, 67% used [0x00000000e8000000,0x00000000ec9402c8,0x00000000eecb0000)
 PSPermGen       total 112064K, used 60773K [0x00000000e0000000, 0x00000000e6d70000, 0x00000000e8000000)
  object space 112064K, 54% used [0x00000000e0000000,0x00000000e3b59678,0x00000000e6d70000)

Card table byte_map: [0x0000000026940000,0x0000000026a50000] byte_map_base: 0x0000000026240000

Polling page: 0x0000000008010000

Code Cache  [0x0000000023940000, 0x0000000024120000, 0x0000000026940000)
 total_blobs=3197 nmethods=2531 adapters=614 free_code_cache=41284Kb largest_free_block=42136192

Compilation events (10 events):
Event: 126608.667 Thread 0x000000000ea3f800 nmethod 2787 0x00000000240fbd90 code [0x00000000240fbec0, 0x00000000240fbf18]
Event: 126608.667 Thread 0x000000000ea3f800 2789             java.util.RegularEnumSet::add (40 bytes)
Event: 126608.668 Thread 0x000000000ea46800 nmethod 2788 0x00000000240fd450 code [0x00000000240fd5a0, 0x00000000240fd678]
Event: 126608.668 Thread 0x000000000ea3f800 nmethod 2789 0x00000000240e8350 code [0x00000000240e8480, 0x00000000240e8538]
Event: 126631.169 Thread 0x000000000ea46800 2790             java.util.PriorityQueue::siftUp (23 bytes)
Event: 126631.170 Thread 0x000000000ea46800 nmethod 2790 0x00000000240fcc90 code [0x00000000240fce00, 0x00000000240fd0c8]
Event: 126646.629 Thread 0x000000000ea3f800 2791             com.sun.java.swing.plaf.windows.WindowsGraphicsUtils::repaintMnemonicsInContainer (99 bytes)
Event: 126646.640 Thread 0x000000000ea3f800 nmethod 2791 0x0000000024103f50 code [0x0000000024104220, 0x0000000024104d18]
Event: 132399.728 Thread 0x000000000ea46800 2792             sun.java2d.pipe.AlphaPaintPipe::renderPathTile (491 bytes)
Event: 132399.770 Thread 0x000000000ea46800 nmethod 2792 0x000000002410ae10 code [0x000000002410b260, 0x000000002410e3e8]

GC Heap History (10 events):
Event: 132136.849 GC heap before
{Heap before GC invocations=4756 (full 3):
 PSYoungGen      total 73600K, used 73536K [0x00000000fa000000, 0x00000000fe860000, 0x0000000100000000)
  eden space 73216K, 100% used [0x00000000fa000000,0x00000000fe780000,0x00000000fe780000)
  from space 384K, 83% used [0x00000000fe800000,0x00000000fe850000,0x00000000fe860000)
  to   space 448K, 0% used [0x00000000fe780000,0x00000000fe780000,0x00000000fe7f0000)
 ParOldGen       total 111296K, used 75008K [0x00000000e8000000, 0x00000000eecb0000, 0x00000000fa000000)
  object space 111296K, 67% used [0x00000000e8000000,0x00000000ec9402c8,0x00000000eecb0000)
 PSPermGen       total 112064K, used 60764K [0x00000000e0000000, 0x00000000e6d70000, 0x00000000e8000000)
  object space 112064K, 54% used [0x00000000e0000000,0x00000000e3b57118,0x00000000e6d70000)
Event: 132136.851 GC heap after
Heap after GC invocations=4756 (full 3):
 PSYoungGen      total 73664K, used 384K [0x00000000fa000000, 0x00000000fe890000, 0x0000000100000000)
  eden space 73216K, 0% used [0x00000000fa000000,0x00000000fa000000,0x00000000fe780000)
  from space 448K, 85% used [0x00000000fe780000,0x00000000fe7e0000,0x00000000fe7f0000)
  to   space 512K, 0% used [0x00000000fe810000,0x00000000fe810000,0x00000000fe890000)
 ParOldGen       total 111296K, used 75008K [0x00000000e8000000, 0x00000000eecb0000, 0x00000000fa000000)
  object space 111296K, 67% used [0x00000000e8000000,0x00000000ec9402c8,0x00000000eecb0000)
 PSPermGen       total 112064K, used 60764K [0x00000000e0000000, 0x00000000e6d70000, 0x00000000e8000000)
  object space 112064K, 54% used [0x00000000e0000000,0x00000000e3b57118,0x00000000e6d70000)
}
Event: 132199.849 GC heap before
{Heap before GC invocations=4757 (full 3):
 PSYoungGen      total 73664K, used 73600K [0x00000000fa000000, 0x00000000fe890000, 0x0000000100000000)
  eden space 73216K, 100% used [0x00000000fa000000,0x00000000fe780000,0x00000000fe780000)
  from space 448K, 85% used [0x00000000fe780000,0x00000000fe7e0000,0x00000000fe7f0000)
  to   space 512K, 0% used [0x00000000fe810000,0x00000000fe810000,0x00000000fe890000)
 ParOldGen       total 111296K, used 75008K [0x00000000e8000000, 0x00000000eecb0000, 0x00000000fa000000)
  object space 111296K, 67% used [0x00000000e8000000,0x00000000ec9402c8,0x00000000eecb0000)
 PSPermGen       total 112064K, used 60764K [0x00000000e0000000, 0x00000000e6d70000, 0x00000000e8000000)
  object space 112064K, 54% used [0x00000000e0000000,0x00000000e3b57118,0x00000000e6d70000)
Event: 132199.853 GC heap after
Heap after GC invocations=4757 (full 3):
 PSYoungGen      total 73792K, used 416K [0x00000000fa000000, 0x00000000fe890000, 0x0000000100000000)
  eden space 73280K, 0% used [0x00000000fa000000,0x00000000fa000000,0x00000000fe790000)
  from space 512K, 81% used [0x00000000fe810000,0x00000000fe878000,0x00000000fe890000)
  to   space 512K, 0% used [0x00000000fe790000,0x00000000fe790000,0x00000000fe810000)
 ParOldGen       total 111296K, used 75008K [0x00000000e8000000, 0x00000000eecb0000, 0x00000000fa000000)
  object space 111296K, 67% used [0x00000000e8000000,0x00000000ec9402c8,0x00000000eecb0000)
 PSPermGen       total 112064K, used 60764K [0x00000000e0000000, 0x00000000e6d70000, 0x00000000e8000000)
  object space 112064K, 54% used [0x00000000e0000000,0x00000000e3b57118,0x00000000e6d70000)
}
Event: 132265.845 GC heap before
{Heap before GC invocations=4758 (full 3):
 PSYoungGen      total 73792K, used 73696K [0x00000000fa000000, 0x00000000fe890000, 0x0000000100000000)
  eden space 73280K, 100% used [0x00000000fa000000,0x00000000fe790000,0x00000000fe790000)
  from space 512K, 81% used [0x00000000fe810000,0x00000000fe878000,0x00000000fe890000)
  to   space 512K, 0% used [0x00000000fe790000,0x00000000fe790000,0x00000000fe810000)
 ParOldGen       total 111296K, used 75008K [0x00000000e8000000, 0x00000000eecb0000, 0x00000000fa000000)
  object space 111296K, 67% used [0x00000000e8000000,0x00000000ec9402c8,0x00000000eecb0000)
 PSPermGen       total 112064K, used 60764K [0x00000000e0000000, 0x00000000e6d70000, 0x00000000e8000000)
  object space 112064K, 54% used [0x00000000e0000000,0x00000000e3b572b8,0x00000000e6d70000)
Event: 132265.847 GC heap after
Heap after GC invocations=4758 (full 3):
 PSYoungGen      total 73792K, used 352K [0x00000000fa000000, 0x00000000fe8a0000, 0x0000000100000000)
  eden space 73280K, 0% used [0x00000000fa000000,0x00000000fa000000,0x00000000fe790000)
  from space 512K, 68% used [0x00000000fe790000,0x00000000fe7e8000,0x00000000fe810000)
  to   space 512K, 0% used [0x00000000fe820000,0x00000000fe820000,0x00000000fe8a0000)
 ParOldGen       total 111296K, used 75008K [0x00000000e8000000, 0x00000000eecb0000, 0x00000000fa000000)
  object space 111296K, 67% used [0x00000000e8000000,0x00000000ec9402c8,0x00000000eecb0000)
 PSPermGen       total 112064K, used 60764K [0x00000000e0000000, 0x00000000e6d70000, 0x00000000e8000000)
  object space 112064K, 54% used [0x00000000e0000000,0x00000000e3b572b8,0x00000000e6d70000)
}
Event: 132328.845 GC heap before
{Heap before GC invocations=4759 (full 3):
 PSYoungGen      total 73792K, used 73632K [0x00000000fa000000, 0x00000000fe8a0000, 0x0000000100000000)
  eden space 73280K, 100% used [0x00000000fa000000,0x00000000fe790000,0x00000000fe790000)
  from space 512K, 68% used [0x00000000fe790000,0x00000000fe7e8000,0x00000000fe810000)
  to   space 512K, 0% used [0x00000000fe820000,0x00000000fe820000,0x00000000fe8a0000)
 ParOldGen       total 111296K, used 75008K [0x00000000e8000000, 0x00000000eecb0000, 0x00000000fa000000)
  object space 111296K, 67% used [0x00000000e8000000,0x00000000ec9402c8,0x00000000eecb0000)
 PSPermGen       total 112064K, used 60764K [0x00000000e0000000, 0x00000000e6d70000, 0x00000000e8000000)
  object space 112064K, 54% used [0x00000000e0000000,0x00000000e3b572b8,0x00000000e6d70000)
Event: 132328.847 GC heap after
Heap after GC invocations=4759 (full 3):
 PSYoungGen      total 73856K, used 320K [0x00000000fa000000, 0x00000000fe8a0000, 0x0000000100000000)
  eden space 73344K, 0% used [0x00000000fa000000,0x00000000fa000000,0x00000000fe7a0000)
  from space 512K, 62% used [0x00000000fe820000,0x00000000fe870000,0x00000000fe8a0000)
  to   space 512K, 0% used [0x00000000fe7a0000,0x00000000fe7a0000,0x00000000fe820000)
 ParOldGen       total 111296K, used 75008K [0x00000000e8000000, 0x00000000eecb0000, 0x00000000fa000000)
  object space 111296K, 67% used [0x00000000e8000000,0x00000000ec9402c8,0x00000000eecb0000)
 PSPermGen       total 112064K, used 60764K [0x00000000e0000000, 0x00000000e6d70000, 0x00000000e8000000)
  object space 112064K, 54% used [0x00000000e0000000,0x00000000e3b572b8,0x00000000e6d70000)
}
Event: 132391.845 GC heap before
{Heap before GC invocations=4760 (full 3):
 PSYoungGen      total 73856K, used 73664K [0x00000000fa000000, 0x00000000fe8a0000, 0x0000000100000000)
  eden space 73344K, 100% used [0x00000000fa000000,0x00000000fe7a0000,0x00000000fe7a0000)
  from space 512K, 62% used [0x00000000fe820000,0x00000000fe870000,0x00000000fe8a0000)
  to   space 512K, 0% used [0x00000000fe7a0000,0x00000000fe7a0000,0x00000000fe820000)
 ParOldGen       total 111296K, used 75008K [0x00000000e8000000, 0x00000000eecb0000, 0x00000000fa000000)
  object space 111296K, 67% used [0x00000000e8000000,0x00000000ec9402c8,0x00000000eecb0000)
 PSPermGen       total 112064K, used 60764K [0x00000000e0000000, 0x00000000e6d70000, 0x00000000e8000000)
  object space 112064K, 54% used [0x00000000e0000000,0x00000000e3b572b8,0x00000000e6d70000)
Event: 132391.848 GC heap after
Heap after GC invocations=4760 (full 3):
 PSYoungGen      total 73856K, used 416K [0x00000000fa000000, 0x00000000fe8b0000, 0x0000000100000000)
  eden space 73344K, 0% used [0x00000000fa000000,0x00000000fa000000,0x00000000fe7a0000)
  from space 512K, 81% used [0x00000000fe7a0000,0x00000000fe808000,0x00000000fe820000)
  to   space 512K, 0% used [0x00000000fe830000,0x00000000fe830000,0x00000000fe8b0000)
 ParOldGen       total 111296K, used 75008K [0x00000000e8000000, 0x00000000eecb0000, 0x00000000fa000000)
  object space 111296K, 67% used [0x00000000e8000000,0x00000000ec9402c8,0x00000000eecb0000)
 PSPermGen       total 112064K, used 60764K [0x00000000e0000000, 0x00000000e6d70000, 0x00000000e8000000)
  object space 112064K, 54% used [0x00000000e0000000,0x00000000e3b572b8,0x00000000e6d70000)
}

Deoptimization events (10 events):
Event: 125638.929 Thread 0x00000000568cc800 Uncommon trap -83 fr.pc 0x0000000023cc9bd8
Event: 125638.930 Thread 0x00000000568cc800 Uncommon trap -12 fr.pc 0x00000000240daffc
Event: 125645.863 Thread 0x00000000568cc800 Uncommon trap -58 fr.pc 0x0000000023f24154
Event: 125645.870 Thread 0x00000000568cc800 Uncommon trap -58 fr.pc 0x0000000023f24154
Event: 125663.342 Thread 0x00000000568cc800 Uncommon trap -12 fr.pc 0x00000000240f7f08
Event: 125663.343 Thread 0x00000000568cc800 Uncommon trap -12 fr.pc 0x00000000240f1018
Event: 125751.861 Thread 0x00000000568cc800 Uncommon trap -58 fr.pc 0x00000000240eeb54
Event: 125751.861 Thread 0x00000000568cc800 Uncommon trap -58 fr.pc 0x00000000240eeb54
Event: 125751.861 Thread 0x00000000568cc800 Uncommon trap -58 fr.pc 0x00000000240eeb54
Event: 125751.861 Thread 0x00000000568cc800 Uncommon trap -58 fr.pc 0x00000000240eeb54

Internal exceptions (10 events):
Event: 125240.989 Thread 0x00000000568cc800 Threw 0x00000000fadd89e0 at C:\jdk7u1_64p\jdk7u11\hotspot\src\share\vm\prims\jvm.cpp:1166
Event: 125241.005 Thread 0x00000000568cc800 Threw 0x00000000fade53c0 at C:\jdk7u1_64p\jdk7u11\hotspot\src\share\vm\prims\jvm.cpp:1166
Event: 125241.160 Thread 0x0000000066df3800 Threw 0x00000000fb3b15a8 at C:\jdk7u1_64p\jdk7u11\hotspot\src\share\vm\prims\jvm.cpp:1166
Event: 125246.305 Thread 0x00000000568cc800 Implicit null exception at 0x000000002409966b to 0x000000002409b611
Event: 125610.104 Thread 0x00000000568cc800 Threw 0x00000000fc307f30 at C:\jdk7u1_64p\jdk7u11\hotspot\src\share\vm\prims\jvm.cpp:1166
Event: 125610.117 Thread 0x00000000568cc800 Threw 0x00000000fc34d700 at C:\jdk7u1_64p\jdk7u11\hotspot\src\share\vm\prims\jvm.cpp:1166
Event: 125610.117 Thread 0x00000000568cc800 Threw 0x00000000fc377130 at C:\jdk7u1_64p\jdk7u11\hotspot\src\share\vm\prims\jvm.cpp:1166
Event: 125638.930 Thread 0x00000000568cc800 Implicit null exception at 0x00000000240d6203 to 0x00000000240dafed
Event: 125663.342 Thread 0x00000000568cc800 Implicit null exception at 0x00000000240f6640 to 0x00000000240f7ec5
Event: 125663.343 Thread 0x00000000568cc800 Implicit null exception at 0x00000000240f02bf to 0x00000000240f100d

Events (10 events):
Event: 132391.845 Executing VM operation: ParallelGCFailedAllocation
Event: 132391.848 Executing VM operation: ParallelGCFailedAllocation done
Event: 132399.463 loading class 0x00000000563ef3c0
Event: 132399.555 loading class 0x00000000563ef3c0 done
Event: 132399.555 loading class 0x000000000ea2cea0
Event: 132399.678 loading class 0x000000000ea2cea0 done
Event: 132399.678 loading class 0x000000000ea2ce60
Event: 132399.678 loading class 0x000000000ea2ce60 done
Event: 132399.678 Executing VM operation: Deoptimize
Event: 132399.680 Executing VM operation: Deoptimize done


Dynamic libraries:
0x0000000140000000 - 0x0000000140029000 	C:\Program Files\MATLAB\R2013b\bin\win64\MATLAB.exe
0x0000000077260000 - 0x0000000077409000 	C:\Windows\SYSTEM32\ntdll.dll
0x0000000077140000 - 0x000000007725f000 	C:\Windows\system32\kernel32.dll
0x000007fefd0e0000 - 0x000007fefd14b000 	C:\Windows\system32\KERNELBASE.dll
0x000000006f060000 - 0x000000006f3dc000 	C:\Program Files\MATLAB\R2013b\bin\win64\libmwservices.dll
0x000000006fe80000 - 0x000000006ff56000 	C:\Program Files\MATLAB\R2013b\bin\win64\libmwi18n.dll
0x000000006fe70000 - 0x000000006fe7d000 	C:\Program Files\MATLAB\R2013b\bin\win64\libmwresource_core.dll
0x0000000062c90000 - 0x0000000062d28000 	C:\Program Files\MATLAB\R2013b\bin\win64\MSVCP100.dll
0x0000000062960000 - 0x0000000062a32000 	C:\Program Files\MATLAB\R2013b\bin\win64\MSVCR100.dll
0x0000000070290000 - 0x000000007029e000 	C:\Program Files\MATLAB\R2013b\bin\win64\boost_date_time-vc100-mt-1_49.dll
0x0000000065de0000 - 0x0000000065e0c000 	C:\Program Files\MATLAB\R2013b\bin\win64\boost_filesystem-vc100-mt-1_49.dll
0x0000000066900000 - 0x0000000066909000 	C:\Program Files\MATLAB\R2013b\bin\win64\boost_system-vc100-mt-1_49.dll
0x000007fefd430000 - 0x000007fefd50b000 	C:\Windows\system32\ADVAPI32.dll
0x000007fefdf40000 - 0x000007fefdfdf000 	C:\Windows\system32\msvcrt.dll
0x000007fefd510000 - 0x000007fefd52f000 	C:\Windows\SYSTEM32\sechost.dll
0x000007feff440000 - 0x000007feff56d000 	C:\Windows\system32\RPCRT4.dll
0x0000000065d80000 - 0x0000000065da5000 	C:\Program Files\MATLAB\R2013b\bin\win64\LIBEXPAT.dll
0x000000005cb70000 - 0x000000005ccfa000 	C:\Program Files\MATLAB\R2013b\bin\win64\icuin49.dll
0x000000005d1a0000 - 0x000000005d2de000 	C:\Program Files\MATLAB\R2013b\bin\win64\icuuc49.dll
0x0000000059240000 - 0x000000005a362000 	C:\Program Files\MATLAB\R2013b\bin\win64\icudt49.dll
0x0000000065dd0000 - 0x0000000065de0000 	C:\Program Files\MATLAB\R2013b\bin\win64\icuio49.dll
0x0000000004220000 - 0x00000000042db000 	C:\Program Files\MATLAB\R2013b\bin\win64\libut.dll
0x000000006f960000 - 0x000000006fb07000 	C:\Program Files\MATLAB\R2013b\bin\win64\libmwfl.dll
0x00000000042e0000 - 0x00000000046ef000 	C:\Program Files\MATLAB\R2013b\bin\win64\libmwMATLAB_res.dll
0x000000005e800000 - 0x000000005e8df000 	C:\Program Files\MATLAB\R2013b\bin\win64\boost_regex-vc100-mt-1_49.dll
0x0000000076f00000 - 0x0000000076ffa000 	C:\Windows\system32\USER32.dll
0x000007fefdfe0000 - 0x000007fefe047000 	C:\Windows\system32\GDI32.dll
0x000007feff220000 - 0x000007feff22e000 	C:\Windows\system32\LPK.dll
0x000007feff120000 - 0x000007feff1e9000 	C:\Windows\system32\USP10.dll
0x0000000063ca0000 - 0x0000000063cb1000 	C:\Program Files\MATLAB\R2013b\bin\win64\boost_signals-vc100-mt-1_49.dll
0x0000000063c80000 - 0x0000000063c91000 	C:\Program Files\MATLAB\R2013b\bin\win64\boost_thread-vc100-mt-1_49.dll
0x0000000061b10000 - 0x0000000061b9c000 	C:\Program Files\MATLAB\R2013b\bin\win64\boost_log-vc100-mt-1_49.dll
0x0000000077420000 - 0x0000000077427000 	C:\Windows\system32\PSAPI.DLL
0x000007fefdc30000 - 0x000007fefdc7d000 	C:\Windows\system32\WS2_32.dll
0x000007fefd760000 - 0x000007fefd768000 	C:\Windows\system32\NSI.dll
0x000007fef9030000 - 0x000007fef9063000 	C:\Program Files\MATLAB\R2013b\bin\win64\tbb.dll
0x000007fefd740000 - 0x000007fefd759000 	C:\Windows\system32\imagehlp.dll
0x000007fefcee0000 - 0x000007fefcf0c000 	C:\Windows\system32\POWRPROF.dll
0x000007fefe050000 - 0x000007fefe227000 	C:\Windows\system32\SETUPAPI.dll
0x000007fefd160000 - 0x000007fefd196000 	C:\Windows\system32\CFGMGR32.dll
0x000007fefd350000 - 0x000007fefd427000 	C:\Windows\system32\OLEAUT32.dll
0x000007fefd530000 - 0x000007fefd733000 	C:\Windows\system32\ole32.dll
0x000007fefcf30000 - 0x000007fefcf4a000 	C:\Windows\system32\DEVOBJ.dll
0x00000000046f0000 - 0x00000000047eb000 	C:\Program Files\MATLAB\R2013b\bin\win64\libmx.dll
0x000007fef90a0000 - 0x000007fef90c8000 	C:\Program Files\MATLAB\R2013b\bin\win64\tbbmalloc.dll
0x0000000063c60000 - 0x0000000063c77000 	C:\Program Files\MATLAB\R2013b\bin\win64\zlib1.dll
0x000000006ef00000 - 0x000000006ef4e000 	C:\Program Files\MATLAB\R2013b\bin\win64\libmwregexp.dll
0x000000006eeb0000 - 0x000000006eef7000 	C:\Program Files\MATLAB\R2013b\bin\win64\mpath.dll
0x00000000047f0000 - 0x0000000004e18000 	C:\Program Files\MATLAB\R2013b\bin\win64\mlutil.dll
0x000000006e870000 - 0x000000006e8e7000 	C:\Program Files\MATLAB\R2013b\bin\win64\xmlcore.dll
0x000000005c6e0000 - 0x000000005c921000 	C:\Program Files\MATLAB\R2013b\bin\win64\xerces-c_2_7.dll
0x000000006e5f0000 - 0x000000006e613000 	C:\Program Files\MATLAB\R2013b\bin\win64\libmwMATLAB_settings_res.dll
0x0000000065d70000 - 0x0000000065d80000 	C:\Program Files\MATLAB\R2013b\bin\win64\boost_iostreams-vc100-mt-1_49.dll
0x0000000061780000 - 0x00000000617c6000 	C:\Program Files\MATLAB\R2013b\bin\win64\boost_serialization-vc100-mt-1_49.dll
0x000007fefe230000 - 0x000007fefefb8000 	C:\Windows\system32\SHELL32.dll
0x000007fefdbb0000 - 0x000007fefdc21000 	C:\Windows\system32\SHLWAPI.dll
0x000000006e580000 - 0x000000006e586000 	C:\Program Files\MATLAB\R2013b\bin\win64\libmwnativedisplay.dll
0x00000000685f0000 - 0x000000006863d000 	C:\Program Files\MATLAB\R2013b\bin\win64\opccore.dll
0x00000000684f0000 - 0x00000000685c6000 	C:\Program Files\MATLAB\R2013b\bin\win64\opcmodel.dll
0x00000000684c0000 - 0x00000000684ed000 	C:\Program Files\MATLAB\R2013b\bin\win64\opczippackage.dll
0x0000000062950000 - 0x000000006295e000 	C:\Program Files\MATLAB\R2013b\bin\win64\libminizip.dll
0x0000000068340000 - 0x00000000683a6000 	C:\Program Files\MATLAB\R2013b\bin\win64\opcmwservices.dll
0x000007fefb040000 - 0x000007fefb0e0000 	C:\Windows\WinSxS\amd64_microsoft.windows.common-controls_6595b64144ccf1df_5.82.7601.18201_none_a4d3b9377117c3df\COMCTL32.dll
0x000007fefd2b0000 - 0x000007fefd347000 	C:\Windows\system32\COMDLG32.dll
0x000007fefbce0000 - 0x000007fefbcf6000 	C:\Windows\system32\NETAPI32.dll
0x000007fefbcd0000 - 0x000007fefbcdc000 	C:\Windows\system32\netutils.dll
0x000007fefcb40000 - 0x000007fefcb63000 	C:\Windows\system32\srvcli.dll
0x000007fefbcb0000 - 0x000007fefbcc5000 	C:\Windows\system32\wkscli.dll
0x000000006e4d0000 - 0x000000006e57d000 	C:\Program Files\MATLAB\R2013b\bin\win64\mcr.dll
0x000000006e110000 - 0x000000006e4d0000 	C:\Program Files\MATLAB\R2013b\bin\win64\iqm.dll
0x0000000180000000 - 0x00000001800c2000 	C:\Program Files\MATLAB\R2013b\bin\win64\m_dispatcher.dll
0x0000000004e20000 - 0x000000000561b000 	C:\Program Files\MATLAB\R2013b\bin\win64\m_interpreter.dll
0x000000006d760000 - 0x000000006d784000 	C:\Program Files\MATLAB\R2013b\bin\win64\libmex.dll
0x000000006d6e0000 - 0x000000006d75b000 	C:\Program Files\MATLAB\R2013b\bin\win64\profiler.dll
0x000000006d450000 - 0x000000006d5c8000 	C:\Program Files\MATLAB\R2013b\bin\win64\libmwmathutil.dll
0x000000006d420000 - 0x000000006d447000 	C:\Program Files\MATLAB\R2013b\bin\win64\libmwmathrng.dll
0x000000006d410000 - 0x000000006d420000 	C:\Program Files\MATLAB\R2013b\bin\win64\libmwmfl_rng.dll
0x0000000005620000 - 0x0000000005738000 	C:\Program Files\MATLAB\R2013b\bin\win64\libmwmathcore.dll
0x000000006d2b0000 - 0x000000006d313000 	C:\Program Files\MATLAB\R2013b\bin\win64\libmwspmatrix.dll
0x0000000005740000 - 0x00000000059a2000 	C:\Program Files\MATLAB\R2013b\bin\win64\mcos.dll
0x000000006cfc0000 - 0x000000006d01c000 	C:\Program Files\MATLAB\R2013b\bin\win64\libmwcholmod.dll
0x000000006cfb0000 - 0x000000006cfbc000 	C:\Program Files\MATLAB\R2013b\bin\win64\libmwamd.dll
0x000000006cfa0000 - 0x000000006cfab000 	C:\Program Files\MATLAB\R2013b\bin\win64\libmwcolamd.dll
0x000000006cf80000 - 0x000000006cf93000 	C:\Program Files\MATLAB\R2013b\bin\win64\libmwblas.dll
0x000000006cf60000 - 0x000000006cf75000 	C:\Program Files\MATLAB\R2013b\bin\win64\libmwbinder.dll
0x000000006cf50000 - 0x000000006cf5b000 	C:\Program Files\MATLAB\R2013b\bin\win64\libmwompwrapper.dll
0x000000006ced0000 - 0x000000006cf4f000 	C:\Program Files\MATLAB\R2013b\bin\win64\libmwlapack.dll
0x000000006ceb0000 - 0x000000006ced0000 	C:\Program Files\MATLAB\R2013b\bin\win64\m_pcodeio.dll
0x000000006ce50000 - 0x000000006ceac000 	C:\Program Files\MATLAB\R2013b\bin\win64\m_ir.dll
0x00000000059b0000 - 0x0000000006065000 	C:\Program Files\MATLAB\R2013b\bin\win64\m_parser.dll
0x000000006c780000 - 0x000000006c797000 	C:\Program Files\MATLAB\R2013b\bin\win64\ir_xfmr.dll
0x000000006c770000 - 0x000000006c780000 	C:\Program Files\MATLAB\R2013b\bin\win64\mtok.dll
0x000000006c740000 - 0x000000006c768000 	C:\Program Files\MATLAB\R2013b\bin\win64\m_pcodegen.dll
0x000007fef20e0000 - 0x000007fef2205000 	C:\Windows\system32\dbghelp.dll
0x000000006c710000 - 0x000000006c73f000 	C:\Program Files\MATLAB\R2013b\bin\win64\libmwbridge.dll
0x000000006c650000 - 0x000000006c706000 	C:\Program Files\MATLAB\R2013b\bin\win64\udd.dll
0x0000000006070000 - 0x00000000061c1000 	C:\Program Files\MATLAB\R2013b\bin\win64\libmwgui.dll
0x000000006c4d0000 - 0x000000006c4f8000 	C:\Program Files\MATLAB\R2013b\bin\win64\graphics_util.dll
0x000000005cab0000 - 0x000000005cb68000 	C:\Program Files\MATLAB\R2013b\bin\win64\libtex_base.dll
0x000000006bac0000 - 0x000000006c426000 	C:\Program Files\MATLAB\R2013b\bin\win64\hg.dll
0x000000006ba60000 - 0x000000006babd000 	C:\Program Files\MATLAB\R2013b\bin\win64\libmat.dll
0x000000006b850000 - 0x000000006ba58000 	C:\Program Files\MATLAB\R2013b\bin\win64\hdf5dll.dll
0x000000006b780000 - 0x000000006b848000 	C:\Program Files\MATLAB\R2013b\bin\win64\jmi.dll
0x000000006b770000 - 0x000000006b77e000 	C:\Program Files\MATLAB\R2013b\bin\win64\nativejava_services.dll
0x00000000061d0000 - 0x0000000006212000 	C:\Program Files\MATLAB\R2013b\bin\win64\libmwhardcopy.dll
0x000000006b6d0000 - 0x000000006b72e000 	C:\Program Files\MATLAB\R2013b\bin\win64\libuij.dll
0x000000006b490000 - 0x000000006b695000 	C:\Program Files\MATLAB\R2013b\bin\win64\hgdatatypes.dll
0x0000000006220000 - 0x0000000006332000 	C:\Program Files\MATLAB\R2013b\bin\win64\hgutils.dll
0x000000006b2f0000 - 0x000000006b39e000 	C:\Program Files\MATLAB\R2013b\bin\win64\udd_mi.dll
0x000000006b2b0000 - 0x000000006b2e6000 	C:\Program Files\MATLAB\R2013b\bin\win64\libmwgbtutils.dll
0x000000006b290000 - 0x000000006b2a3000 	C:\Program Files\MATLAB\R2013b\bin\win64\libmwgbt.dll
0x000000006afc0000 - 0x000000006b28f000 	C:\Program Files\MATLAB\R2013b\bin\win64\uiw.dll
0x000000006afb0000 - 0x000000006afb9000 	C:\Program Files\MATLAB\R2013b\bin\win64\uinone.dll
0x000000006af80000 - 0x000000006afac000 	C:\Program Files\MATLAB\R2013b\bin\win64\libmwnativedialogs.dll
0x000000006af70000 - 0x000000006af7c000 	C:\Program Files\MATLAB\R2013b\bin\win64\libmwplatform_res.dll
0x000007fef6ff0000 - 0x000007fef7008000 	C:\Windows\system32\MPR.dll
0x0000000058420000 - 0x000000005897d000 	C:\Program Files\MATLAB\R2013b\bin\win64\mfc100.dll
0x000007fefb030000 - 0x000007fefb037000 	C:\Windows\system32\MSIMG32.dll
0x000007fefa010000 - 0x000007fefa081000 	C:\Windows\system32\WINSPOOL.DRV
0x000000006af50000 - 0x000000006af6d000 	C:\Program Files\MATLAB\R2013b\bin\win64\mwoles05.DLL
0x000000006aee0000 - 0x000000006af4c000 	C:\Program Files\MATLAB\R2013b\bin\win64\comcli.dll
0x0000000061ae0000 - 0x0000000061b0b000 	C:\Program Files\MATLAB\R2013b\bin\win64\ATL100.DLL
0x000000006aed0000 - 0x000000006aedc000 	C:\Program Files\MATLAB\R2013b\bin\win64\mlautoregister.dll
0x0000000006350000 - 0x00000000064bf000 	C:\Program Files\MATLAB\R2013b\bin\win64\mvm.dll
0x000007feff1f0000 - 0x000007feff21e000 	C:\Windows\system32\IMM32.DLL
0x000007feff330000 - 0x000007feff439000 	C:\Windows\system32\MSCTF.dll
0x000007fefcda0000 - 0x000007fefcde0000 	C:\Windows\system32\nvinitx.dll
0x000000000f000000 - 0x000000000f006000 	C:\Program Files\NVIDIA Corporation\CoProcManager\_etoured.dll

VM Arguments:
jvm_args: -XX:PermSize=32m -Xms64m -XX:NewRatio=3 -XX:MaxPermSize=128m -Xmx384m -XX:MaxDirectMemorySize=2147400000 -Dsun.java2d.noddraw=true -Dsun.awt.nopixfmt=true -Xshare:off -Xrs -XX:-UseSplitVerifier -Djava.library.path=C:\Program Files\MATLAB\R2013b\bin\win64;C:\Program Files\MATLAB\R2013b\sys\jxbrowser\win64\lib vfprintf abort -Duser.language=en -Duser.country=US -XX:ParallelGCThreads=6 
java_command: <unknown>
Launcher Type: generic

Environment Variables:
PATH=C:\Program Files (x86)\Intel\iCLS Client\;C:\Program Files\Intel\iCLS Client\;C:\Windows\system32;C:\Windows;C:\Windows\System32\Wbem;C:\Windows\System32\WindowsPowerShell\v1.0\;C:\Program Files\Intel\Intel(R) Management Engine Components\DAL;C:\Program Files\Intel\Intel(R) Management Engine Components\IPT;C:\Program Files (x86)\Intel\Intel(R) Management Engine Components\DAL;C:\Program Files (x86)\Intel\Intel(R) Management Engine Components\IPT;C:\Program Files\Intel\WiFi\bin\;C:\Program Files\Common Files\Intel\WirelessCommon\;C:\Program Files\Lenovo\Fingerprint Manager Pro\;C:\Program Files (x86)\Common Files\Lenovo;C:\SWTOOLS\ReadyApps;C:\Program Files (x86)\Intel\OpenCL SDK\3.0\bin\x86;C:\Program Files (x86)\Intel\OpenCL SDK\3.0\bin\x64;C:\Program Files\Microsoft SQL Server\110\Tools\Binn\;C:\Program Files\MATLAB\R2013b\runtime\win64;C:\Program Files\MATLAB\R2013b\bin;C:\Program Files\Microsoft Windows Performance Toolkit\;C:\Program Files\MiKTeX 2.9\miktex\bin\x64\
USERNAME=he
OS=Windows_NT
PROCESSOR_IDENTIFIER=Intel64 Family 6 Model 60 Stepping 3, GenuineIntel



---------------  S Y S T E M  ---------------

OS: Windows 7 , 64 bit Build 7601 Service Pack 1

CPU:total 8 (4 cores per cpu, 2 threads per core) family 6 model 60 stepping 3, cmov, cx8, fxsr, mmx, sse, sse2, sse3, ssse3, sse4.1, sse4.2, popcnt, avx, avx2, ht, tsc, tscinvbit

Memory: 4k page, physical 8069644k(3309012k free), swap 16137424k(9354780k free)

vm_info: Java HotSpot(TM) 64-Bit Server VM (23.6-b04) for windows-amd64 JRE (1.7.0_11-b21), built on Jan 12 2013 02:38:42 by "java_re" with unknown MS VC++:1600

time: Fri Mar 07 11:19:33 2014
elapsed time: 132400 seconds

