#
# A fatal error has been detected by the Java Runtime Environment:
#
#  EXCEPTION_ACCESS_VIOLATION (0xc0000005) at pc=0x0000000057c80294, pid=3868, tid=8656
#
# JRE version: 7.0_11-b21
# Java VM: Java HotSpot(TM) 64-Bit Server VM (23.6-b04 mixed mode windows-amd64 compressed oops)
# Problematic frame:
# C  0x0000000057c80294
#
# Failed to write core dump. Minidumps are not enabled by default on client versions of Windows
#
# If you would like to submit a bug report, please visit:
#   http://bugreport.sun.com/bugreport/crash.jsp
# The crash happened outside the Java Virtual Machine in native code.
# See problematic frame for where to report the bug.
#

---------------  T H R E A D  ---------------

Current thread (0x000000005595b800):  JavaThread "AWT-EventQueue-0" [_thread_in_native, id=8656, stack(0x00000000a4000000,0x00000000a8000000)]

siginfo: ExceptionCode=0xc0000005, reading address 0x000000000000006c

Registers:
RAX=0x000000000000001b, RBX=0x00000000577f0001, RCX=0x000000000000001b, RDX=0x0000000000000000
RSP=0x00000000a7ffdfa0, RBP=0x0000000000000000, RSI=0x0000000000000280, RDI=0x00000000000001ca
R8 =0x00000000ff00233d, R9 =0x00000000fce13814, R10=0x000000000000027f, R11=0x0000000000000000
R12=0x0000000000000000, R13=0x00000000fffffff8, R14=0x00000000ffffffe2, R15=0x0000000000000000
RIP=0x0000000057c80294, EFLAGS=0x0000000000010213

Top of Stack: (sp=0x00000000a7ffdfa0)
0x00000000a7ffdfa0:   0000000057d9bb58 0000000057c620df
0x00000000a7ffdfb0:   000000005595b9d8 00000000a7ffe0b0
0x00000000a7ffdfc0:   000000001f74b570 0000000075f679b0
0x00000000a7ffdfd0:   00000000a7ffe0b0 00000000a7ffe010
0x00000000a7ffdfe0:   0000000057d9bb58 00000000a7ffe180
0x00000000a7ffdff0:   0000000000000008 0000001e00000008
0x00000000a7ffe000:   000001e800000288 0000000059346022
0x00000000a7ffe010:   0000001e00000008 000001e800000288
0x00000000a7ffe020:   00000000577eb4f8 0000000100000000
0x00000000a7ffe030:   0000000000000280 0000000000000000
0x00000000a7ffe040:   0000000000000000 0000000000000000
0x00000000a7ffe050:   0000000000000000 0000000000000000
0x00000000a7ffe060:   0000000000000000 0000000023c228d9
0x00000000a7ffe070:   00000000e00d48e8 00000000e01d1788
0x00000000a7ffe080:   00000000e80f3188 000000000000000a
0x00000000a7ffe090:   000000005595b800 00000000a7ffe1c8 

Instructions: (pc=0x0000000057c80294)
0x0000000057c80274:   00 00 6b c0 1d 6b c9 4d 03 d1 8d 84 02 80 00 00
0x0000000057c80284:   00 99 0f b6 d2 03 c2 c1 f8 08 41 ff ca 0f b6 c8
0x0000000057c80294:   41 0f b6 04 8c 88 43 ff 75 b2 4d 03 cb 48 03 dd
0x0000000057c802a4:   ff cf 75 98 48 8b 5c 24 10 48 8b 6c 24 18 48 8b 


Register to memory mapping:

RAX=0x000000000000001b is an unknown value
RBX=0x00000000577f0001 is an unknown value
RCX=0x000000000000001b is an unknown value
RDX=0x0000000000000000 is an unknown value
RSP=0x00000000a7ffdfa0 is pointing into the stack for thread: 0x000000005595b800
RBP=0x0000000000000000 is an unknown value
RSI=0x0000000000000280 is an unknown value
RDI=0x00000000000001ca is an unknown value
R8 =0x00000000ff00233d is an unknown value
R9 =0x00000000fce13814 is an unknown value
R10=0x000000000000027f is an unknown value
R11=0x0000000000000000 is an unknown value
R12=0x0000000000000000 is an unknown value
R13=
[error occurred during error reporting (printing register info), id 0xe0000000]

Stack: [0x00000000a4000000,0x00000000a8000000],  sp=0x00000000a7ffdfa0,  free space=65527k
Native frames: (J=compiled Java code, j=interpreted, Vv=VM code, C=native code)
C  0x0000000057c80294

[error occurred during error reporting (printing native stack), id 0xc0000005]

Java frames: (J=compiled Java code, j=interpreted, Vv=VM code)
J  sun.java2d.loops.Blit.Blit(Lsun/java2d/SurfaceData;Lsun/java2d/SurfaceData;Ljava/awt/Composite;Lsun/java2d/pipe/Region;IIIIII)V
j  sun.java2d.pipe.DrawImage.blitSurfaceData(Lsun/java2d/SunGraphics2D;Lsun/java2d/pipe/Region;Lsun/java2d/SurfaceData;Lsun/java2d/SurfaceData;Lsun/java2d/loops/SurfaceType;Lsun/java2d/loops/SurfaceType;IIIIIILjava/awt/Color;)V+97
j  sun.java2d.pipe.DrawImage.renderImageCopy(Lsun/java2d/SunGraphics2D;Ljava/awt/Image;Ljava/awt/Color;IIIIII)Z+77
j  sun.java2d.pipe.DrawImage.copyImage(Lsun/java2d/SunGraphics2D;Ljava/awt/Image;IILjava/awt/Color;)Z+45
j  sun.java2d.pipe.DrawImage.copyImage(Lsun/java2d/SunGraphics2D;Ljava/awt/Image;IILjava/awt/Color;Ljava/awt/image/ImageObserver;)Z+15
J  sun.java2d.SunGraphics2D.drawImage(Ljava/awt/Image;IILjava/awt/Color;Ljava/awt/image/ImageObserver;)Z
J  javax.swing.RepaintManager$PaintManager.paintDoubleBuffered(Ljavax/swing/JComponent;Ljava/awt/Image;Ljava/awt/Graphics;IIII)V
j  javax.swing.RepaintManager$PaintManager.paint(Ljavax/swing/JComponent;Ljavax/swing/JComponent;Ljava/awt/Graphics;IIII)Z+116
J  javax.swing.JComponent.paint(Ljava/awt/Graphics;)V
j  java.awt.GraphicsCallback$PaintCallback.run(Ljava/awt/Component;Ljava/awt/Graphics;)V+2
j  sun.awt.SunGraphicsCallback.runOneComponent(Ljava/awt/Component;Ljava/awt/Rectangle;Ljava/awt/Graphics;Ljava/awt/Shape;I)V+155
j  sun.awt.SunGraphicsCallback.runComponents([Ljava/awt/Component;Ljava/awt/Graphics;I)V+194
j  java.awt.Container.paint(Ljava/awt/Graphics;)V+58
j  java.awt.Window.paint(Ljava/awt/Graphics;)V+68
J  javax.swing.RepaintManager.paintDirtyRegions(Ljava/util/Map;)V
j  javax.swing.RepaintManager.paintDirtyRegions()V+46
j  javax.swing.RepaintManager.prePaintDirtyRegions()V+73
j  javax.swing.RepaintManager.access$700(Ljavax/swing/RepaintManager;)V+1
j  javax.swing.RepaintManager$ProcessingRunnable.run()V+37
J  java.awt.EventQueue$3.run()Ljava/lang/Object;
v  ~StubRoutines::call_stub
J  java.security.AccessController.doPrivileged(Ljava/security/PrivilegedAction;Ljava/security/AccessControlContext;)Ljava/lang/Object;
J  java.awt.EventDispatchThread.pumpOneEventForFilters(I)V
J  java.awt.EventDispatchThread.pumpEventsForFilter(ILjava/awt/Conditional;Ljava/awt/EventFilter;)V
j  java.awt.EventDispatchThread.pumpEventsForHierarchy(ILjava/awt/Conditional;Ljava/awt/Component;)V+11
j  java.awt.EventDispatchThread.pumpEvents(ILjava/awt/Conditional;)V+4
j  java.awt.EventDispatchThread.pumpEvents(Ljava/awt/Conditional;)V+3
j  java.awt.EventDispatchThread.run()V+9
v  ~StubRoutines::call_stub

---------------  P R O C E S S  ---------------

Java Threads: ( => current thread )
  0x0000000055845800 JavaThread "Explorer NavigationContext request queue" daemon [_thread_blocked, id=7716, stack(0x00000000c0000000,0x00000000c4000000)]
  0x0000000055846000 JavaThread "Swing-Shell" daemon [_thread_blocked, id=7048, stack(0x0000000084000000,0x0000000088000000)]
  0x0000000075fad800 JavaThread "Prefs Updater" daemon [_thread_blocked, id=12328, stack(0x0000000080000000,0x0000000084000000)]
  0x0000000075faa800 JavaThread "Code Analyzer updating thread" [_thread_blocked, id=7032, stack(0x0000000158030000,0x000000015c030000)]
  0x0000000075fa9800 JavaThread "Code Analyzer updating thread" [_thread_blocked, id=6136, stack(0x0000000154030000,0x0000000158030000)]
  0x0000000075fa9000 JavaThread "Code Analyzer updating thread" [_thread_blocked, id=10228, stack(0x0000000150030000,0x0000000154030000)]
  0x0000000075fa8000 JavaThread "Code Analyzer updating thread" [_thread_blocked, id=7568, stack(0x000000014c030000,0x0000000150030000)]
  0x0000000076113800 JavaThread "Code Analyzer updating thread" [_thread_blocked, id=3980, stack(0x0000000148030000,0x000000014c030000)]
  0x0000000076113000 JavaThread "Code Analyzer updating thread" [_thread_blocked, id=8468, stack(0x0000000144030000,0x0000000148030000)]
  0x0000000076112000 JavaThread "Code Analyzer updating thread" [_thread_blocked, id=7332, stack(0x0000000140030000,0x0000000144030000)]
  0x0000000076111800 JavaThread "Code Analyzer updating thread" [_thread_blocked, id=3864, stack(0x000000013c000000,0x0000000140000000)]
  0x0000000076110800 JavaThread "Code Analyzer updating thread" [_thread_blocked, id=8724, stack(0x0000000138000000,0x000000013c000000)]
  0x0000000076110000 JavaThread "Code Analyzer updating thread" [_thread_blocked, id=5684, stack(0x0000000134000000,0x0000000138000000)]
  0x000000007610f000 JavaThread "Code Analyzer updating thread" [_thread_blocked, id=8876, stack(0x0000000130000000,0x0000000134000000)]
  0x000000007610e800 JavaThread "Code Analyzer updating thread" [_thread_blocked, id=308, stack(0x00000000b8000000,0x00000000bc000000)]
  0x000000007610d800 JavaThread "Code Analyzer updating thread" [_thread_blocked, id=10236, stack(0x000000012c000000,0x0000000130000000)]
  0x000000007610d000 JavaThread "Code Analyzer updating thread" [_thread_blocked, id=7752, stack(0x0000000128000000,0x000000012c000000)]
  0x000000005584e800 JavaThread "Code Analyzer updating thread" [_thread_blocked, id=9876, stack(0x0000000124000000,0x0000000128000000)]
  0x000000005584d800 JavaThread "Code Analyzer updating thread" [_thread_blocked, id=9916, stack(0x0000000120000000,0x0000000124000000)]
  0x000000005584d000 JavaThread "Code Analyzer updating thread" [_thread_blocked, id=6592, stack(0x000000011c000000,0x0000000120000000)]
  0x000000005584c000 JavaThread "Code Analyzer updating thread" [_thread_blocked, id=4016, stack(0x0000000118000000,0x000000011c000000)]
  0x000000005584b800 JavaThread "Code Analyzer updating thread" [_thread_blocked, id=9956, stack(0x0000000114000000,0x0000000118000000)]
  0x000000005584a800 JavaThread "Code Analyzer updating thread" [_thread_blocked, id=9884, stack(0x0000000110000000,0x0000000114000000)]
  0x0000000055841800 JavaThread "Code Analyzer updating thread" [_thread_blocked, id=9920, stack(0x000000010c000000,0x0000000110000000)]
  0x000000005584a000 JavaThread "Code Analyzer updating thread" [_thread_blocked, id=9272, stack(0x0000000108000000,0x000000010c000000)]
  0x0000000055849000 JavaThread "Code Analyzer updating thread" [_thread_blocked, id=7464, stack(0x0000000104000000,0x0000000108000000)]
  0x0000000055848800 JavaThread "Active Reference Queue Daemon" daemon [_thread_blocked, id=10156, stack(0x0000000100000000,0x0000000104000000)]
  0x0000000055847800 JavaThread "Timer-1" daemon [_thread_blocked, id=10160, stack(0x00000000dc000000,0x00000000e0000000)]
  0x0000000055840000 JavaThread "ClipboardMonitor Timer" daemon [_thread_blocked, id=10080, stack(0x00000000d8000000,0x00000000dc000000)]
  0x0000000055841000 JavaThread "AddressBar directory emptiness poller" daemon [_thread_blocked, id=9360, stack(0x00000000c8000000,0x00000000cc000000)]
  0x000000005583f800 JavaThread "Explorer Refresh Service 2052453666" daemon [_thread_blocked, id=9276, stack(0x00000000bc000000,0x00000000c0000000)]
  0x0000000055842800 JavaThread "Thread-4" daemon [_thread_blocked, id=1296, stack(0x00000000c4000000,0x00000000c8000000)]
  0x0000000055847000 JavaThread "TimerQueue" daemon [_thread_blocked, id=4012, stack(0x000000009c000000,0x00000000a0000000)]
  0x0000000055ac8800 JavaThread "Thread-3" daemon [_thread_blocked, id=6060, stack(0x00000000b4000000,0x00000000b8000000)]
=>0x000000005595b800 JavaThread "AWT-EventQueue-0" [_thread_in_native, id=8656, stack(0x00000000a4000000,0x00000000a8000000)]
  0x0000000023782000 JavaThread "AWT-Shutdown" [_thread_blocked, id=5116, stack(0x0000000094000000,0x0000000098000000)]
  0x0000000055a1f000 JavaThread "FelixPackageAdmin" daemon [_thread_blocked, id=6044, stack(0x00000000b0000000,0x00000000b4000000)]
  0x0000000055a7e000 JavaThread "FelixStartLevel" daemon [_thread_blocked, id=6040, stack(0x00000000ac000000,0x00000000b0000000)]
  0x0000000055a7d000 JavaThread "FelixDispatchQueue" daemon [_thread_blocked, id=3032, stack(0x00000000a8000000,0x00000000ac000000)]
  0x0000000023781800 JavaThread "com.google.common.base.internal.Finalizer" daemon [_thread_blocked, id=6880, stack(0x00000000a0000000,0x00000000a4000000)]
  0x0000000055639000 JavaThread "AWT-Windows" daemon [_thread_in_native, id=6500, stack(0x0000000098000000,0x000000009c000000)]
  0x00000000557ca800 JavaThread "Java2D Disposer" daemon [_thread_blocked, id=4060, stack(0x0000000090000000,0x0000000094000000)]
  0x000000005545f800 JavaThread "Timer-0" [_thread_blocked, id=7700, stack(0x000000008c000000,0x0000000090000000)]
  0x00000000237b4000 JavaThread "EventMgr Dispatcher" daemon [_thread_in_native, id=7724, stack(0x0000000088000000,0x000000008c000000)]
  0x00000000236ac800 JavaThread "Service Thread" daemon [_thread_blocked, id=7560, stack(0x00000000630a0000,0x00000000670a0000)]
  0x00000000236a8800 JavaThread "C2 CompilerThread1" daemon [_thread_blocked, id=7744, stack(0x000000005d2d0000,0x00000000612d0000)]
  0x00000000236a7000 JavaThread "C2 CompilerThread0" daemon [_thread_blocked, id=7820, stack(0x0000000051260000,0x0000000055260000)]
  0x00000000236a6800 JavaThread "Attach Listener" daemon [_thread_blocked, id=7812, stack(0x000000004d260000,0x0000000051260000)]
  0x0000000023624800 JavaThread "Finalizer" daemon [_thread_blocked, id=8828, stack(0x0000000049260000,0x000000004d260000)]
  0x000000002361a800 JavaThread "Reference Handler" daemon [_thread_blocked, id=7384, stack(0x0000000045260000,0x0000000049260000)]
  0x00000000233f1000 JavaThread "main" [_thread_in_native, id=3536, stack(0x0000000000030000,0x0000000004030000)]

Other Threads:
  0x0000000023465800 VMThread [stack: 0x0000000041260000,0x0000000045260000] [id=1952]
  0x00000000236d3800 WatcherThread [stack: 0x0000000071990000,0x0000000075990000] [id=7808]

VM state:not at safepoint (normal execution)

VM Mutex/Monitor currently owned by a thread: None

Heap
 PSYoungGen      total 97984K, used 48926K [0x00000000fa000000, 0x0000000100000000, 0x0000000100000000)
  eden space 97664K, 49% used [0x00000000fa000000,0x00000000fcf97bb8,0x00000000fff60000)
  from space 320K, 60% used [0x00000000fffb0000,0x00000000fffe0000,0x0000000100000000)
  to   space 320K, 0% used [0x00000000fff60000,0x00000000fff60000,0x00000000fffb0000)
 ParOldGen       total 81600K, used 67955K [0x00000000e8000000, 0x00000000ecfb0000, 0x00000000fa000000)
  object space 81600K, 83% used [0x00000000e8000000,0x00000000ec25cf08,0x00000000ecfb0000)
 PSPermGen       total 104192K, used 60414K [0x00000000e0000000, 0x00000000e65c0000, 0x00000000e8000000)
  object space 104192K, 57% used [0x00000000e0000000,0x00000000e3affb50,0x00000000e65c0000)

Card table byte_map: [0x000000000e0e0000,0x000000000e1f0000] byte_map_base: 0x000000000d9e0000

Polling page: 0x0000000008c00000

Code Cache  [0x0000000023c10000, 0x0000000024480000, 0x0000000026c10000)
 total_blobs=3190 nmethods=2522 adapters=615 free_code_cache=40670Kb largest_free_block=41487168

Compilation events (10 events):
Event: 224556.253 Thread 0x00000000236a8800 2728   !         org.netbeans.editor.DrawEngine::initLineNumbering (245 bytes)
Event: 224556.256 Thread 0x00000000236a8800 nmethod 2728 0x000000002447a2d0 code [0x000000002447a480, 0x000000002447a8f0]
Event: 224579.967 Thread 0x00000000236a7000 2729  s          org.netbeans.editor.DrawLayerList::currentLayers (14 bytes)
Event: 224579.969 Thread 0x00000000236a7000 nmethod 2729 0x000000002419dd90 code [0x000000002419dee0, 0x000000002419e2b8]
Event: 224884.886 Thread 0x00000000236a8800   72 % !         sun.java2d.Disposer::run @ 0 (74 bytes)
Event: 224884.900 Thread 0x00000000236a8800 nmethod 72% 0x000000002420add0 code [0x000000002420b080, 0x000000002420c490]
Event: 225154.501 Thread 0x00000000236a7000 2730             java.util.HashMap::newKeyIterator (10 bytes)
Event: 225154.504 Thread 0x00000000236a7000 nmethod 2730 0x0000000024476b10 code [0x0000000024476c60, 0x0000000024476f18]
Event: 225849.264 Thread 0x00000000236a8800 2731             com.mathworks.mwswing.IconSet::init (12 bytes)
Event: 225849.264 Thread 0x00000000236a8800 nmethod 2731 0x000000002420ab50 code [0x000000002420aca0, 0x000000002420ad28]

GC Heap History (10 events):
Event: 224884.883 GC heap before
{Heap before GC invocations=3051 (full 5):
 PSYoungGen      total 75392K, used 75360K [0x00000000fa000000, 0x00000000ffed0000, 0x0000000100000000)
  eden space 75136K, 100% used [0x00000000fa000000,0x00000000fe960000,0x00000000fe960000)
  from space 256K, 87% used [0x00000000ffe70000,0x00000000ffea8000,0x00000000ffeb0000)
  to   space 128K, 0% used [0x00000000ffeb0000,0x00000000ffeb0000,0x00000000ffed0000)
 ParOldGen       total 81600K, used 67867K [0x00000000e8000000, 0x00000000ecfb0000, 0x00000000fa000000)
  object space 81600K, 83% used [0x00000000e8000000,0x00000000ec246f08,0x00000000ecfb0000)
 PSPermGen       total 104192K, used 60400K [0x00000000e0000000, 0x00000000e65c0000, 0x00000000e8000000)
  object space 104192K, 57% used [0x00000000e0000000,0x00000000e3afc258,0x00000000e65c0000)
Event: 224884.886 GC heap after
Heap after GC invocations=3051 (full 5):
 PSYoungGen      total 87424K, used 128K [0x00000000fa000000, 0x00000000ffed0000, 0x0000000100000000)
  eden space 87296K, 0% used [0x00000000fa000000,0x00000000fa000000,0x00000000ff540000)
  from space 128K, 100% used [0x00000000ffeb0000,0x00000000ffed0000,0x00000000ffed0000)
  to   space 256K, 0% used [0x00000000ffe50000,0x00000000ffe50000,0x00000000ffe90000)
 ParOldGen       total 81600K, used 67899K [0x00000000e8000000, 0x00000000ecfb0000, 0x00000000fa000000)
  object space 81600K, 83% used [0x00000000e8000000,0x00000000ec24ef08,0x00000000ecfb0000)
 PSPermGen       total 104192K, used 60400K [0x00000000e0000000, 0x00000000e65c0000, 0x00000000e8000000)
  object space 104192K, 57% used [0x00000000e0000000,0x00000000e3afc258,0x00000000e65c0000)
}
Event: 225167.413 GC heap before
{Heap before GC invocations=3052 (full 5):
 PSYoungGen      total 87424K, used 87424K [0x00000000fa000000, 0x00000000ffed0000, 0x0000000100000000)
  eden space 87296K, 100% used [0x00000000fa000000,0x00000000ff540000,0x00000000ff540000)
  from space 128K, 100% used [0x00000000ffeb0000,0x00000000ffed0000,0x00000000ffed0000)
  to   space 256K, 0% used [0x00000000ffe50000,0x00000000ffe50000,0x00000000ffe90000)
 ParOldGen       total 81600K, used 67899K [0x00000000e8000000, 0x00000000ecfb0000, 0x00000000fa000000)
  object space 81600K, 83% used [0x00000000e8000000,0x00000000ec24ef08,0x00000000ecfb0000)
 PSPermGen       total 104192K, used 60402K [0x00000000e0000000, 0x00000000e65c0000, 0x00000000e8000000)
  object space 104192K, 57% used [0x00000000e0000000,0x00000000e3afc9a8,0x00000000e65c0000)
Event: 225167.416 GC heap after
Heap after GC invocations=3052 (full 5):
 PSYoungGen      total 96832K, used 192K [0x00000000fa000000, 0x0000000100000000, 0x0000000100000000)
  eden space 96576K, 0% used [0x00000000fa000000,0x00000000fa000000,0x00000000ffe50000)
  from space 256K, 75% used [0x00000000ffe50000,0x00000000ffe80000,0x00000000ffe90000)
  to   space 256K, 0% used [0x00000000fffc0000,0x00000000fffc0000,0x0000000100000000)
 ParOldGen       total 81600K, used 67931K [0x00000000e8000000, 0x00000000ecfb0000, 0x00000000fa000000)
  object space 81600K, 83% used [0x00000000e8000000,0x00000000ec256f08,0x00000000ecfb0000)
 PSPermGen       total 104192K, used 60402K [0x00000000e0000000, 0x00000000e65c0000, 0x00000000e8000000)
  object space 104192K, 57% used [0x00000000e0000000,0x00000000e3afc9a8,0x00000000e65c0000)
}
Event: 225523.844 GC heap before
{Heap before GC invocations=3053 (full 5):
 PSYoungGen      total 96832K, used 96768K [0x00000000fa000000, 0x0000000100000000, 0x0000000100000000)
  eden space 96576K, 100% used [0x00000000fa000000,0x00000000ffe50000,0x00000000ffe50000)
  from space 256K, 75% used [0x00000000ffe50000,0x00000000ffe80000,0x00000000ffe90000)
  to   space 256K, 0% used [0x00000000fffc0000,0x00000000fffc0000,0x0000000100000000)
 ParOldGen       total 81600K, used 67931K [0x00000000e8000000, 0x00000000ecfb0000, 0x00000000fa000000)
  object space 81600K, 83% used [0x00000000e8000000,0x00000000ec256f08,0x00000000ecfb0000)
 PSPermGen       total 104192K, used 60402K [0x00000000e0000000, 0x00000000e65c0000, 0x00000000e8000000)
  object space 104192K, 57% used [0x00000000e0000000,0x00000000e3afca88,0x00000000e65c0000)
Event: 225523.847 GC heap after
Heap after GC invocations=3053 (full 5):
 PSYoungGen      total 97920K, used 224K [0x00000000fa000000, 0x0000000100000000, 0x0000000100000000)
  eden space 97664K, 0% used [0x00000000fa000000,0x00000000fa000000,0x00000000fff60000)
  from space 256K, 87% used [0x00000000fffc0000,0x00000000ffff8000,0x0000000100000000)
  to   space 320K, 0% used [0x00000000fff60000,0x00000000fff60000,0x00000000fffb0000)
 ParOldGen       total 81600K, used 67947K [0x00000000e8000000, 0x00000000ecfb0000, 0x00000000fa000000)
  object space 81600K, 83% used [0x00000000e8000000,0x00000000ec25af08,0x00000000ecfb0000)
 PSPermGen       total 104192K, used 60402K [0x00000000e0000000, 0x00000000e65c0000, 0x00000000e8000000)
  object space 104192K, 57% used [0x00000000e0000000,0x00000000e3afca88,0x00000000e65c0000)
}
Event: 225889.823 GC heap before
{Heap before GC invocations=3054 (full 5):
 PSYoungGen      total 97920K, used 97888K [0x00000000fa000000, 0x0000000100000000, 0x0000000100000000)
  eden space 97664K, 100% used [0x00000000fa000000,0x00000000fff60000,0x00000000fff60000)
  from space 256K, 87% used [0x00000000fffc0000,0x00000000ffff8000,0x0000000100000000)
  to   space 320K, 0% used [0x00000000fff60000,0x00000000fff60000,0x00000000fffb0000)
 ParOldGen       total 81600K, used 67947K [0x00000000e8000000, 0x00000000ecfb0000, 0x00000000fa000000)
  object space 81600K, 83% used [0x00000000e8000000,0x00000000ec25af08,0x00000000ecfb0000)
 PSPermGen       total 104192K, used 60403K [0x00000000e0000000, 0x00000000e65c0000, 0x00000000e8000000)
  object space 104192K, 57% used [0x00000000e0000000,0x00000000e3afce60,0x00000000e65c0000)
Event: 225889.825 GC heap after
Heap after GC invocations=3054 (full 5):
 PSYoungGen      total 97984K, used 224K [0x00000000fa000000, 0x0000000100000000, 0x0000000100000000)
  eden space 97664K, 0% used [0x00000000fa000000,0x00000000fa000000,0x00000000fff60000)
  from space 320K, 70% used [0x00000000fff60000,0x00000000fff98000,0x00000000fffb0000)
  to   space 320K, 0% used [0x00000000fffb0000,0x00000000fffb0000,0x0000000100000000)
 ParOldGen       total 81600K, used 67947K [0x00000000e8000000, 0x00000000ecfb0000, 0x00000000fa000000)
  object space 81600K, 83% used [0x00000000e8000000,0x00000000ec25af08,0x00000000ecfb0000)
 PSPermGen       total 104192K, used 60403K [0x00000000e0000000, 0x00000000e65c0000, 0x00000000e8000000)
  object space 104192K, 57% used [0x00000000e0000000,0x00000000e3afce60,0x00000000e65c0000)
}
Event: 226291.798 GC heap before
{Heap before GC invocations=3055 (full 5):
 PSYoungGen      total 97984K, used 97888K [0x00000000fa000000, 0x0000000100000000, 0x0000000100000000)
  eden space 97664K, 100% used [0x00000000fa000000,0x00000000fff60000,0x00000000fff60000)
  from space 320K, 70% used [0x00000000fff60000,0x00000000fff98000,0x00000000fffb0000)
  to   space 320K, 0% used [0x00000000fffb0000,0x00000000fffb0000,0x0000000100000000)
 ParOldGen       total 81600K, used 67947K [0x00000000e8000000, 0x00000000ecfb0000, 0x00000000fa000000)
  object space 81600K, 83% used [0x00000000e8000000,0x00000000ec25af08,0x00000000ecfb0000)
 PSPermGen       total 104192K, used 60403K [0x00000000e0000000, 0x00000000e65c0000, 0x00000000e8000000)
  object space 104192K, 57% used [0x00000000e0000000,0x00000000e3afce60,0x00000000e65c0000)
Event: 226291.800 GC heap after
Heap after GC invocations=3055 (full 5):
 PSYoungGen      total 97984K, used 192K [0x00000000fa000000, 0x0000000100000000, 0x0000000100000000)
  eden space 97664K, 0% used [0x00000000fa000000,0x00000000fa000000,0x00000000fff60000)
  from space 320K, 60% used [0x00000000fffb0000,0x00000000fffe0000,0x0000000100000000)
  to   space 320K, 0% used [0x00000000fff60000,0x00000000fff60000,0x00000000fffb0000)
 ParOldGen       total 81600K, used 67955K [0x00000000e8000000, 0x00000000ecfb0000, 0x00000000fa000000)
  object space 81600K, 83% used [0x00000000e8000000,0x00000000ec25cf08,0x00000000ecfb0000)
 PSPermGen       total 104192K, used 60403K [0x00000000e0000000, 0x00000000e65c0000, 0x00000000e8000000)
  object space 104192K, 57% used [0x00000000e0000000,0x00000000e3afce60,0x00000000e65c0000)
}

Deoptimization events (10 events):
Event: 179687.817 Thread 0x000000005595b800 Uncommon trap -34 fr.pc 0x000000002431f114
Event: 179693.673 Thread 0x000000005595b800 Uncommon trap -34 fr.pc 0x000000002431f114
Event: 179745.634 Thread 0x000000005595b800 Uncommon trap -83 fr.pc 0x0000000024047520
Event: 179745.636 Thread 0x000000005595b800 Uncommon trap -58 fr.pc 0x00000000243e14d4
Event: 179745.636 Thread 0x000000005595b800 Uncommon trap -58 fr.pc 0x00000000243e14d4
Event: 179745.636 Thread 0x000000005595b800 Uncommon trap -12 fr.pc 0x0000000023e80f28
Event: 179745.636 Thread 0x000000005595b800 Uncommon trap -12 fr.pc 0x000000002412af10
Event: 179787.404 Thread 0x000000005595b800 Uncommon trap -12 fr.pc 0x0000000024462258
Event: 226474.930 Thread 0x000000005595b800 Uncommon trap -12 fr.pc 0x0000000024232e34
Event: 226474.935 Thread 0x000000005595b800 Uncommon trap -12 fr.pc 0x0000000024333c24

Internal exceptions (10 events):
Event: 179667.324 Thread 0x00000000233f1000 Threw 0x00000000fb38c298 at C:\jdk7u1_64p\jdk7u11\hotspot\src\share\vm\prims\jvm.cpp:1166
Event: 179667.324 Thread 0x00000000233f1000 Threw 0x00000000fb38c6b8 at C:\jdk7u1_64p\jdk7u11\hotspot\src\share\vm\prims\jvm.cpp:1166
Event: 179667.324 Thread 0x00000000233f1000 Threw 0x00000000fb398528 at C:\jdk7u1_64p\jdk7u11\hotspot\src\share\vm\prims\jvm.cpp:1166
Event: 179675.225 Thread 0x0000000075fb1800 Threw 0x00000000fad91a70 at C:\jdk7u1_64p\jdk7u11\hotspot\src\share\vm\prims\jni.cpp:716
Event: 179713.082 Thread 0x0000000023624800 Threw 0x00000000fa052e18 at C:\jdk7u1_64p\jdk7u11\hotspot\src\share\vm\interpreter\interpreterRuntime.cpp:362
Event: 179713.082 Thread 0x0000000023624800 Threw 0x00000000fa052ff0 at C:\jdk7u1_64p\jdk7u11\hotspot\src\share\vm\interpreter\interpreterRuntime.cpp:362
Event: 179745.636 Thread 0x000000005595b800 Implicit null exception at 0x0000000023e8090b to 0x0000000023e80f1d
Event: 179745.636 Thread 0x000000005595b800 Implicit null exception at 0x0000000024126eef to 0x000000002412af05
Event: 179787.404 Thread 0x000000005595b800 Implicit null exception at 0x00000000244616ad to 0x0000000024462235
Event: 226474.930 Thread 0x000000005595b800 Implicit null exception at 0x000000002423272c to 0x0000000024232e05

Events (10 events):
Event: 226474.870 loading class 0x0000000023631ba0
Event: 226474.927 loading class 0x0000000023631ba0 done
Event: 226474.927 loading class 0x0000000023631b60
Event: 226474.927 loading class 0x0000000023631b60 done
Event: 226474.927 Executing VM operation: Deoptimize
Event: 226474.928 Executing VM operation: Deoptimize done
Event: 226474.930 Thread 0x000000005595b800 DEOPT PACKING pc=0x0000000024232e34 sp=0x00000000a7ffe770
Event: 226474.930 Thread 0x000000005595b800 DEOPT UNPACKING pc=0x0000000023c49164 sp=0x00000000a7ffe670 mode 2
Event: 226474.935 Thread 0x000000005595b800 DEOPT PACKING pc=0x0000000024333c24 sp=0x00000000a7ffe520
Event: 226474.935 Thread 0x000000005595b800 DEOPT UNPACKING pc=0x0000000023c49164 sp=0x00000000a7ffe338 mode 2


Dynamic libraries:
0x0000000140000000 - 0x0000000140029000 	C:\Program Files\MATLAB\R2013b\bin\win64\MATLAB.exe
0x0000000077490000 - 0x0000000077639000 	C:\Windows\SYSTEM32\ntdll.dll
0x0000000077370000 - 0x000000007748f000 	C:\Windows\system32\kernel32.dll
0x000007fefd270000 - 0x000007fefd2db000 	C:\Windows\system32\KERNELBASE.dll
0x000000006f060000 - 0x000000006f3dc000 	C:\Program Files\MATLAB\R2013b\bin\win64\libmwservices.dll
0x000000006fe80000 - 0x000000006ff56000 	C:\Program Files\MATLAB\R2013b\bin\win64\libmwi18n.dll
0x000000006fe70000 - 0x000000006fe7d000 	C:\Program Files\MATLAB\R2013b\bin\win64\libmwresource_core.dll
0x00000000718f0000 - 0x0000000071988000 	C:\Program Files\MATLAB\R2013b\bin\win64\MSVCP100.dll
0x0000000071800000 - 0x00000000718d2000 	C:\Program Files\MATLAB\R2013b\bin\win64\MSVCR100.dll
0x0000000063090000 - 0x000000006309e000 	C:\Program Files\MATLAB\R2013b\bin\win64\boost_date_time-vc100-mt-1_49.dll
0x000000005d2a0000 - 0x000000005d2cc000 	C:\Program Files\MATLAB\R2013b\bin\win64\boost_filesystem-vc100-mt-1_49.dll
0x0000000062e10000 - 0x0000000062e19000 	C:\Program Files\MATLAB\R2013b\bin\win64\boost_system-vc100-mt-1_49.dll
0x000007feff6c0000 - 0x000007feff79b000 	C:\Windows\system32\ADVAPI32.dll
0x000007fefefb0000 - 0x000007feff04f000 	C:\Windows\system32\msvcrt.dll
0x000007feff170000 - 0x000007feff18f000 	C:\Windows\SYSTEM32\sechost.dll
0x000007fefe7f0000 - 0x000007fefe91d000 	C:\Windows\system32\RPCRT4.dll
0x000000005d270000 - 0x000000005d295000 	C:\Program Files\MATLAB\R2013b\bin\win64\LIBEXPAT.dll
0x000000005b530000 - 0x000000005b6ba000 	C:\Program Files\MATLAB\R2013b\bin\win64\icuin49.dll
0x000000005b2e0000 - 0x000000005b41e000 	C:\Program Files\MATLAB\R2013b\bin\win64\icuuc49.dll
0x000000005a1b0000 - 0x000000005b2d2000 	C:\Program Files\MATLAB\R2013b\bin\win64\icudt49.dll
0x00000000620a0000 - 0x00000000620b0000 	C:\Program Files\MATLAB\R2013b\bin\win64\icuio49.dll
0x0000000004210000 - 0x00000000042cb000 	C:\Program Files\MATLAB\R2013b\bin\win64\libut.dll
0x000000006f960000 - 0x000000006fb07000 	C:\Program Files\MATLAB\R2013b\bin\win64\libmwfl.dll
0x00000000042d0000 - 0x00000000046df000 	C:\Program Files\MATLAB\R2013b\bin\win64\libmwMATLAB_res.dll
0x000000005b450000 - 0x000000005b52f000 	C:\Program Files\MATLAB\R2013b\bin\win64\boost_regex-vc100-mt-1_49.dll
0x0000000077130000 - 0x000000007722a000 	C:\Windows\system32\USER32.dll
0x000007fefeb90000 - 0x000007fefebf7000 	C:\Windows\system32\GDI32.dll
0x000007feff3c0000 - 0x000007feff3ce000 	C:\Windows\system32\LPK.dll
0x000007fefe9b0000 - 0x000007fefea79000 	C:\Windows\system32\USP10.dll
0x000000005d200000 - 0x000000005d211000 	C:\Program Files\MATLAB\R2013b\bin\win64\boost_signals-vc100-mt-1_49.dll
0x000000005d1e0000 - 0x000000005d1f1000 	C:\Program Files\MATLAB\R2013b\bin\win64\boost_thread-vc100-mt-1_49.dll
0x000000005a120000 - 0x000000005a1ac000 	C:\Program Files\MATLAB\R2013b\bin\win64\boost_log-vc100-mt-1_49.dll
0x0000000077660000 - 0x0000000077667000 	C:\Windows\system32\PSAPI.DLL
0x000007feff370000 - 0x000007feff3bd000 	C:\Windows\system32\WS2_32.dll
0x000007fefe5f0000 - 0x000007fefe5f8000 	C:\Windows\system32\NSI.dll
0x000007fee17a0000 - 0x000007fee17d3000 	C:\Program Files\MATLAB\R2013b\bin\win64\tbb.dll
0x000007feff050000 - 0x000007feff069000 	C:\Windows\system32\imagehlp.dll
0x000007fefd0e0000 - 0x000007fefd10c000 	C:\Windows\system32\POWRPROF.dll
0x000007feff190000 - 0x000007feff367000 	C:\Windows\system32\SETUPAPI.dll
0x000007fefd4a0000 - 0x000007fefd4d6000 	C:\Windows\system32\CFGMGR32.dll
0x000007feff5e0000 - 0x000007feff6b7000 	C:\Windows\system32\OLEAUT32.dll
0x000007feff3d0000 - 0x000007feff5d3000 	C:\Windows\system32\ole32.dll
0x000007fefd0c0000 - 0x000007fefd0da000 	C:\Windows\system32\DEVOBJ.dll
0x00000000046e0000 - 0x00000000047db000 	C:\Program Files\MATLAB\R2013b\bin\win64\libmx.dll
0x000007fee5580000 - 0x000007fee55a8000 	C:\Program Files\MATLAB\R2013b\bin\win64\tbbmalloc.dll
0x000000005d1c0000 - 0x000000005d1d7000 	C:\Program Files\MATLAB\R2013b\bin\win64\zlib1.dll
0x000000006ef00000 - 0x000000006ef4e000 	C:\Program Files\MATLAB\R2013b\bin\win64\libmwregexp.dll
0x000000006eeb0000 - 0x000000006eef7000 	C:\Program Files\MATLAB\R2013b\bin\win64\mpath.dll
0x00000000047e0000 - 0x0000000004e08000 	C:\Program Files\MATLAB\R2013b\bin\win64\mlutil.dll
0x000000006e870000 - 0x000000006e8e7000 	C:\Program Files\MATLAB\R2013b\bin\win64\xmlcore.dll
0x0000000059ed0000 - 0x000000005a111000 	C:\Program Files\MATLAB\R2013b\bin\win64\xerces-c_2_7.dll
0x000000006e5f0000 - 0x000000006e613000 	C:\Program Files\MATLAB\R2013b\bin\win64\libmwMATLAB_settings_res.dll
0x000000005d1b0000 - 0x000000005d1c0000 	C:\Program Files\MATLAB\R2013b\bin\win64\boost_iostreams-vc100-mt-1_49.dll
0x000000005d160000 - 0x000000005d1a6000 	C:\Program Files\MATLAB\R2013b\bin\win64\boost_serialization-vc100-mt-1_49.dll
0x000007fefd580000 - 0x000007fefe308000 	C:\Windows\system32\SHELL32.dll
0x000007fefec00000 - 0x000007fefec71000 	C:\Windows\system32\SHLWAPI.dll
0x000000006e580000 - 0x000000006e586000 	C:\Program Files\MATLAB\R2013b\bin\win64\libmwnativedisplay.dll
0x00000000685f0000 - 0x000000006863d000 	C:\Program Files\MATLAB\R2013b\bin\win64\opccore.dll
0x00000000684f0000 - 0x00000000685c6000 	C:\Program Files\MATLAB\R2013b\bin\win64\opcmodel.dll
0x00000000684c0000 - 0x00000000684ed000 	C:\Program Files\MATLAB\R2013b\bin\win64\opczippackage.dll
0x000000005ba00000 - 0x000000005ba0e000 	C:\Program Files\MATLAB\R2013b\bin\win64\libminizip.dll
0x0000000068340000 - 0x00000000683a6000 	C:\Program Files\MATLAB\R2013b\bin\win64\opcmwservices.dll
0x000007fefba10000 - 0x000007fefbab0000 	C:\Windows\WinSxS\amd64_microsoft.windows.common-controls_6595b64144ccf1df_5.82.7601.18201_none_a4d3b9377117c3df\COMCTL32.dll
0x000007fefd4e0000 - 0x000007fefd577000 	C:\Windows\system32\COMDLG32.dll
0x000007fefc0f0000 - 0x000007fefc106000 	C:\Windows\system32\NETAPI32.dll
0x000007fefc0e0000 - 0x000007fefc0ec000 	C:\Windows\system32\netutils.dll
0x000007fefcae0000 - 0x000007fefcb03000 	C:\Windows\system32\srvcli.dll
0x000007fefc0c0000 - 0x000007fefc0d5000 	C:\Windows\system32\wkscli.dll
0x000000006e4d0000 - 0x000000006e57d000 	C:\Program Files\MATLAB\R2013b\bin\win64\mcr.dll
0x000000006e110000 - 0x000000006e4d0000 	C:\Program Files\MATLAB\R2013b\bin\win64\iqm.dll
0x0000000180000000 - 0x00000001800c2000 	C:\Program Files\MATLAB\R2013b\bin\win64\m_dispatcher.dll
0x0000000004e10000 - 0x000000000560b000 	C:\Program Files\MATLAB\R2013b\bin\win64\m_interpreter.dll
0x000000006d760000 - 0x000000006d784000 	C:\Program Files\MATLAB\R2013b\bin\win64\libmex.dll
0x000000006d6e0000 - 0x000000006d75b000 	C:\Program Files\MATLAB\R2013b\bin\win64\profiler.dll
0x000000006d450000 - 0x000000006d5c8000 	C:\Program Files\MATLAB\R2013b\bin\win64\libmwmathutil.dll
0x000000006d420000 - 0x000000006d447000 	C:\Program Files\MATLAB\R2013b\bin\win64\libmwmathrng.dll
0x000000006d410000 - 0x000000006d420000 	C:\Program Files\MATLAB\R2013b\bin\win64\libmwmfl_rng.dll
0x0000000005610000 - 0x0000000005728000 	C:\Program Files\MATLAB\R2013b\bin\win64\libmwmathcore.dll
0x000000006d2b0000 - 0x000000006d313000 	C:\Program Files\MATLAB\R2013b\bin\win64\libmwspmatrix.dll
0x0000000005730000 - 0x0000000005992000 	C:\Program Files\MATLAB\R2013b\bin\win64\mcos.dll
0x000000006cfc0000 - 0x000000006d01c000 	C:\Program Files\MATLAB\R2013b\bin\win64\libmwcholmod.dll
0x000000006cfb0000 - 0x000000006cfbc000 	C:\Program Files\MATLAB\R2013b\bin\win64\libmwamd.dll
0x000000006cfa0000 - 0x000000006cfab000 	C:\Program Files\MATLAB\R2013b\bin\win64\libmwcolamd.dll
0x000000006cf80000 - 0x000000006cf93000 	C:\Program Files\MATLAB\R2013b\bin\win64\libmwblas.dll
0x000000006cf60000 - 0x000000006cf75000 	C:\Program Files\MATLAB\R2013b\bin\win64\libmwbinder.dll
0x000000006cf50000 - 0x000000006cf5b000 	C:\Program Files\MATLAB\R2013b\bin\win64\libmwompwrapper.dll
0x000000006ced0000 - 0x000000006cf4f000 	C:\Program Files\MATLAB\R2013b\bin\win64\libmwlapack.dll
0x000000006ceb0000 - 0x000000006ced0000 	C:\Program Files\MATLAB\R2013b\bin\win64\m_pcodeio.dll
0x000000006ce50000 - 0x000000006ceac000 	C:\Program Files\MATLAB\R2013b\bin\win64\m_ir.dll
0x00000000059a0000 - 0x0000000006055000 	C:\Program Files\MATLAB\R2013b\bin\win64\m_parser.dll
0x000000006c780000 - 0x000000006c797000 	C:\Program Files\MATLAB\R2013b\bin\win64\ir_xfmr.dll
0x000000006c770000 - 0x000000006c780000 	C:\Program Files\MATLAB\R2013b\bin\win64\mtok.dll
0x000000006c740000 - 0x000000006c768000 	C:\Program Files\MATLAB\R2013b\bin\win64\m_pcodegen.dll
0x000007fef4aa0000 - 0x000007fef4bc5000 	C:\Windows\system32\dbghelp.dll
0x000000006c710000 - 0x000000006c73f000 	C:\Program Files\MATLAB\R2013b\bin\win64\libmwbridge.dll
0x000000006c650000 - 0x000000006c706000 	C:\Program Files\MATLAB\R2013b\bin\win64\udd.dll
0x0000000006060000 - 0x00000000061b1000 	C:\Program Files\MATLAB\R2013b\bin\win64\libmwgui.dll
0x000000006c4d0000 - 0x000000006c4f8000 	C:\Program Files\MATLAB\R2013b\bin\win64\graphics_util.dll
0x0000000059e10000 - 0x0000000059ec8000 	C:\Program Files\MATLAB\R2013b\bin\win64\libtex_base.dll
0x000000006bac0000 - 0x000000006c426000 	C:\Program Files\MATLAB\R2013b\bin\win64\hg.dll
0x000000006ba60000 - 0x000000006babd000 	C:\Program Files\MATLAB\R2013b\bin\win64\libmat.dll
0x000000006b850000 - 0x000000006ba58000 	C:\Program Files\MATLAB\R2013b\bin\win64\hdf5dll.dll
0x000000006b780000 - 0x000000006b848000 	C:\Program Files\MATLAB\R2013b\bin\win64\jmi.dll
0x000000006b770000 - 0x000000006b77e000 	C:\Program Files\MATLAB\R2013b\bin\win64\nativejava_services.dll
0x00000000061d0000 - 0x0000000006212000 	C:\Program Files\MATLAB\R2013b\bin\win64\libmwhardcopy.dll
0x000000006b6d0000 - 0x000000006b72e000 	C:\Program Files\MATLAB\R2013b\bin\win64\libuij.dll
0x000000006b490000 - 0x000000006b695000 	C:\Program Files\MATLAB\R2013b\bin\win64\hgdatatypes.dll
0x0000000006220000 - 0x0000000006332000 	C:\Program Files\MATLAB\R2013b\bin\win64\hgutils.dll
0x000000006b2f0000 - 0x000000006b39e000 	C:\Program Files\MATLAB\R2013b\bin\win64\udd_mi.dll
0x000000006b2b0000 - 0x000000006b2e6000 	C:\Program Files\MATLAB\R2013b\bin\win64\libmwgbtutils.dll
0x000000006b290000 - 0x000000006b2a3000 	C:\Program Files\MATLAB\R2013b\bin\win64\libmwgbt.dll
0x000000006afc0000 - 0x000000006b28f000 	C:\Program Files\MATLAB\R2013b\bin\win64\uiw.dll
0x000000006afb0000 - 0x000000006afb9000 	C:\Program Files\MATLAB\R2013b\bin\win64\uinone.dll
0x000000006af80000 - 0x000000006afac000 	C:\Program Files\MATLAB\R2013b\bin\win64\libmwnativedialogs.dll
0x000000006af70000 - 0x000000006af7c000 	C:\Program Files\MATLAB\R2013b\bin\win64\libmwplatform_res.dll
0x000007fef8190000 - 0x000007fef81a8000 	C:\Windows\system32\MPR.dll
0x00000000598b0000 - 0x0000000059e0d000 	C:\Program Files\MATLAB\R2013b\bin\win64\mfc100.dll
0x000007fefba00000 - 0x000007fefba07000 	C:\Windows\system32\MSIMG32.dll
0x000007fefa510000 - 0x000007fefa581000 	C:\Windows\system32\WINSPOOL.DRV
0x000000006af50000 - 0x000000006af6d000 	C:\Program Files\MATLAB\R2013b\bin\win64\mwoles05.DLL
0x000000006aee0000 - 0x000000006af4c000 	C:\Program Files\MATLAB\R2013b\bin\win64\comcli.dll
0x000000005d240000 - 0x000000005d26b000 	C:\Program Files\MATLAB\R2013b\bin\win64\ATL100.DLL
0x000000006aed0000 - 0x000000006aedc000 	C:\Program Files\MATLAB\R2013b\bin\win64\mlautoregister.dll
0x0000000006350000 - 0x00000000064bf000 	C:\Program Files\MATLAB\R2013b\bin\win64\mvm.dll
0x000007fefe920000 - 0x000007fefe94e000 	C:\Windows\system32\IMM32.DLL
0x000007fefea80000 - 0x000007fefeb89000 	C:\Windows\system32\MSCTF.dll
0x000007fefcfd0000 - 0x000007fefd010000 	C:\Windows\system32\nvinitx.dll
0x000000000f000000 - 0x000000000f006000 	C:\Program Files\NVIDIA Corporation\CoProcManager\_etoured.dll

VM Arguments:
jvm_args: -XX:PermSize=32m -Xms64m -XX:NewRatio=3 -XX:MaxPermSize=128m -Xmx384m -XX:MaxDirectMemorySize=2147400000 -Dsun.java2d.noddraw=true -Dsun.awt.nopixfmt=true -Xshare:off -Xrs -XX:-UseSplitVerifier -Djava.library.path=C:\Program Files\MATLAB\R2013b\bin\win64;C:\Program Files\MATLAB\R2013b\sys\jxbrowser\win64\lib vfprintf abort -Duser.language=en -Duser.country=US -XX:ParallelGCThreads=6 
java_command: <unknown>
Launcher Type: generic

Environment Variables:
PATH=C:\Program Files (x86)\Intel\iCLS Client\;C:\Program Files\Intel\iCLS Client\;C:\Windows\system32;C:\Windows;C:\Windows\System32\Wbem;C:\Windows\System32\WindowsPowerShell\v1.0\;C:\Program Files\Intel\Intel(R) Management Engine Components\DAL;C:\Program Files\Intel\Intel(R) Management Engine Components\IPT;C:\Program Files (x86)\Intel\Intel(R) Management Engine Components\DAL;C:\Program Files (x86)\Intel\Intel(R) Management Engine Components\IPT;C:\Program Files\Intel\WiFi\bin\;C:\Program Files\Common Files\Intel\WirelessCommon\;C:\Program Files\Lenovo\Fingerprint Manager Pro\;C:\Program Files (x86)\Common Files\Lenovo;C:\SWTOOLS\ReadyApps;C:\Program Files (x86)\Intel\OpenCL SDK\3.0\bin\x86;C:\Program Files (x86)\Intel\OpenCL SDK\3.0\bin\x64;C:\Program Files\Microsoft SQL Server\110\Tools\Binn\;C:\Program Files\MATLAB\R2013b\runtime\win64;C:\Program Files\MATLAB\R2013b\bin;C:\Program Files\Microsoft Windows Performance Toolkit\;C:\Program Files\MiKTeX 2.9\miktex\bin\x64\;C:\Program Files (x86)\Lenovo\Access Connections\
USERNAME=he
OS=Windows_NT
PROCESSOR_IDENTIFIER=Intel64 Family 6 Model 60 Stepping 3, GenuineIntel



---------------  S Y S T E M  ---------------

OS: Windows 7 , 64 bit Build 7601 Service Pack 1

CPU:total 8 (4 cores per cpu, 2 threads per core) family 6 model 60 stepping 3, cmov, cx8, fxsr, mmx, sse, sse2, sse3, ssse3, sse4.1, sse4.2, popcnt, avx, avx2, ht, tsc, tscinvbit

Memory: 4k page, physical 8069644k(3417504k free), swap 16137424k(8550172k free)

vm_info: Java HotSpot(TM) 64-Bit Server VM (23.6-b04) for windows-amd64 JRE (1.7.0_11-b21), built on Jan 12 2013 02:38:42 by "java_re" with unknown MS VC++:1600

time: Mon Mar 31 14:45:03 2014
elapsed time: 226475 seconds

